#Pass ID: 20260122_111400_NOAA 20
#Satellite: NOAA 20
#Configuration: NOAA 20
#Start time: 2026-01-22 11:13:56

#Time	Level	Level2	SNR	BER	Gain	Gain2
11:13:56.54	-37.6	-45.0	3.3	15361167	92	2443
11:13:56.65	-37.1	-59.3	3.3	0	64	13404
11:13:56.76	-37.3	-53.4	3.6	0	77	6637
11:13:56.87	-38.0	-47.6	3.6	15117073	91	3154
11:13:56.98	-37.6	-46.3	3.6	15117073	92	2819
11:13:57.09	-37.7	-45.8	3.5	15117073	92	2656
11:13:57.20	-37.6	-45.5	3.4	15117073	92	2581
11:13:57.32	-37.6	-45.3	3.4	15167396	92	2516
11:13:57.43	-37.7	-45.2	3.3	15167396	92	2482
11:13:57.54	-37.6	-46.5	3.3	15167396	92	2893
11:13:57.65	-37.6	-46.6	3.6	15167396	92	2912
11:13:57.76	-37.6	-46.4	3.6	15186126	92	2861
11:13:57.87	-37.7	-46.1	3.5	15186126	92	2763
11:13:57.99	-37.6	-45.8	3.5	15186126	92	2655
11:13:58.10	-37.6	-45.4	3.4	15186126	92	2553
11:13:58.21	-37.6	-45.2	3.4	15192634	92	2492
11:13:58.32	-37.6	-45.1	3.3	15192634	92	2462
11:13:58.43	-37.6	-46.6	3.6	15192634	92	2915
11:13:58.54	-37.6	-46.6	3.6	15192634	92	2922
11:13:58.66	-37.9	-46.3	3.6	15174705	93	2746
11:13:58.77	-37.9	-45.9	3.5	15174705	93	2624
11:13:58.88	-37.9	-45.6	3.4	15174705	93	2522
11:13:58.99	-37.9	-45.5	3.4	15174705	93	2490
11:13:59.10	-37.9	-45.2	3.3	15161804	93	2416
11:13:59.21	-37.6	-46.0	2.8	15161804	93	2739
11:13:59.33	-37.6	-46.0	3.6	15161804	93	2718
11:13:59.44	-37.6	-45.9	3.6	15161804	93	2709
11:13:59.55	-37.9	-45.6	3.6	15139190	94	2538
11:13:59.66	-37.8	-45.3	3.5	15139190	94	2463
11:13:59.77	-37.9	-45.0	3.4	15139190	94	2377
11:13:59.88	-37.8	-44.7	3.4	15139190	94	2309
11:14:00.00	-37.8	-44.5	3.3	15168197	94	2242
11:14:00.11	-37.6	-46.0	3.3	15168197	93	2721
11:14:00.22	-37.6	-46.0	3.6	15168197	93	2730
11:14:00.33	-37.6	-46.0	3.6	15168197	93	2732
11:14:00.44	-37.6	-45.6	3.5	15156120	93	2603
11:14:00.55	-37.6	-45.3	3.5	15156120	93	2521
11:14:00.67	-37.6	-45.0	3.4	15156120	93	2443
11:14:00.78	-37.6	-44.9	3.4	15195945	93	2396
11:14:00.89	-37.6	-44.8	3.4	15195945	93	2372
11:14:01.00	-37.6	-46.0	3.2	15195945	93	2738
11:14:01.11	-37.6	-46.0	3.6	15195945	93	2742
11:14:01.22	-37.6	-46.0	3.6	15197242	93	2744
11:14:01.34	-37.8	-45.7	3.6	15197242	94	2568
11:14:01.45	-37.9	-45.3	3.5	15197242	94	2437
11:14:01.56	-37.9	-45.0	3.4	15197242	94	2369
11:14:01.67	-37.9	-44.8	3.4	15137664	94	2304
11:14:01.78	-37.9	-44.6	3.3	15137664	94	2267
11:14:01.89	-37.7	-46.2	2.9	15137664	93	2766
11:14:02.00	-37.8	-46.3	3.6	15137664	93	2790
11:14:02.12	-37.8	-46.3	3.6	15188613	93	2794
11:14:02.23	-37.8	-46.1	3.6	15188613	93	2713
11:14:02.34	-37.7	-45.7	3.5	15188613	93	2602
11:14:02.45	-37.8	-45.4	3.4	15188613	93	2505
11:14:02.56	-37.8	-45.2	3.4	15167854	93	2453
11:14:02.67	-37.8	-45.0	3.3	15167854	93	2393
11:14:02.79	-37.7	-44.8	3.3	15167854	93	2350
11:14:02.90	-37.8	-46.3	3.6	15167854	93	2778
11:14:03.01	-37.7	-46.3	3.6	15225776	93	2774
11:14:03.12	-38.0	-46.1	3.6	15225776	94	2639
11:14:03.23	-38.0	-45.6	3.5	15225776	94	2509
11:14:03.34	-38.0	-45.2	3.4	15225776	94	2398
11:14:03.46	-38.0	-45.0	3.4	15126548	94	2343
11:14:03.57	-38.0	-44.9	3.3	15126548	94	2313
11:14:03.68	-38.0	-44.9	3.3	15126548	94	2300
11:14:03.79	-37.8	-46.3	3.6	15210510	93	2769
11:14:03.90	-37.8	-46.2	3.6	15210510	93	2747
11:14:04.02	-38.0	-46.0	3.7	15210510	94	2618
11:14:04.13	-38.0	-45.7	3.5	15210510	94	2520
11:14:04.24	-38.1	-45.6	3.5	15210510	94	2473
11:14:04.35	-38.0	-45.1	3.4	15105728	94	2344
11:14:04.46	-38.0	-45.0	3.4	15105728	94	2320
11:14:04.57	-38.1	-44.9	3.3	15105728	94	2289
11:14:04.68	-37.8	-46.4	3.6	15105728	93	2789
11:14:04.80	-37.8	-46.2	3.6	15228057	93	2756
11:14:04.91	-37.8	-46.2	3.6	15228057	93	2733
11:14:05.02	-37.8	-45.8	3.5	15228057	93	2623
11:14:05.13	-37.8	-45.5	3.4	15228057	93	2533
11:14:05.24	-37.8	-45.3	3.4	15117919	93	2468
11:14:05.36	-37.8	-45.1	3.3	15117919	93	2405
11:14:05.47	-37.8	-44.9	3.3	15117919	93	2365
11:14:05.58	-37.8	-46.3	3.6	15267051	93	2790
11:14:05.69	-37.8	-46.3	3.6	15267051	93	2775
11:14:05.80	-37.8	-46.2	3.6	15267051	93	2724
11:14:05.91	-37.9	-46.0	3.5	15267051	93	2622
11:14:06.03	-37.9	-45.7	3.4	15123428	93	2557
11:14:06.14	-37.9	-45.4	3.4	15123428	93	2476
11:14:06.25	-37.9	-45.3	3.3	15123428	93	2428
11:14:06.36	-37.9	-46.8	3.3	15123428	93	2881
11:14:06.47	-37.9	-46.6	3.6	15245330	93	2859
11:14:06.58	-37.8	-46.4	3.6	15245330	93	2782
11:14:06.69	-37.9	-46.1	3.5	15245330	93	2687
11:14:06.81	-37.9	-45.8	3.5	15245330	93	2592
11:14:06.92	-37.8	-45.3	3.4	15139495	93	2460
11:14:07.03	-37.8	-45.2	3.4	15139495	93	2439
11:14:07.14	-37.9	-45.2	3.3	15139495	93	2425
11:14:07.25	-37.8	-46.3	3.6	15139495	93	2775
11:14:07.37	-37.8	-46.3	3.6	15235748	93	2769
11:14:07.48	-37.8	-46.3	3.6	15235748	93	2772
11:14:07.59	-37.8	-45.9	3.5	15235748	93	2640
11:14:07.70	-37.7	-45.4	3.4	15235748	93	2515
11:14:07.81	-37.7	-45.2	3.4	15146308	93	2464
11:14:07.92	-37.7	-45.0	3.4	15146308	93	2405
11:14:08.04	-37.7	-44.8	3.3	15146308	93	2364
11:14:08.15	-37.8	-46.4	3.6	15146308	93	2812
11:14:08.26	-37.9	-46.5	3.6	15227439	93	2796
11:14:08.37	-37.9	-46.3	3.6	15227439	93	2722
11:14:08.48	-37.9	-45.8	3.5	15227439	93	2600
11:14:08.60	-37.9	-45.8	3.4	15227439	93	2563
11:14:08.71	-37.9	-45.5	3.4	15150939	93	2489
11:14:08.82	-37.8	-45.1	3.3	15150939	93	2407
11:14:08.93	-37.9	-46.4	3.4	15150939	93	2777
11:14:09.04	-37.9	-46.7	3.6	15222145	93	2856
11:14:09.15	-38.1	-47.0	3.1	15222145	93	2897
11:14:09.26	-38.1	-46.5	3.5	15222145	93	2722
11:14:09.38	-38.1	-46.2	3.5	15222145	93	2655
11:14:09.49	-38.1	-46.1	3.4	15222145	93	2612
11:14:09.60	-38.1	-45.6	3.4	15133110	93	2478
11:14:09.71	-38.1	-45.5	3.4	15133110	93	2447
11:14:09.82	-37.8	-46.3	2.8	15133110	93	2771
11:14:09.94	-37.7	-46.1	3.6	15133110	93	2725
11:14:10.05	-37.7	-46.2	3.6	15193527	93	2764
11:14:10.16	-37.7	-45.7	3.6	15193527	93	2633
11:14:10.27	-37.6	-45.3	3.5	15193527	93	2523
11:14:10.38	-37.8	-45.4	3.4	15193527	93	2500
11:14:10.49	-37.9	-45.4	3.4	15149871	93	2475
11:14:10.61	-37.9	-45.1	3.3	15149871	93	2395
11:14:10.72	-37.8	-46.3	3.4	15149871	93	2765
11:14:10.83	-37.9	-46.6	3.6	15234718	93	2844
11:14:10.94	-37.9	-46.6	3.6	15234718	93	2838
11:14:11.05	-37.8	-45.9	3.5	15234718	93	2638
11:14:11.16	-37.8	-45.6	3.5	15234718	93	2549
11:14:11.28	-37.8	-45.4	3.4	15148445	93	2482
11:14:11.39	-37.8	-45.1	3.4	15148445	93	2414
11:14:11.50	-37.8	-44.9	3.3	15148445	93	2372
11:14:11.61	-37.8	-46.3	3.6	15148445	93	2762
11:14:11.72	-37.8	-46.3	3.6	15226425	93	2788
11:14:11.83	-37.8	-46.1	3.6	15226425	93	2719
11:14:11.95	-37.7	-45.5	3.5	15226425	93	2558
11:14:12.06	-37.7	-45.3	3.4	15226425	93	2505
11:14:12.17	-37.7	-44.9	3.4	15156608	93	2389
11:14:12.28	-37.7	-44.8	3.4	15156608	93	2366
11:14:12.39	-37.6	-46.0	3.3	15156608	93	2726
11:14:12.50	-37.6	-46.0	3.6	15156608	93	2731
11:14:12.62	-37.6	-46.0	3.6	15229019	93	2730
11:14:12.73	-37.8	-45.7	3.6	15229019	94	2573
11:14:12.84	-37.8	-45.3	3.5	15229019	94	2453
11:14:12.95	-37.8	-45.0	3.4	15229019	94	2367
11:14:13.06	-37.8	-44.8	3.4	15123512	94	2317
11:14:13.17	-37.8	-44.5	3.4	15123512	94	2240
11:14:13.29	-37.9	-44.6	3.3	15123512	94	2261
11:14:13.40	-37.9	-46.5	3.6	15123512	93	2809
11:14:13.51	-37.9	-46.6	3.6	15202209	93	2830
11:14:13.62	-37.8	-46.2	3.6	15202209	93	2739
11:14:13.73	-37.9	-45.9	3.5	15202209	93	2617
11:14:13.84	-37.9	-45.6	3.4	15146926	93	2518
11:14:13.96	-38.0	-45.6	3.4	15146926	93	2510
11:14:14.07	-38.0	-45.2	3.4	15146926	93	2408
11:14:14.18	-37.9	-45.1	3.3	15146926	93	2388
11:14:14.29	-37.9	-46.4	3.6	15146926	93	2765
11:14:14.40	-38.0	-46.7	3.6	15247772	93	2842
11:14:14.51	-38.0	-46.5	3.6	15247772	93	2769
11:14:14.63	-37.9	-45.9	3.5	15247772	93	2613
11:14:14.74	-37.8	-45.7	3.4	15247772	93	2580
11:14:14.85	-37.9	-45.5	3.4	15136436	93	2488
11:14:14.96	-37.9	-45.2	3.4	15136436	93	2413
11:14:15.07	-37.9	-46.6	3.2	15136436	93	2834
11:14:15.18	-38.0	-46.7	3.6	15136436	93	2850
11:14:15.30	-37.9	-46.5	3.6	15233169	93	2787
11:14:15.41	-37.9	-46.1	3.5	15233169	93	2683
11:14:15.52	-37.8	-45.8	3.5	15233169	93	2599
11:14:15.63	-37.8	-45.5	3.4	15158775	93	2525
11:14:15.74	-37.9	-45.3	3.4	15158775	93	2441
11:14:15.85	-37.9	-45.2	3.3	15158775	93	2406
11:14:15.97	-37.9	-46.5	3.6	15158775	93	2788
11:14:16.08	-37.9	-46.5	3.6	15220046	93	2804
11:14:16.19	-37.9	-46.5	3.6	15220046	93	2791
11:14:16.30	-38.0	-46.1	3.5	15220046	93	2641
11:14:16.41	-38.0	-45.7	3.4	15220046	93	2536
11:14:16.52	-37.9	-45.3	3.4	15158378	93	2434
11:14:16.64	-37.8	-45.2	3.3	15158378	93	2422
11:14:16.75	-37.9	-46.4	3.4	15158378	93	2777
11:14:16.86	-37.9	-46.5	3.6	15158378	93	2802
11:14:16.97	-37.9	-46.4	3.6	15214706	93	2781
11:14:17.08	-37.9	-46.0	3.6	15214706	93	2650
11:14:17.19	-37.9	-45.7	3.4	15214706	93	2558
11:14:17.31	-37.9	-45.5	3.4	15214706	93	2496
11:14:17.42	-37.9	-45.2	3.4	15171615	93	2413
11:14:17.53	-37.9	-44.9	3.4	15171615	93	2342
11:14:17.64	-37.9	-46.4	3.3	15171615	93	2768
11:14:17.75	-37.8	-46.5	3.6	15171615	93	2818
11:14:17.86	-37.8	-46.3	3.6	15198760	93	2760
11:14:17.97	-37.8	-46.0	3.5	15198760	93	2654
11:14:18.09	-37.8	-45.7	3.5	15198760	93	2572
11:14:18.20	-37.8	-45.3	3.4	15198760	93	2457
11:14:18.31	-37.8	-45.1	3.3	15185401	93	2420
11:14:18.42	-37.8	-45.0	3.3	15185401	93	2373
11:14:18.53	-37.8	-46.3	3.6	15185401	93	2785
11:14:18.65	-38.0	-46.8	3.6	15185401	93	2844
11:14:18.76	-37.9	-46.3	3.6	15184196	93	2711
11:14:18.87	-38.0	-46.1	3.5	15184196	93	2656
11:14:18.98	-37.9	-45.8	3.4	15184196	93	2568
11:14:19.09	-38.0	-45.7	3.4	15212249	93	2518
11:14:19.20	-38.0	-45.5	3.3	15212249	93	2466
11:14:19.32	-37.9	-46.5	3.5	15212249	93	2799
11:14:19.43	-37.9	-46.5	3.6	15212249	93	2813
11:14:19.54	-37.9	-46.8	3.6	15212249	93	2891
11:14:19.65	-38.1	-46.0	3.5	15134933	94	2599
11:14:19.76	-38.1	-45.7	3.5	15134933	94	2501
11:14:19.87	-38.1	-45.5	3.4	15134933	94	2444
11:14:19.99	-38.1	-45.3	3.4	15134933	94	2379
11:14:20.10	-38.0	-45.0	3.3	15201683	94	2310
11:14:20.21	-37.8	-46.5	2.9	15201683	93	2816
11:14:20.32	-37.8	-46.4	3.6	15201683	93	2794
11:14:20.43	-37.8	-46.3	3.6	15201683	93	2767
11:14:20.54	-38.0	-46.6	3.6	15163650	93	2771
11:14:20.65	-38.0	-46.3	3.5	15163650	93	2678
11:14:20.77	-38.0	-45.9	3.4	15163650	93	2583
11:14:20.88	-38.2	-46.0	3.4	15145019	93	2569
11:14:20.99	-38.3	-46.0	3.4	15145019	93	2516
11:14:21.10	-37.9	-46.1	2.9	15145019	94	2668
11:14:21.21	-37.8	-46.0	3.6	15145019	94	2664
11:14:21.32	-37.9	-46.1	3.6	15164955	94	2686
11:14:21.44	-37.9	-45.9	3.6	15164955	94	2623
11:14:21.55	-37.8	-45.2	3.5	15164955	94	2448
11:14:21.66	-37.8	-44.9	3.4	15164955	94	2358
11:14:21.77	-37.8	-44.7	3.4	15177696	94	2310
11:14:21.88	-37.8	-44.6	3.3	15177696	94	2261
11:14:21.99	-37.8	-44.4	3.3	15177696	94	2214
11:14:22.10	-37.8	-46.4	3.6	15177696	93	2791
11:14:22.21	-37.8	-46.4	3.6	15224922	93	2783
11:14:22.33	-37.8	-46.0	3.6	15224922	93	2669
11:14:22.44	-37.8	-45.6	3.5	15224922	93	2564
11:14:22.55	-37.8	-45.4	3.4	15224922	93	2485
11:14:22.66	-37.8	-45.0	3.4	15174835	93	2390
11:14:22.77	-37.8	-44.9	3.3	15174835	93	2370
11:14:22.88	-37.7	-46.3	3.3	15174835	93	2773
11:14:23.00	-37.8	-46.4	3.6	15174835	93	2784
11:14:23.11	-38.3	-47.2	2.9	15204078	93	2909
11:14:23.22	-38.3	-46.9	3.5	15204078	93	2803
11:14:23.33	-38.2	-46.4	3.5	15204078	93	2660
11:14:23.44	-38.2	-46.1	3.4	15204078	93	2580
11:14:23.55	-38.2	-46.0	3.4	15144027	93	2543
11:14:23.67	-38.2	-45.7	3.3	15144027	93	2467
11:14:23.78	-37.9	-46.4	3.3	15144027	93	2784
11:14:23.89	-37.9	-46.5	3.6	15144027	93	2802
11:14:24.00	-37.9	-46.5	3.6	15182914	93	2797
11:14:24.11	-37.8	-46.0	3.5	15182914	93	2675
11:14:24.23	-37.8	-45.7	3.5	15182914	93	2571
11:14:24.34	-37.8	-45.4	3.4	15182914	93	2498
11:14:24.45	-37.8	-45.2	3.4	15161376	93	2429
11:14:24.56	-37.8	-44.9	3.3	15161376	93	2365
11:14:24.67	-37.8	-46.3	3.3	15161376	93	2770
11:14:24.78	-37.7	-46.2	3.6	15161376	93	2751
11:14:24.90	-38.0	-46.6	3.0	15220535	93	2816
11:14:25.01	-38.0	-46.2	3.5	15220535	93	2685
11:14:25.12	-38.0	-46.0	3.4	15220535	93	2611
11:14:25.23	-38.0	-45.6	3.4	15220535	93	2517
11:14:25.34	-37.9	-45.4	3.4	15121406	93	2443
11:14:25.45	-37.9	-45.2	3.3	15121406	93	2398
11:14:25.57	-37.6	-46.0	3.6	15121406	93	2734
11:14:25.68	-37.6	-46.1	3.6	15174919	93	2741
11:14:25.79	-37.6	-45.8	3.6	15174919	93	2676
11:14:25.90	-37.7	-45.5	3.5	15174919	93	2568
11:14:26.01	-37.8	-45.5	3.4	15174919	93	2538
11:14:26.12	-37.9	-45.5	3.4	15155380	93	2486
11:14:26.23	-37.9	-45.3	3.4	15155380	93	2442
11:14:26.35	-37.9	-45.1	3.3	15155380	93	2397
11:14:26.46	-37.9	-46.5	3.6	15155380	93	2805
11:14:26.57	-38.0	-46.6	3.6	15219482	93	2811
11:14:26.68	-38.3	-46.7	3.0	15219482	94	2737
11:14:26.79	-38.2	-46.1	3.5	15219482	94	2581
11:14:26.90	-38.1	-45.5	3.4	15219482	94	2443
11:14:27.01	-38.2	-45.4	3.4	15109909	94	2388
11:14:27.13	-38.2	-45.4	3.4	15109909	94	2376
11:14:27.24	-38.2	-45.2	3.3	15109909	94	2336
11:14:27.35	-37.8	-45.8	3.6	15109909	94	2609
11:14:27.46	-37.8	-45.8	3.6	15213676	94	2616
11:14:27.57	-37.9	-45.9	3.6	15213676	94	2613
11:14:27.68	-37.9	-45.6	3.5	15213676	94	2527
11:14:27.80	-37.9	-45.1	3.4	15213676	94	2372
11:14:27.91	-37.8	-44.7	3.4	15142517	94	2293
11:14:28.02	-37.8	-44.5	3.4	15142517	94	2247
11:14:28.13	-37.8	-44.4	3.3	15142517	94	2218
11:14:28.24	-37.9	-46.0	3.6	15142517	94	2642
11:14:28.35	-37.8	-45.8	3.6	15227622	94	2598
11:14:28.47	-37.8	-45.5	3.6	15227622	94	2510
11:14:28.58	-37.8	-45.7	3.5	15227622	93	2575
11:14:28.69	-37.8	-45.4	3.4	15227622	93	2495
11:14:28.80	-37.8	-45.3	3.4	15151130	93	2457
11:14:28.91	-37.9	-45.1	3.4	15151130	93	2396
11:14:29.02	-37.8	-46.4	3.3	15151130	93	2770
11:14:29.14	-37.8	-46.3	3.6	15151130	93	2766
11:14:29.25	-38.0	-46.3	3.1	15216842	94	2688
11:14:29.36	-38.1	-45.9	3.5	15216842	94	2561
11:14:29.47	-38.1	-45.7	3.5	15216842	94	2504
11:14:29.58	-38.1	-45.3	3.4	15216842	94	2405
11:14:29.69	-38.0	-45.0	3.4	15116432	94	2327
11:14:29.81	-38.0	-44.9	3.3	15116432	94	2284
11:14:29.92	-37.8	-46.4	2.9	15116432	93	2798
11:14:30.03	-37.8	-46.4	3.6	15116432	93	2800
11:14:30.14	-37.8	-46.3	3.6	15197349	93	2782
11:14:30.25	-37.8	-45.7	3.5	15197349	93	2605
11:14:30.36	-37.8	-45.5	3.5	15197349	93	2532
11:14:30.48	-37.8	-45.4	3.4	15197349	93	2489
11:14:30.59	-37.8	-45.2	3.4	15143135	93	2438
11:14:30.70	-37.8	-45.0	3.3	15143135	93	2374
11:14:30.81	-37.8	-46.4	3.4	15143135	93	2804
11:14:30.92	-37.8	-46.3	3.6	15238121	93	2782
11:14:31.04	-37.8	-46.3	3.6	15238121	93	2785
11:14:31.15	-37.8	-45.9	3.5	15238121	93	2647
11:14:31.26	-37.8	-45.6	3.4	15238121	93	2551
11:14:31.37	-37.8	-45.3	3.4	15143417	93	2477
11:14:31.48	-37.8	-45.1	3.4	15143417	93	2420
11:14:31.59	-37.8	-44.9	3.3	15143417	93	2357
11:14:31.70	-37.8	-46.4	3.6	15143417	93	2802
11:14:31.81	-37.8	-46.3	3.6	15232566	93	2781
11:14:31.93	-38.0	-46.1	2.9	15232566	94	2657
11:14:32.04	-38.0	-45.8	3.5	15232566	94	2558
11:14:32.15	-38.0	-45.4	3.4	15232566	94	2441
11:14:32.26	-38.0	-45.2	3.4	15117652	94	2378
11:14:32.37	-38.0	-45.0	3.4	15117652	94	2331
11:14:32.48	-38.0	-44.8	3.3	15117652	94	2284
11:14:32.59	-37.8	-46.3	3.6	15117652	93	2775
11:14:32.71	-37.7	-46.2	3.6	15211502	93	2766
11:14:32.82	-39.0	-48.0	2.8	15211502	93	2934
11:14:32.93	-38.0	-45.8	3.6	15211502	94	2572
11:14:33.04	-38.0	-45.3	3.4	15211502	94	2421
11:14:33.15	-38.0	-45.0	3.4	15097526	94	2352
11:14:33.26	-38.0	-44.8	3.4	15097526	94	2298
11:14:33.38	-37.9	-44.8	3.3	15097526	94	2282
11:14:33.49	-37.7	-46.2	2.7	15097526	93	2763
11:14:33.60	-37.7	-46.3	3.6	15218986	93	2772
11:14:33.71	-37.7	-46.2	3.6	15218986	93	2770
11:14:33.82	-37.7	-45.8	3.5	15218986	93	2639
11:14:33.93	-37.7	-45.5	3.5	15218986	93	2548
11:14:34.05	-37.7	-45.2	3.4	15116500	93	2457
11:14:34.16	-37.7	-45.0	3.4	15116500	93	2407
11:14:34.27	-37.7	-44.9	3.3	15116500	93	2367
11:14:34.38	-37.7	-46.2	3.2	15116500	93	2766
11:14:34.49	-37.7	-46.2	3.6	15266983	93	2767
11:14:34.60	-37.7	-46.1	3.6	15266983	93	2733
11:14:34.72	-37.7	-45.7	3.5	15266983	93	2611
11:14:34.83	-37.7	-45.5	3.4	15266983	93	2539
11:14:34.94	-37.7	-45.2	3.4	15130073	93	2458
11:14:35.05	-37.7	-45.0	3.4	15130073	93	2400
11:14:35.16	-37.7	-44.8	3.3	15130073	93	2357
11:14:35.27	-37.7	-46.2	3.6	15130073	93	2767
11:14:35.39	-37.7	-46.2	3.6	15256729	93	2749
11:14:35.50	-38.0	-46.0	3.6	15256729	94	2612
11:14:35.61	-38.0	-45.6	3.5	15256729	94	2507
11:14:35.72	-37.9	-45.3	3.4	15093955	94	2433
11:14:35.83	-38.0	-45.1	3.4	15093955	94	2358
11:14:35.94	-38.0	-44.8	3.3	15093955	94	2295
11:14:36.06	-37.7	-46.2	3.4	15093955	93	2774
11:14:36.17	-37.7	-46.3	3.6	15196723	93	2777
11:14:36.28	-37.7	-46.2	3.6	15196723	93	2770
11:14:36.39	-37.7	-46.0	3.6	15196723	93	2699
11:14:36.50	-37.7	-45.5	3.5	15196723	93	2555
11:14:36.61	-37.7	-45.3	3.4	15125640	93	2477
11:14:36.73	-37.7	-45.1	3.4	15125640	93	2429
11:14:36.83	-37.7	-45.0	3.4	15125640	93	2386
11:14:36.95	-37.7	-46.2	3.3	15125640	93	2763
11:14:37.06	-37.7	-46.2	3.6	15258575	93	2744
11:14:37.17	-37.7	-46.2	3.6	15258575	93	2764
11:14:37.28	-37.7	-45.9	3.5	15258575	93	2669
11:14:37.39	-37.7	-45.5	3.5	15258575	93	2538
11:14:37.50	-37.7	-45.2	3.4	15114021	93	2471
11:14:37.62	-37.7	-45.0	3.4	15114021	93	2399
11:14:37.73	-37.7	-44.8	3.4	15114021	93	2352
11:14:37.84	-37.7	-46.2	3.4	15114021	93	2771
11:14:37.95	-37.7	-46.3	3.6	15233940	93	2775
11:14:38.06	-37.7	-46.1	3.6	15233940	93	2733
11:14:38.17	-37.7	-45.7	3.5	15233940	93	2612
11:14:38.29	-37.7	-45.4	3.5	15233940	93	2524
11:14:38.40	-37.7	-45.1	3.4	15138381	93	2443
11:14:38.51	-37.7	-45.0	3.4	15138381	93	2393
11:14:38.62	-37.7	-44.8	3.3	15138381	93	2347
11:14:38.73	-37.7	-46.2	3.6	15138381	93	2749
11:14:38.84	-37.7	-46.2	3.6	15237152	93	2766
11:14:38.96	-37.8	-45.9	3.6	15237152	93	2649
11:14:39.07	-37.8	-45.7	3.5	15237152	93	2580
11:14:39.18	-37.8	-45.4	3.4	15237152	93	2489
11:14:39.29	-37.8	-45.1	3.4	15155616	93	2419
11:14:39.40	-37.8	-44.9	3.3	15155616	93	2355
11:14:39.51	-37.8	-46.2	3.4	15155616	93	2734
11:14:39.63	-37.8	-46.4	3.6	15155616	93	2784
11:14:39.74	-37.8	-46.4	3.6	15224060	93	2797
11:14:39.85	-37.8	-45.8	3.5	15224060	93	2618
11:14:39.96	-37.8	-45.5	3.5	15224060	93	2514
11:14:40.07	-37.8	-45.2	3.4	15224060	93	2446
11:14:40.18	-37.8	-45.1	3.4	15159957	93	2402
11:14:40.30	-37.8	-45.0	3.3	15159957	93	2372
11:14:40.41	-37.8	-46.4	3.6	15159957	93	2793
11:14:40.52	-37.8	-46.3	3.6	15208091	93	2779
11:14:40.63	-38.0	-46.1	2.9	15208091	94	2646
11:14:40.74	-38.0	-45.8	3.5	15208091	94	2559
11:14:40.85	-38.0	-45.4	3.4	15208091	94	2421
11:14:40.97	-38.0	-45.2	3.4	15125900	94	2374
11:14:41.08	-38.0	-44.9	3.3	15125900	94	2313
11:14:41.19	-38.0	-44.8	3.3	15125900	94	2268
11:14:41.30	-37.7	-46.1	3.6	15125900	93	2740
11:14:41.41	-37.8	-46.3	3.6	15195579	93	2769
11:14:41.52	-38.0	-46.2	3.0	15195579	94	2664
11:14:41.64	-38.0	-45.8	3.6	15195579	94	2559
11:14:41.75	-38.0	-45.3	3.4	15195579	94	2428
11:14:41.86	-38.0	-45.1	3.4	15114761	94	2360
11:14:41.97	-38.0	-44.9	3.4	15114761	94	2303
11:14:42.08	-38.0	-44.8	3.3	15114761	94	2287
11:14:42.19	-37.7	-46.3	2.8	15114761	93	2779
11:14:42.30	-37.7	-46.2	3.6	15207321	93	2756
11:14:42.41	-37.7	-46.1	3.6	15207321	93	2724
11:14:42.52	-37.7	-45.8	3.5	15207321	93	2630
11:14:42.64	-37.7	-45.4	3.5	15207321	93	2527
11:14:42.75	-37.7	-45.2	3.4	15143394	93	2449
11:14:42.86	-37.7	-44.9	3.4	15143394	93	2381
11:14:42.97	-37.7	-44.8	3.3	15143394	93	2352
11:14:43.08	-37.7	-46.2	3.6	15143394	93	2767
11:14:43.19	-37.7	-46.2	3.6	15213500	93	2774
11:14:43.31	-37.7	-46.0	3.6	15213500	93	2679
11:14:43.42	-37.7	-45.7	3.5	15213500	93	2590
11:14:43.53	-37.7	-45.3	3.4	15213500	93	2484
11:14:43.64	-37.7	-45.1	3.4	15159698	93	2434
11:14:43.75	-37.8	-45.0	3.3	15159698	93	2398
11:14:43.86	-37.8	-46.4	3.4	15159698	93	2799
11:14:43.98	-37.8	-46.3	3.6	15159698	93	2760
11:14:44.09	-37.8	-46.3	3.6	15210258	93	2770
11:14:44.20	-37.7	-45.8	3.5	15210258	93	2630
11:14:44.31	-37.7	-45.5	3.5	15210258	93	2527
11:14:44.42	-37.8	-45.3	3.4	15210258	93	2468
11:14:44.54	-37.7	-45.0	3.4	15165672	93	2407
11:14:44.65	-37.7	-44.8	3.4	15165672	93	2338
11:14:44.76	-37.7	-46.2	3.6	15165672	93	2755
11:14:44.87	-37.8	-46.1	3.6	15165672	93	2732
11:14:44.98	-38.0	-46.2	2.9	15197875	94	2670
11:14:45.09	-38.0	-45.6	3.5	15197875	94	2515
11:14:45.21	-38.0	-45.3	3.5	15197875	94	2420
11:14:45.32	-37.9	-45.0	3.4	15197875	94	2342
11:14:45.43	-38.0	-44.8	3.4	15130416	94	2299
11:14:45.54	-37.9	-44.7	3.4	15130416	94	2259
11:14:45.65	-37.7	-46.2	3.6	15130416	93	2760
11:14:45.76	-37.7	-46.2	3.6	15155616	93	2766
11:14:45.88	-37.7	-46.0	3.6	15155616	93	2687
11:14:45.99	-37.7	-45.5	3.5	15155616	93	2565
11:14:46.10	-37.7	-45.2	3.4	15155616	93	2452
11:14:46.21	-37.7	-45.1	3.4	15182884	93	2422
11:14:46.32	-37.8	-45.0	3.3	15182884	93	2391
11:14:46.44	-37.7	-44.8	3.3	15182884	93	2349
11:14:46.55	-37.7	-46.2	3.6	15182884	93	2744
11:14:46.66	-37.7	-46.2	3.6	15203109	93	2741
11:14:46.77	-38.0	-45.9	3.6	15203109	94	2582
11:14:46.88	-38.0	-45.5	3.5	15203109	94	2486
11:14:46.99	-38.0	-45.3	3.4	15203109	94	2415
11:14:47.10	-38.0	-44.9	3.4	15133171	94	2325
11:14:47.21	-38.0	-44.8	3.3	15133171	94	2296
11:14:47.33	-37.8	-46.3	3.1	15133171	93	2775
11:14:47.44	-37.8	-46.4	3.6	15133171	93	2796
11:14:47.55	-37.8	-46.2	3.6	15156082	93	2740
11:14:47.66	-37.7	-45.8	3.5	15156082	93	2628
11:14:47.77	-37.7	-45.5	3.5	15156082	93	2539
11:14:47.88	-37.8	-45.3	3.4	15156082	93	2470
11:14:48.00	-37.7	-45.0	3.4	15178466	93	2403
11:14:48.11	-37.8	-45.0	3.3	15178466	93	2382
11:14:48.22	-37.7	-46.2	3.6	15178466	93	2756
11:14:48.33	-37.7	-46.1	3.6	15178466	93	2727
11:14:48.44	-38.0	-46.5	3.6	15171279	93	2767
11:14:48.55	-38.0	-46.2	3.5	15171279	93	2653
11:14:48.67	-38.0	-45.9	3.5	15171279	93	2587
11:14:48.78	-38.0	-45.5	3.4	15171279	93	2482
11:14:48.89	-38.0	-45.4	3.4	15172775	93	2447
11:14:49.00	-38.0	-45.3	3.3	15172775	93	2415
11:14:49.11	-37.7	-46.2	3.6	15172775	93	2756
11:14:49.23	-37.7	-46.2	3.6	15172775	93	2747
11:14:49.34	-37.7	-46.1	3.6	15164047	93	2737
11:14:49.45	-37.7	-45.6	3.5	15164047	93	2577
11:14:49.56	-37.7	-45.3	3.4	15164047	93	2488
11:14:49.67	-37.7	-45.1	3.4	15164047	93	2423
11:14:49.78	-37.7	-45.0	3.3	15176887	93	2400
11:14:49.89	-37.7	-46.2	3.3	15176887	93	2759
11:14:50.01	-37.7	-46.1	3.6	15176887	93	2752
11:14:50.12	-37.7	-46.1	3.6	15176887	93	2750
11:14:50.23	-37.9	-45.9	3.6	15175193	94	2605
11:14:50.34	-37.9	-45.6	3.5	15175193	94	2508
11:14:50.45	-37.9	-45.1	3.4	15175193	94	2372
11:14:50.56	-37.9	-44.8	3.4	15163681	94	2304
11:14:50.68	-37.9	-44.8	3.4	15163681	94	2296
11:14:50.79	-37.7	-46.1	2.9	15163681	93	2748
11:14:50.90	-37.7	-46.2	3.6	15163681	93	2760
11:14:51.01	-37.7	-46.2	3.6	15137611	93	2770
11:14:51.12	-37.7	-45.8	3.5	15137611	93	2648
11:14:51.23	-37.7	-45.5	3.5	15137611	93	2546
11:14:51.35	-37.7	-45.1	3.4	15137611	93	2446
11:14:51.46	-37.7	-45.0	3.4	15197357	93	2396
11:14:51.57	-37.7	-44.7	3.3	15197357	93	2341
11:14:51.68	-37.7	-46.1	3.4	15197357	93	2744
11:14:51.79	-37.7	-46.2	3.6	15197357	93	2751
11:14:51.90	-37.7	-46.1	3.6	15175071	93	2727
11:14:52.01	-37.7	-45.7	3.5	15175071	93	2602
11:14:52.13	-37.7	-45.3	3.5	15175071	93	2507
11:14:52.24	-37.7	-45.1	3.4	15175071	93	2433
11:14:52.35	-37.7	-44.9	3.3	15194869	93	2384
11:14:52.46	-37.7	-44.7	3.3	15194869	93	2338
11:14:52.57	-37.7	-46.2	3.6	15194869	93	2768
11:14:52.69	-37.7	-46.1	3.6	15194869	93	2726
11:14:52.80	-37.7	-45.8	3.6	15167404	93	2660
11:14:52.91	-37.7	-45.5	3.5	15167404	93	2558
11:14:53.02	-37.7	-45.2	3.4	15167404	93	2473
11:14:53.13	-37.7	-44.9	3.4	15167404	93	2404
11:14:53.24	-37.7	-44.7	3.3	15215675	93	2347
11:14:53.36	-37.7	-46.1	3.2	15215675	93	2733
11:14:53.47	-37.7	-46.1	3.6	15215675	93	2743
11:14:53.58	-37.7	-46.2	3.6	15215675	93	2755
11:14:53.69	-37.7	-45.8	3.6	15155746	93	2646
11:14:53.80	-37.7	-45.3	3.5	15155746	93	2512
11:14:53.91	-37.7	-45.1	3.4	15155746	93	2438
11:14:54.02	-37.7	-44.9	3.4	15155746	93	2391
11:14:54.14	-37.7	-44.8	3.4	15223045	93	2366
11:14:54.25	-37.7	-46.1	3.6	15223045	93	2730
11:14:54.36	-37.7	-46.1	3.6	15223045	93	2728
11:14:54.47	-37.7	-46.0	3.6	15223045	93	2706
11:14:54.58	-37.7	-45.6	3.5	15129486	93	2597
11:14:54.69	-37.7	-45.2	3.4	15129486	93	2467
11:14:54.80	-37.7	-45.0	3.4	15129486	93	2416
11:14:54.92	-37.7	-44.8	3.4	15129486	93	2365
11:14:55.03	-37.7	-44.7	3.3	15236686	93	2328
11:14:55.14	-37.7	-46.1	3.6	15236686	93	2736
11:14:55.25	-37.7	-46.1	3.6	15236686	93	2749
11:14:55.36	-37.7	-45.9	3.6	15236686	93	2661
11:14:55.47	-37.7	-45.4	3.5	15141593	93	2536
11:14:55.58	-37.7	-45.3	3.4	15141593	93	2488
11:14:55.70	-37.7	-45.0	3.4	15141593	93	2407
11:14:55.81	-37.7	-44.8	3.4	15248580	93	2350
11:14:55.92	-37.7	-46.1	3.2	15248580	93	2731
11:14:56.03	-37.7	-46.1	3.6	15248580	93	2753
11:14:56.14	-37.9	-45.9	3.0	15248580	94	2618
11:14:56.26	-37.9	-45.6	3.5	15098915	94	2535
11:14:56.37	-37.9	-45.3	3.4	15098915	94	2447
11:14:56.48	-37.9	-45.1	3.4	15098915	94	2375
11:14:56.59	-37.9	-44.8	3.4	15098915	94	2310
11:14:56.70	-37.9	-44.6	3.3	15255401	94	2260
11:14:56.81	-37.7	-46.1	3.0	15255401	93	2735
11:14:56.92	-37.7	-46.0	3.6	15255401	93	2726
11:14:57.03	-37.7	-46.1	3.6	15255401	93	2744
11:14:57.15	-37.9	-45.5	3.6	15085342	94	2514
11:14:57.26	-37.9	-45.3	3.5	15085342	94	2444
11:14:57.37	-37.9	-45.0	3.4	15085342	94	2365
11:14:57.48	-37.9	-44.8	3.4	15085342	94	2316
11:14:57.59	-37.9	-44.5	3.3	15244712	94	2238
11:14:57.70	-37.7	-46.1	3.3	15244712	93	2725
11:14:57.82	-37.7	-46.1	3.6	15244712	93	2740
11:14:57.93	-37.7	-46.0	3.6	15244712	93	2711
11:14:58.04	-37.7	-45.9	3.6	15115562	93	2666
11:14:58.15	-37.7	-45.4	3.5	15115562	93	2536
11:14:58.26	-37.7	-45.2	3.4	15115562	93	2464
11:14:58.38	-37.7	-44.9	3.4	15115562	93	2384
11:14:58.49	-37.7	-44.7	3.3	15220718	93	2346
11:14:58.60	-37.7	-46.2	3.3	15220718	93	2762
11:14:58.71	-37.7	-46.1	3.6	15220718	93	2743
11:14:58.82	-37.7	-46.1	3.6	15220718	93	2755
11:14:58.93	-37.7	-45.8	3.6	15174613	93	2657
11:14:59.05	-37.7	-45.4	3.5	15174613	93	2522
11:14:59.16	-37.7	-45.1	3.4	15174613	93	2456
11:14:59.27	-37.7	-45.0	3.4	15174613	93	2410
11:14:59.38	-37.7	-44.9	3.3	15220344	93	2376
11:14:59.49	-37.7	-46.1	3.6	15220344	93	2738
11:14:59.60	-37.7	-46.0	3.6	15220344	93	2728
11:14:59.72	-37.7	-46.0	3.6	15220344	93	2725
11:14:59.83	-37.7	-45.7	3.5	15150482	93	2621
11:14:59.94	-37.7	-45.3	3.5	15150482	93	2511
11:15:00.05	-37.7	-45.0	3.4	15150482	93	2416
11:15:00.16	-37.7	-44.8	3.4	15150482	93	2362
11:15:00.28	-37.7	-44.8	3.3	15238960	93	2355
11:15:00.39	-37.7	-46.1	3.6	15238960	93	2735
11:15:00.50	-37.7	-46.1	3.6	15238960	93	2735
11:15:00.61	-37.7	-45.8	3.6	15159263	93	2661
11:15:00.72	-37.7	-45.5	3.5	15159263	93	2563
11:15:00.83	-37.7	-45.3	3.4	15159263	93	2495
11:15:00.95	-37.7	-44.9	3.4	15159263	93	2403
11:15:01.06	-37.7	-44.8	3.3	15250267	93	2362
11:15:01.17	-37.7	-46.1	3.3	15250267	93	2736
11:15:01.28	-37.7	-46.1	3.6	15250267	93	2749
11:15:01.39	-37.7	-46.0	3.6	15250267	93	2711
11:15:01.50	-37.7	-45.6	3.5	15139762	93	2591
11:15:01.62	-37.7	-45.4	3.5	15139762	93	2522
11:15:01.73	-37.7	-45.1	3.4	15139762	93	2447
11:15:01.84	-37.7	-44.9	3.3	15139762	93	2392
11:15:01.95	-37.7	-44.6	3.3	15252975	93	2324
11:15:02.06	-37.7	-46.1	3.6	15252975	93	2753
11:15:02.17	-37.7	-46.1	3.6	15252975	93	2749
11:15:02.28	-37.7	-46.1	3.6	15252975	93	2741
11:15:02.40	-37.7	-45.5	3.5	15112663	93	2560
11:15:02.51	-37.7	-45.2	3.4	15112663	93	2476
11:15:02.62	-37.7	-45.0	3.4	15112663	93	2421
11:15:02.73	-37.6	-44.8	3.4	15112663	93	2372
11:15:02.84	-37.7	-46.1	3.3	15270515	93	2733
11:15:02.95	-37.7	-46.1	3.6	15270515	93	2742
11:15:03.07	-37.7	-46.0	3.6	15270515	93	2730
11:15:03.18	-38.0	-46.4	3.6	15270515	93	2760
11:15:03.29	-37.9	-46.1	3.5	15072608	93	2648
11:15:03.40	-38.0	-45.6	3.4	15072608	93	2514
11:15:03.51	-38.0	-45.6	3.4	15072608	93	2494
11:15:03.62	-38.0	-45.3	3.3	15072608	93	2428
11:15:03.74	-38.0	-45.3	3.3	15270042	93	2402
11:15:03.85	-37.7	-46.1	3.6	15270042	93	2734
11:15:03.96	-37.7	-46.0	3.6	15270042	93	2728
11:15:04.07	-37.7	-45.9	3.6	15270042	93	2673
11:15:04.18	-37.7	-45.5	3.5	15092208	93	2571
11:15:04.29	-37.7	-45.1	3.4	15092208	93	2447
11:15:04.40	-37.7	-44.9	3.4	15092208	93	2406
11:15:04.52	-37.7	-44.7	3.4	15092208	93	2353
11:15:04.63	-37.7	-44.7	3.3	15271102	93	2327
11:15:04.74	-37.7	-46.1	3.6	15271102	93	2736
11:15:04.85	-37.7	-46.1	3.6	15271102	93	2743
11:15:04.96	-37.6	-45.8	3.6	15271102	93	2662
11:15:05.08	-37.7	-45.4	3.5	15131774	93	2544
11:15:05.19	-37.7	-45.2	3.4	15131774	93	2486
11:15:05.30	-37.7	-44.9	3.4	15131774	93	2396
11:15:05.41	-37.6	-44.8	3.3	15131774	93	2358
11:15:05.52	-37.6	-46.0	3.2	15252876	93	2735
11:15:05.64	-37.6	-46.0	3.6	15252876	93	2730
11:15:05.75	-37.6	-45.9	3.6	15252876	93	2709
11:15:05.86	-37.6	-45.6	3.5	15112373	93	2597
11:15:05.97	-37.7	-45.3	3.5	15112373	93	2513
11:15:06.08	-37.7	-45.1	3.4	15112373	93	2445
11:15:06.19	-37.6	-44.8	3.4	15112373	93	2380
11:15:06.30	-37.7	-44.8	3.3	15259941	93	2353
11:15:06.42	-37.7	-46.1	3.6	15259941	93	2748
11:15:06.53	-37.6	-46.1	3.6	15259941	93	2742
11:15:06.64	-37.7	-46.0	3.6	15259941	93	2715
11:15:06.75	-37.6	-45.6	3.5	15105018	93	2583
11:15:06.86	-37.7	-45.2	3.4	15105018	93	2474
11:15:06.97	-37.7	-45.1	3.4	15105018	93	2429
11:15:07.08	-37.6	-44.8	3.4	15105018	93	2364
11:15:07.20	-37.7	-46.1	3.4	15265823	93	2747
11:15:07.31	-37.6	-46.1	3.6	15265823	93	2748
11:15:07.42	-37.7	-46.1	3.6	15265823	93	2747
11:15:07.53	-37.7	-45.7	3.5	15265823	93	2638
11:15:07.64	-37.6	-45.3	3.5	15095718	93	2508
11:15:07.76	-37.7	-45.1	3.4	15095718	93	2453
11:15:07.87	-37.7	-44.9	3.4	15095718	93	2389
11:15:07.98	-37.6	-44.7	3.3	15095718	93	2348
11:15:08.09	-37.7	-46.1	3.3	15269531	93	2745
11:15:08.20	-37.6	-46.0	3.6	15269531	93	2734
11:15:08.32	-37.6	-45.9	3.6	15269531	93	2695
11:15:08.43	-37.6	-45.6	3.5	15269531	93	2593
11:15:08.54	-37.6	-45.3	3.4	15098609	93	2509
11:15:08.65	-37.6	-44.9	3.4	15098609	93	2397
11:15:08.76	-37.6	-44.7	3.4	15098609	93	2359
11:15:08.87	-37.6	-44.6	3.3	15098609	93	2326
11:15:08.99	-37.6	-46.1	3.6	15259925	93	2748
11:15:09.10	-37.7	-46.1	3.6	15259925	93	2744
11:15:09.21	-37.7	-45.8	3.6	15259925	93	2668
11:15:09.32	-37.6	-45.4	3.5	15259925	93	2551
11:15:09.43	-37.6	-45.2	3.4	15123352	93	2470
11:15:09.54	-37.7	-45.0	3.4	15123352	93	2413
11:15:09.66	-37.7	-44.8	3.3	15123352	93	2362
11:15:09.77	-37.7	-46.0	3.3	15123352	93	2729
11:15:09.88	-37.6	-46.1	3.6	15261375	93	2744
11:15:09.99	-37.6	-46.0	3.6	15261375	93	2731
11:15:10.10	-37.9	-45.5	3.5	15261375	94	2514
11:15:10.21	-37.9	-45.4	3.5	15261375	94	2458
11:15:10.33	-37.9	-45.1	3.4	15068023	94	2373
11:15:10.44	-37.9	-44.8	3.4	15068023	94	2317
11:15:10.55	-37.9	-44.6	3.3	15068023	94	2250
11:15:10.66	-37.7	-46.1	3.6	15222663	93	2756
11:15:10.77	-37.6	-46.1	3.6	15222663	93	2753
11:15:10.88	-37.7	-46.1	3.6	15222663	93	2746
11:15:11.00	-37.6	-45.5	3.5	15222663	93	2556
11:15:11.11	-37.6	-45.2	3.4	15114250	93	2490
11:15:11.22	-37.6	-45.0	3.4	15114250	93	2420
11:15:11.33	-37.7	-44.8	3.4	15114250	93	2366
11:15:11.44	-37.7	-44.7	3.3	15114250	93	2341
11:15:11.55	-37.6	-46.0	3.6	15267959	93	2738
11:15:11.67	-37.6	-46.1	3.6	15267959	93	2765
11:15:11.78	-37.7	-46.0	3.6	15267959	93	2718
11:15:11.89	-37.7	-45.6	3.5	15267959	93	2600
11:15:12.00	-37.6	-45.2	3.4	15125839	93	2476
11:15:12.11	-37.7	-44.9	3.4	15125839	93	2407
11:15:12.22	-37.7	-44.8	3.4	15125839	93	2366
11:15:12.33	-37.7	-44.7	3.3	15125839	93	2330
11:15:12.44	-37.7	-46.1	3.6	15251075	93	2738
11:15:12.56	-37.6	-46.1	3.6	15251075	93	2739
11:15:12.67	-37.7	-45.7	3.6	15251075	93	2641
11:15:12.78	-37.6	-45.5	3.5	15251075	93	2562
11:15:12.89	-37.6	-45.2	3.4	15121536	93	2487
11:15:13.00	-37.6	-44.9	3.4	15121536	93	2394
11:15:13.11	-37.6	-44.7	3.3	15121536	93	2351
11:15:13.22	-37.6	-46.1	3.3	15121536	93	2745
11:15:13.34	-37.6	-46.0	3.6	15248153	93	2736
11:15:13.45	-37.9	-45.9	2.9	15248153	94	2626
11:15:13.56	-37.8	-45.5	3.5	15248153	94	2505
11:15:13.67	-37.9	-45.2	3.5	15248153	94	2423
11:15:13.78	-37.9	-45.0	3.4	15095260	94	2364
11:15:13.89	-37.9	-44.7	3.4	15095260	94	2288
11:15:14.01	-37.8	-44.5	3.3	15095260	94	2245
11:15:14.12	-37.7	-46.1	2.8	15095260	93	2736
11:15:14.23	-37.6	-46.0	3.6	15237930	93	2725
11:15:14.34	-37.6	-46.0	3.6	15237930	93	2734
11:15:14.45	-37.6	-45.6	3.5	15237930	93	2610
11:15:14.57	-37.7	-45.3	3.5	15237930	93	2513
11:15:14.68	-37.6	-45.1	3.4	15125045	93	2449
11:15:14.79	-37.6	-44.9	3.4	15125045	93	2405
11:15:14.90	-37.6	-44.6	3.3	15125045	93	2327
11:15:15.01	-37.7	-46.1	3.3	15125045	93	2737
11:15:15.12	-37.6	-46.0	3.6	15278594	93	2737
11:15:15.24	-37.6	-46.0	3.6	15278594	93	2732
11:15:15.35	-37.6	-45.5	3.5	15278594	93	2588
11:15:15.46	-37.6	-45.2	3.5	15278594	93	2499
11:15:15.57	-37.6	-45.1	3.4	15124374	93	2454
11:15:15.68	-37.6	-44.9	3.4	15124374	93	2396
11:15:15.79	-37.6	-44.7	3.3	15124374	93	2335
11:15:15.91	-37.6	-46.1	3.6	15260879	93	2746
11:15:16.02	-37.6	-46.0	3.6	15260879	93	2738
11:15:16.13	-37.6	-46.0	3.6	15260879	93	2712
11:15:16.24	-37.6	-45.6	3.5	15260879	93	2608
11:15:16.35	-37.6	-45.2	3.4	15127029	93	2489
11:15:16.46	-37.6	-45.0	3.4	15127029	93	2437
11:15:16.58	-37.7	-44.9	3.4	15127029	93	2406
11:15:16.69	-37.7	-44.7	3.3	15127029	93	2329
11:15:16.80	-37.6	-46.1	3.6	15249290	93	2754
11:15:16.91	-37.6	-46.1	3.6	15249290	93	2743
11:15:17.02	-37.6	-45.7	3.6	15249290	93	2642
11:15:17.13	-37.7	-45.5	3.5	15249290	93	2560
11:15:17.24	-37.6	-45.1	3.4	15129440	93	2445
11:15:17.36	-37.6	-44.9	3.4	15129440	93	2404
11:15:17.47	-37.6	-44.7	3.4	15129440	93	2355
11:15:17.58	-37.6	-46.0	3.4	15129440	93	2729
11:15:17.69	-37.6	-46.0	3.6	15240570	93	2727
11:15:17.80	-37.6	-46.0	3.6	15240570	93	2705
11:15:17.92	-37.6	-45.6	3.5	15240570	93	2610
11:15:18.03	-37.6	-45.3	3.5	15240570	93	2513
11:15:18.14	-37.6	-45.0	3.4	15137718	93	2437
11:15:18.25	-37.6	-44.7	3.4	15137718	93	2352
11:15:18.36	-37.7	-44.7	3.3	15137718	93	2334
11:15:18.47	-37.7	-46.0	3.6	15137718	93	2719
11:15:18.58	-37.7	-46.1	3.6	15235443	93	2749
11:15:18.70	-37.7	-45.8	3.6	15235443	93	2643
11:15:18.81	-37.7	-45.5	3.5	15235443	93	2563
11:15:18.92	-37.6	-45.2	3.4	15235443	93	2486
11:15:19.03	-37.6	-45.0	3.4	15147598	93	2412
11:15:19.14	-37.6	-44.7	3.3	15147598	93	2351
11:15:19.26	-37.6	-46.0	3.4	15147598	93	2723
11:15:19.37	-37.6	-46.1	3.6	15147598	93	2742
11:15:19.48	-37.6	-46.0	3.6	15221466	93	2714
11:15:19.59	-37.6	-45.8	3.6	15221466	93	2657

#Closed at: 2026-01-22 11:15:19