#Pass ID: 20250115_082659_SUOMI NPP
#Satellite: SUOMI NPP
#Configuration: NPP
#Start time: 2025-01-15 08:29:22

#Version: 2.0.20230423
#Station: SPB_Silybum_02
#Location: 30.233357 lon 59.946436 lat
#TLE: 1 37849U 11061A   25014.84938308  .00000162  00000+0  97809-4 0  9990
#TLE: 2 37849  98.7446 315.8398 0001684  41.2466 318.8837 14.19538097684890

#Time	Az	El	Level	Level2	SNR	BER	Gain	Gain2
2025-01-15 08:29:24.41	92.07	13.77	
2025-01-15 08:29:24.61	92.04	13.78	
2025-01-15 08:29:24.82	92.01	13.80	
2025-01-15 08:29:25.02	91.99	13.81	
2025-01-15 08:29:25.22	91.96	13.83	
2025-01-15 08:29:25.43	91.93	13.84	
2025-01-15 08:29:25.63	91.90	13.86	
2025-01-15 08:29:25.83	91.87	13.87	
2025-01-15 08:29:26.04	91.84	13.89	
2025-01-15 08:29:26.24	91.81	13.90	
2025-01-15 08:29:26.44	91.78	13.91	
2025-01-15 08:29:26.65	91.75	13.93	
2025-01-15 08:29:26.85	91.73	13.94	
2025-01-15 08:29:27.05	91.70	13.96	
2025-01-15 08:29:27.26	91.67	13.98	
2025-01-15 08:29:27.46	91.64	13.99	
2025-01-15 08:29:27.66	91.61	14.00	
2025-01-15 08:29:27.86	91.58	14.02	
2025-01-15 08:29:28.07	91.55	14.03	
2025-01-15 08:29:28.27	91.52	14.05	
2025-01-15 08:29:28.47	91.49	14.06	
2025-01-15 08:29:28.68	91.46	14.08	
2025-01-15 08:29:28.88	91.43	14.09	
2025-01-15 08:29:29.08	91.40	14.11	
2025-01-15 08:29:29.29	91.37	14.12	
2025-01-15 08:29:29.49	91.34	14.14	
2025-01-15 08:29:29.69	91.32	14.15	
2025-01-15 08:29:29.90	91.29	14.17	
2025-01-15 08:29:30.10	91.26	14.18	
2025-01-15 08:29:30.30	91.23	14.20	
2025-01-15 08:29:30.51	91.20	14.21	
2025-01-15 08:29:30.71	91.17	14.23	
2025-01-15 08:29:30.91	91.14	14.24	
2025-01-15 08:29:31.11	91.11	14.26	
2025-01-15 08:29:31.32	91.08	14.27	
2025-01-15 08:29:31.52	91.05	14.29	
2025-01-15 08:29:31.72	91.02	14.30	
2025-01-15 08:29:31.93	90.99	14.32	
2025-01-15 08:29:32.13	90.96	14.33	
2025-01-15 08:29:32.33	90.93	14.35	
2025-01-15 08:29:32.54	90.90	14.36	
2025-01-15 08:29:32.74	90.87	14.38	
2025-01-15 08:29:32.94	90.84	14.39	
2025-01-15 08:29:33.15	90.81	14.41	
2025-01-15 08:29:33.35	90.78	14.42	
2025-01-15 08:29:33.55	90.75	14.44	
2025-01-15 08:29:33.76	90.72	14.45	
2025-01-15 08:29:33.96	90.69	14.47	
2025-01-15 08:29:34.16	90.66	14.48	
2025-01-15 08:29:34.36	90.63	14.50	
2025-01-15 08:29:34.57	90.60	14.51	
2025-01-15 08:29:34.77	90.57	14.53	
2025-01-15 08:29:34.97	90.54	14.54	
2025-01-15 08:29:35.18	90.51	14.56	
2025-01-15 08:29:35.38	90.48	14.57	
2025-01-15 08:29:35.58	90.45	14.59	
2025-01-15 08:29:35.79	90.42	14.60	
2025-01-15 08:29:35.99	90.39	14.62	
2025-01-15 08:29:36.19	90.36	14.63	
2025-01-15 08:29:36.40	90.32	14.65	
2025-01-15 08:29:36.60	90.29	14.66	
2025-01-15 08:29:36.80	90.26	14.68	
2025-01-15 08:29:37.01	90.23	14.69	
2025-01-15 08:29:37.21	90.20	14.71	
2025-01-15 08:29:37.41	90.17	14.72	
2025-01-15 08:29:37.62	90.14	14.74	
2025-01-15 08:29:37.82	90.11	14.75	
2025-01-15 08:29:38.02	90.08	14.77	
2025-01-15 08:29:38.22	90.05	14.78	
2025-01-15 08:29:38.43	90.02	14.80	
2025-01-15 08:29:38.63	89.99	14.81	
2025-01-15 08:29:38.83	89.96	14.83	
2025-01-15 08:29:39.04	89.92	14.84	
2025-01-15 08:29:39.24	89.89	14.86	
2025-01-15 08:29:39.44	89.86	14.87	
2025-01-15 08:29:39.65	89.83	14.89	
2025-01-15 08:29:39.85	89.80	14.90	
2025-01-15 08:29:40.05	89.77	14.92	
2025-01-15 08:29:40.26	89.74	14.93	
2025-01-15 08:29:40.46	89.71	14.95	
2025-01-15 08:29:40.66	89.68	14.96	
2025-01-15 08:29:40.87	89.64	14.98	
2025-01-15 08:29:41.07	89.61	14.99	
2025-01-15 08:29:41.27	89.58	15.01	
2025-01-15 08:29:41.47	89.55	15.02	
2025-01-15 08:29:41.68	89.52	15.04	
2025-01-15 08:29:41.88	89.49	15.05	
2025-01-15 08:29:42.08	89.46	15.07	
2025-01-15 08:29:42.29	89.43	15.08	
2025-01-15 08:29:42.49	89.40	15.10	
2025-01-15 08:29:42.69	89.36	15.11	
2025-01-15 08:29:42.90	89.33	15.13	
2025-01-15 08:29:43.10	89.30	15.14	
2025-01-15 08:29:43.30	89.27	15.16	
2025-01-15 08:29:43.51	89.24	15.17	
2025-01-15 08:29:43.71	89.21	15.19	
2025-01-15 08:29:43.91	89.17	15.20	
2025-01-15 08:29:44.12	89.14	15.22	
2025-01-15 08:29:44.32	89.11	15.23	
2025-01-15 08:29:44.52	89.08	15.25	
2025-01-15 08:29:44.72	89.05	15.26	
2025-01-15 08:29:44.93	89.01	15.28	
2025-01-15 08:29:45.13	88.98	15.29	
2025-01-15 08:29:45.33	88.95	15.31	
2025-01-15 08:29:45.54	88.92	15.32	
2025-01-15 08:29:45.74	88.89	15.34	
2025-01-15 08:29:45.94	88.86	15.35	
2025-01-15 08:29:46.15	88.82	15.37	
2025-01-15 08:29:46.35	88.79	15.38	
2025-01-15 08:29:46.55	88.76	15.40	
2025-01-15 08:29:46.76	88.73	15.41	
2025-01-15 08:29:46.96	88.69	15.43	
2025-01-15 08:29:47.16	88.66	15.44	
2025-01-15 08:29:47.37	88.63	15.46	
2025-01-15 08:29:47.57	88.60	15.47	
2025-01-15 08:29:47.77	88.57	15.49	
2025-01-15 08:29:47.98	88.53	15.50	
2025-01-15 08:29:48.18	88.50	15.52	
2025-01-15 08:29:48.38	88.47	15.53	
2025-01-15 08:29:48.58	88.44	15.55	
2025-01-15 08:29:48.79	88.40	15.56	
2025-01-15 08:29:48.99	88.37	15.58	
2025-01-15 08:29:49.19	88.34	15.59	
2025-01-15 08:29:49.40	88.31	15.61	
2025-01-15 08:29:49.60	88.27	15.62	
2025-01-15 08:29:49.80	88.24	15.64	
2025-01-15 08:29:50.01	88.21	15.65	
2025-01-15 08:29:50.21	88.18	15.67	
2025-01-15 08:29:50.41	88.14	15.68	
2025-01-15 08:29:50.62	88.11	15.70	
2025-01-15 08:29:50.82	88.08	15.71	
2025-01-15 08:29:51.02	88.04	15.73	
2025-01-15 08:29:51.23	88.01	15.74	
2025-01-15 08:29:51.43	87.98	15.76	
2025-01-15 08:29:51.63	87.95	15.77	
2025-01-15 08:29:51.83	87.91	15.79	
2025-01-15 08:29:52.04	87.88	15.80	
2025-01-15 08:29:52.24	87.85	15.82	
2025-01-15 08:29:52.44	87.81	15.83	
2025-01-15 08:29:52.65	87.78	15.85	
2025-01-15 08:29:52.85	87.75	15.86	
2025-01-15 08:29:53.05	87.71	15.88	
2025-01-15 08:29:53.26	87.68	15.89	
2025-01-15 08:29:53.46	87.65	15.91	
2025-01-15 08:29:53.66	87.62	15.92	
2025-01-15 08:29:53.87	87.58	15.94	
2025-01-15 08:29:54.07	87.55	15.95	
2025-01-15 08:29:54.27	87.52	15.97	
2025-01-15 08:29:54.48	87.48	15.98	
2025-01-15 08:29:54.68	87.45	16.00	
2025-01-15 08:29:54.88	87.41	16.01	
2025-01-15 08:29:55.08	87.38	16.03	
2025-01-15 08:29:55.29	87.35	16.04	
2025-01-15 08:29:55.49	87.31	16.06	
2025-01-15 08:29:55.69	87.28	16.07	
2025-01-15 08:29:55.90	87.25	16.09	
2025-01-15 08:29:56.10	87.21	16.10	
2025-01-15 08:29:56.30	87.18	16.12	
2025-01-15 08:29:56.51	87.14	16.13	
2025-01-15 08:29:56.71	87.11	16.15	
2025-01-15 08:29:56.91	87.08	16.16	
2025-01-15 08:29:57.12	87.04	16.18	
2025-01-15 08:29:57.32	87.01	16.19	
2025-01-15 08:29:57.52	86.98	16.21	
2025-01-15 08:29:57.73	86.94	16.22	
2025-01-15 08:29:57.93	86.91	16.24	
2025-01-15 08:29:58.13	86.87	16.25	
2025-01-15 08:29:58.34	86.84	16.27	
2025-01-15 08:29:58.54	86.81	16.28	
2025-01-15 08:29:58.74	86.77	16.30	
2025-01-15 08:29:58.94	86.74	16.31	
2025-01-15 08:29:59.15	86.70	16.33	
2025-01-15 08:29:59.35	86.67	16.34	
2025-01-15 08:29:59.55	86.64	16.36	
2025-01-15 08:29:59.76	86.60	16.37	
2025-01-15 08:29:59.96	86.57	16.39	
2025-01-15 08:30:00.16	86.53	16.40	
2025-01-15 08:30:00.37	86.50	16.42	
2025-01-15 08:30:00.57	86.46	16.43	
2025-01-15 08:30:00.77	86.43	16.44	
2025-01-15 08:30:00.98	86.39	16.46	
2025-01-15 08:30:01.18	86.36	16.48	
2025-01-15 08:30:01.38	86.33	16.49	
2025-01-15 08:30:01.59	86.29	16.51	
2025-01-15 08:30:01.79	86.26	16.52	
2025-01-15 08:30:01.99	86.22	16.53	
2025-01-15 08:30:02.19	86.19	16.55	
2025-01-15 08:30:02.40	86.15	16.56	
2025-01-15 08:30:02.60	86.12	16.58	
2025-01-15 08:30:02.80	86.08	16.59	
2025-01-15 08:30:03.01	86.05	16.61	
2025-01-15 08:30:03.21	86.01	16.62	
2025-01-15 08:30:03.41	85.98	16.64	
2025-01-15 08:30:03.62	85.94	16.65	
2025-01-15 08:30:03.82	85.91	16.67	
2025-01-15 08:30:04.02	85.87	16.68	
2025-01-15 08:30:04.23	85.84	16.70	
2025-01-15 08:30:04.43	85.80	16.71	
2025-01-15 08:30:04.63	85.77	16.73	
2025-01-15 08:30:04.84	85.73	16.74	
2025-01-15 08:30:05.04	85.70	16.76	
2025-01-15 08:30:05.24	85.66	16.77	
2025-01-15 08:30:05.44	85.63	16.79	
2025-01-15 08:30:05.65	85.59	16.80	
2025-01-15 08:30:05.85	85.56	16.82	
2025-01-15 08:30:06.05	85.52	16.83	
2025-01-15 08:30:06.26	85.48	16.85	
2025-01-15 08:30:06.46	85.45	16.86	
2025-01-15 08:30:06.66	85.42	16.88	
2025-01-15 08:30:06.87	85.38	16.89	
2025-01-15 08:30:07.07	85.34	16.91	
2025-01-15 08:30:07.27	85.31	16.92	
2025-01-15 08:30:07.48	85.27	16.94	
2025-01-15 08:30:07.68	85.24	16.95	
2025-01-15 08:30:07.88	85.20	16.97	
2025-01-15 08:30:08.09	85.16	16.98	
2025-01-15 08:30:08.29	85.13	17.00	
2025-01-15 08:30:08.49	85.09	17.01	
2025-01-15 08:30:08.70	85.06	17.03	
2025-01-15 08:30:08.90	85.02	17.04	
2025-01-15 08:30:09.10	84.99	17.06	
2025-01-15 08:30:09.30	84.95	17.07	
2025-01-15 08:30:09.51	84.91	17.09	
2025-01-15 08:30:09.71	84.88	17.10	
2025-01-15 08:30:09.91	84.84	17.12	
2025-01-15 08:30:10.12	84.81	17.13	
2025-01-15 08:30:10.32	84.77	17.15	
2025-01-15 08:30:10.52	84.73	17.16	
2025-01-15 08:30:10.73	84.70	17.18	
2025-01-15 08:30:10.93	84.66	17.19	
2025-01-15 08:30:11.13	84.63	17.20	
2025-01-15 08:30:11.34	84.59	17.22	
2025-01-15 08:30:11.54	84.55	17.23	
2025-01-15 08:30:11.74	84.52	17.25	
2025-01-15 08:30:11.95	84.48	17.26	
2025-01-15 08:30:12.15	84.44	17.28	
2025-01-15 08:30:12.35	84.41	17.29	
2025-01-15 08:30:12.55	84.37	17.31	
2025-01-15 08:30:12.76	84.33	17.32	
2025-01-15 08:30:12.96	84.30	17.34	
2025-01-15 08:30:13.16	84.26	17.35	
2025-01-15 08:30:13.37	84.22	17.37	
2025-01-15 08:30:13.57	84.19	17.38	
2025-01-15 08:30:13.77	84.15	17.40	
2025-01-15 08:30:13.98	84.11	17.41	
2025-01-15 08:30:14.18	84.08	17.43	
2025-01-15 08:30:14.38	84.04	17.44	
2025-01-15 08:30:14.59	84.00	17.46	
2025-01-15 08:30:14.79	83.97	17.47	
2025-01-15 08:30:14.99	83.93	17.49	
2025-01-15 08:30:15.20	83.89	17.50	
2025-01-15 08:30:15.40	83.85	17.52	
2025-01-15 08:30:15.60	83.82	17.53	
2025-01-15 08:30:15.80	83.78	17.55	
2025-01-15 08:30:16.01	83.74	17.56	
2025-01-15 08:30:16.21	83.71	17.58	
2025-01-15 08:30:16.41	83.67	17.59	
2025-01-15 08:30:16.62	83.63	17.60	
2025-01-15 08:30:16.82	83.60	17.62	
2025-01-15 08:30:17.02	83.56	17.63	
2025-01-15 08:30:17.23	83.52	17.65	
2025-01-15 08:30:17.43	83.48	17.66	
2025-01-15 08:30:17.63	83.45	17.68	
2025-01-15 08:30:17.84	83.41	17.69	
2025-01-15 08:30:18.04	83.37	17.71	
2025-01-15 08:30:18.24	83.33	17.72	
2025-01-15 08:30:18.45	83.29	17.74	
2025-01-15 08:30:18.65	83.26	17.75	
2025-01-15 08:30:18.85	83.22	17.77	
2025-01-15 08:30:19.06	83.18	17.78	
2025-01-15 08:30:19.26	83.14	17.80	
2025-01-15 08:30:19.46	83.11	17.81	
2025-01-15 08:30:19.66	83.07	17.83	
2025-01-15 08:30:19.87	83.03	17.84	
2025-01-15 08:30:20.07	82.99	17.86	
2025-01-15 08:30:20.27	82.96	17.87	
2025-01-15 08:30:20.48	82.92	17.88	
2025-01-15 08:30:20.68	82.88	17.90	
2025-01-15 08:30:20.88	82.84	17.91	
2025-01-15 08:30:21.09	82.80	17.93	
2025-01-15 08:30:21.29	82.77	17.94	
2025-01-15 08:30:21.49	82.73	17.96	
2025-01-15 08:30:21.70	82.69	17.97	
2025-01-15 08:30:21.90	82.65	17.99	
2025-01-15 08:30:22.10	82.61	18.00	
2025-01-15 08:30:22.31	82.57	18.02	
2025-01-15 08:30:22.51	82.54	18.03	
2025-01-15 08:30:22.71	82.50	18.05	
2025-01-15 08:30:22.91	82.46	18.06	
2025-01-15 08:30:23.12	82.42	18.08	
2025-01-15 08:30:23.32	82.38	18.09	
2025-01-15 08:30:23.52	82.34	18.10	
2025-01-15 08:30:23.73	82.30	18.12	
2025-01-15 08:30:23.93	82.27	18.13	
2025-01-15 08:30:24.13	82.23	18.15	
2025-01-15 08:30:24.34	82.19	18.16	
2025-01-15 08:30:24.54	82.15	18.18	
2025-01-15 08:30:24.74	82.11	18.19	
2025-01-15 08:30:24.95	82.07	18.21	
2025-01-15 08:30:25.15	82.03	18.22	
2025-01-15 08:30:25.35	82.00	18.24	
2025-01-15 08:30:25.56	81.96	18.25	
2025-01-15 08:30:25.76	81.92	18.26	
2025-01-15 08:30:25.96	81.88	18.28	
2025-01-15 08:30:26.16	81.84	18.29	
2025-01-15 08:30:26.37	81.80	18.31	
2025-01-15 08:30:26.57	81.76	18.32	
2025-01-15 08:30:26.77	81.72	18.34	
2025-01-15 08:30:26.98	81.68	18.35	
2025-01-15 08:30:27.18	81.64	18.37	
2025-01-15 08:30:27.38	81.61	18.38	
2025-01-15 08:30:27.59	81.57	18.40	
2025-01-15 08:30:27.79	81.53	18.41	
2025-01-15 08:30:27.99	81.49	18.42	
2025-01-15 08:30:28.20	81.45	18.44	
2025-01-15 08:30:28.40	81.41	18.45	
2025-01-15 08:30:28.60	81.37	18.47	
2025-01-15 08:30:28.81	81.33	18.48	
2025-01-15 08:30:29.01	81.29	18.50	
2025-01-15 08:30:29.21	81.25	18.51	
2025-01-15 08:30:29.42	81.21	18.53	
2025-01-15 08:30:29.62	81.17	18.54	
2025-01-15 08:30:29.82	81.13	18.55	
2025-01-15 08:30:30.02	81.09	18.57	
2025-01-15 08:30:30.23	81.05	18.58	
2025-01-15 08:30:30.43	81.01	18.60	
2025-01-15 08:30:30.63	80.97	18.61	
2025-01-15 08:30:30.84	80.93	18.63	
2025-01-15 08:30:31.04	80.89	18.64	
2025-01-15 08:30:31.24	80.85	18.66	
2025-01-15 08:30:31.45	80.81	18.67	
2025-01-15 08:30:31.65	80.77	18.68	
2025-01-15 08:30:31.85	80.73	18.70	
2025-01-15 08:30:32.06	80.69	18.71	
2025-01-15 08:30:32.26	80.65	18.73	
2025-01-15 08:30:32.46	80.61	18.74	
2025-01-15 08:30:32.67	80.57	18.76	
2025-01-15 08:30:32.87	80.53	18.77	
2025-01-15 08:30:33.07	80.49	18.79	
2025-01-15 08:30:33.27	80.45	18.80	
2025-01-15 08:30:33.48	80.41	18.81	
2025-01-15 08:30:33.68	80.37	18.83	
2025-01-15 08:30:33.88	80.33	18.84	
2025-01-15 08:30:34.09	80.29	18.86	
2025-01-15 08:30:34.29	80.25	18.87	
2025-01-15 08:30:34.49	80.21	18.89	
2025-01-15 08:30:34.70	80.17	18.90	
2025-01-15 08:30:34.90	80.13	18.91	
2025-01-15 08:30:35.10	80.09	18.93	
2025-01-15 08:30:35.31	80.05	18.94	
2025-01-15 08:30:35.51	80.01	18.96	
2025-01-15 08:30:35.71	79.96	18.97	
2025-01-15 08:30:35.92	79.92	18.99	
2025-01-15 08:30:36.12	79.88	19.00	
2025-01-15 08:30:36.32	79.84	19.01	
2025-01-15 08:30:36.52	79.80	19.03	
2025-01-15 08:30:36.73	79.76	19.04	
2025-01-15 08:30:36.93	79.72	19.06	
2025-01-15 08:30:37.13	79.68	19.07	
2025-01-15 08:30:37.34	79.64	19.09	
2025-01-15 08:30:37.54	79.60	19.10	
2025-01-15 08:30:37.74	79.56	19.11	
2025-01-15 08:30:37.95	79.51	19.13	
2025-01-15 08:30:38.15	79.47	19.14	
2025-01-15 08:30:38.35	79.43	19.16	
2025-01-15 08:30:38.56	79.39	19.17	
2025-01-15 08:30:38.76	79.35	19.18	
2025-01-15 08:30:38.96	79.31	19.20	
2025-01-15 08:30:39.17	79.26	19.21	
2025-01-15 08:30:39.37	79.22	19.23	
2025-01-15 08:30:39.57	79.18	19.24	
2025-01-15 08:30:39.78	79.14	19.26	
2025-01-15 08:30:39.98	79.10	19.27	
2025-01-15 08:30:40.18	79.06	19.28	
2025-01-15 08:30:40.38	79.02	19.30	
2025-01-15 08:30:40.59	78.97	19.31	
2025-01-15 08:30:40.79	78.93	19.33	
2025-01-15 08:30:40.99	78.89	19.34	
2025-01-15 08:30:41.20	78.85	19.35	
2025-01-15 08:30:41.40	78.81	19.37	
2025-01-15 08:30:41.60	78.77	19.38	
2025-01-15 08:30:41.81	78.72	19.40	
2025-01-15 08:30:42.01	78.68	19.41	
2025-01-15 08:30:42.21	78.64	19.42	
2025-01-15 08:30:42.42	78.60	19.44	
2025-01-15 08:30:42.62	78.55	19.45	
2025-01-15 08:30:42.82	78.51	19.47	
2025-01-15 08:30:43.03	78.47	19.48	
2025-01-15 08:30:43.23	78.43	19.49	
2025-01-15 08:30:43.43	78.39	19.51	
2025-01-15 08:30:43.63	78.34	19.52	
2025-01-15 08:30:43.84	78.30	19.54	
2025-01-15 08:30:44.04	78.26	19.55	
2025-01-15 08:30:44.24	78.22	19.56	
2025-01-15 08:30:44.45	78.17	19.58	
2025-01-15 08:30:44.65	78.13	19.59	
2025-01-15 08:30:44.85	78.09	19.61	
2025-01-15 08:30:45.06	78.05	19.62	
2025-01-15 08:30:45.26	78.00	19.63	
2025-01-15 08:30:45.46	77.96	19.65	
2025-01-15 08:30:45.67	77.92	19.66	
2025-01-15 08:30:45.87	77.88	19.67	
2025-01-15 08:30:46.07	77.83	19.69	
2025-01-15 08:30:46.28	77.79	19.70	
2025-01-15 08:30:46.48	77.75	19.72	
2025-01-15 08:30:46.68	77.71	19.73	
2025-01-15 08:30:46.88	77.66	19.74	
2025-01-15 08:30:47.09	77.62	19.76	
2025-01-15 08:30:47.29	77.58	19.77	
2025-01-15 08:30:47.49	77.53	19.79	
2025-01-15 08:30:47.70	77.49	19.80	
2025-01-15 08:30:47.90	77.45	19.81	
2025-01-15 08:30:48.10	77.40	19.83	
2025-01-15 08:30:48.31	77.36	19.84	
2025-01-15 08:30:48.51	77.32	19.85	
2025-01-15 08:30:48.71	77.27	19.87	
2025-01-15 08:30:48.92	77.23	19.88	
2025-01-15 08:30:49.12	77.19	19.90	
2025-01-15 08:30:49.32	77.14	19.91	
2025-01-15 08:30:49.53	77.10	19.92	
2025-01-15 08:30:49.73	77.06	19.94	
2025-01-15 08:30:49.93	77.01	19.95	
2025-01-15 08:30:50.14	76.97	19.96	
2025-01-15 08:30:50.34	76.93	19.98	
2025-01-15 08:30:50.54	76.88	19.99	
2025-01-15 08:30:50.74	76.84	20.00	
2025-01-15 08:30:50.95	76.79	20.02	
2025-01-15 08:30:51.15	76.75	20.03	
2025-01-15 08:30:51.35	76.71	20.05	
2025-01-15 08:30:51.56	76.66	20.06	
2025-01-15 08:30:51.76	76.62	20.07	
2025-01-15 08:30:51.96	76.58	20.09	
2025-01-15 08:30:52.17	76.53	20.10	
2025-01-15 08:30:52.37	76.49	20.11	
2025-01-15 08:30:52.57	76.44	20.13	
2025-01-15 08:30:52.78	76.40	20.14	
2025-01-15 08:30:52.98	76.36	20.15	
2025-01-15 08:30:53.18	76.31	20.17	
2025-01-15 08:30:53.39	76.27	20.18	
2025-01-15 08:30:53.59	76.22	20.19	
2025-01-15 08:30:53.79	76.18	20.21	
2025-01-15 08:30:53.99	76.14	20.22	
2025-01-15 08:30:54.20	76.09	20.24	
2025-01-15 08:30:54.40	76.05	20.25	
2025-01-15 08:30:54.60	76.00	20.26	
2025-01-15 08:30:54.81	75.96	20.28	
2025-01-15 08:30:55.01	75.91	20.29	
2025-01-15 08:30:55.21	75.87	20.30	
2025-01-15 08:30:55.42	75.82	20.32	
2025-01-15 08:30:55.62	75.78	20.33	
2025-01-15 08:30:55.82	75.74	20.34	
2025-01-15 08:30:56.03	75.69	20.36	
2025-01-15 08:30:56.23	75.65	20.37	
2025-01-15 08:30:56.43	75.60	20.38	
2025-01-15 08:30:56.64	75.55	20.40	
2025-01-15 08:30:56.84	75.51	20.41	
2025-01-15 08:30:57.04	75.47	20.42	
2025-01-15 08:30:57.24	75.42	20.44	
2025-01-15 08:30:57.45	75.38	20.45	
2025-01-15 08:30:57.65	75.33	20.46	
2025-01-15 08:30:57.85	75.29	20.48	
2025-01-15 08:30:58.06	75.24	20.49	
2025-01-15 08:30:58.26	75.20	20.50	
2025-01-15 08:30:58.46	75.15	20.52	
2025-01-15 08:30:58.67	75.11	20.53	
2025-01-15 08:30:58.87	75.06	20.54	
2025-01-15 08:30:59.07	75.02	20.55	
2025-01-15 08:30:59.28	74.97	20.57	
2025-01-15 08:30:59.48	74.92	20.58	
2025-01-15 08:30:59.68	74.88	20.59	
2025-01-15 08:30:59.89	74.83	20.61	
2025-01-15 08:31:00.09	74.79	20.62	
2025-01-15 08:31:00.29	74.74	20.63	
2025-01-15 08:31:00.50	74.70	20.65	
2025-01-15 08:31:00.70	74.65	20.66	
2025-01-15 08:31:00.90	74.61	20.67	
2025-01-15 08:31:01.10	74.56	20.69	
2025-01-15 08:31:01.31	74.51	20.70	
2025-01-15 08:31:01.51	74.47	20.71	
2025-01-15 08:31:01.71	74.42	20.73	
2025-01-15 08:31:01.92	74.38	20.74	
2025-01-15 08:31:02.12	74.33	20.75	
2025-01-15 08:31:02.32	74.29	20.76	
2025-01-15 08:31:02.53	74.24	20.78	
2025-01-15 08:31:02.73	74.19	20.79	
2025-01-15 08:31:02.93	74.15	20.80	
2025-01-15 08:31:03.14	74.10	20.82	
2025-01-15 08:31:03.34	74.06	20.83	
2025-01-15 08:31:03.54	74.01	20.84	
2025-01-15 08:31:03.75	73.96	20.86	
2025-01-15 08:31:03.95	73.92	20.87	
2025-01-15 08:31:04.15	73.87	20.88	
2025-01-15 08:31:04.35	73.83	20.89	
2025-01-15 08:31:04.56	73.78	20.91	
2025-01-15 08:31:04.76	73.73	20.92	
2025-01-15 08:31:04.96	73.69	20.93	
2025-01-15 08:31:05.17	73.64	20.95	
2025-01-15 08:31:05.37	73.59	20.96	
2025-01-15 08:31:05.57	73.55	20.97	
2025-01-15 08:31:05.78	73.50	20.98	
2025-01-15 08:31:05.98	73.45	21.00	
2025-01-15 08:31:06.18	73.41	21.01	
2025-01-15 08:31:06.39	73.36	21.02	
2025-01-15 08:31:06.59	73.31	21.03	
2025-01-15 08:31:06.79	73.27	21.05	
2025-01-15 08:31:07.00	73.22	21.06	
2025-01-15 08:31:07.20	73.17	21.07	
2025-01-15 08:31:07.40	73.13	21.08	
2025-01-15 08:31:07.60	73.08	21.10	
2025-01-15 08:31:07.81	73.03	21.11	
2025-01-15 08:31:08.01	72.99	21.12	
2025-01-15 08:31:08.21	72.94	21.14	
2025-01-15 08:31:08.42	72.89	21.15	
2025-01-15 08:31:08.62	72.84	21.16	
2025-01-15 08:31:08.82	72.80	21.17	
2025-01-15 08:31:09.03	72.75	21.19	
2025-01-15 08:31:09.23	72.70	21.20	
2025-01-15 08:31:09.43	72.66	21.21	
2025-01-15 08:31:09.64	72.61	21.22	
2025-01-15 08:31:09.84	72.56	21.24	
2025-01-15 08:31:10.04	72.51	21.25	
2025-01-15 08:31:10.25	72.47	21.26	
2025-01-15 08:31:10.45	72.42	21.27	
2025-01-15 08:31:10.65	72.37	21.29	
2025-01-15 08:31:10.86	72.32	21.30	
2025-01-15 08:31:11.06	72.28	21.31	
2025-01-15 08:31:11.26	72.23	21.32	
2025-01-15 08:31:11.46	72.18	21.33	
2025-01-15 08:31:11.67	72.13	21.35	
2025-01-15 08:31:11.87	72.09	21.36	
2025-01-15 08:31:12.07	72.04	21.37	
2025-01-15 08:31:12.28	71.99	21.38	
2025-01-15 08:31:12.48	71.94	21.40	
2025-01-15 08:31:12.68	71.90	21.41	
2025-01-15 08:31:12.89	71.85	21.42	
2025-01-15 08:31:13.09	71.80	21.43	
2025-01-15 08:31:13.29	71.75	21.45	
2025-01-15 08:31:13.50	71.70	21.46	
2025-01-15 08:31:13.70	71.65	21.47	
2025-01-15 08:31:13.90	71.61	21.48	
2025-01-15 08:31:14.11	71.56	21.49	
2025-01-15 08:31:14.31	71.51	21.51	
2025-01-15 08:31:14.51	71.46	21.52	
2025-01-15 08:31:14.71	71.42	21.53	
2025-01-15 08:31:14.92	71.37	21.54	
2025-01-15 08:31:15.12	71.32	21.56	
2025-01-15 08:31:15.32	71.27	21.57	
2025-01-15 08:31:15.53	71.22	21.58	
2025-01-15 08:31:15.73	71.17	21.59	
2025-01-15 08:31:15.93	71.12	21.60	
2025-01-15 08:31:16.14	71.07	21.62	
2025-01-15 08:31:16.34	71.03	21.63	
2025-01-15 08:31:16.54	70.98	21.64	
2025-01-15 08:31:16.75	70.93	21.65	
2025-01-15 08:31:16.95	70.88	21.66	
2025-01-15 08:31:17.15	70.83	21.68	
2025-01-15 08:31:17.36	70.78	21.69	
2025-01-15 08:31:17.56	70.73	21.70	
2025-01-15 08:31:17.76	70.69	21.71	
2025-01-15 08:31:17.96	70.64	21.72	
2025-01-15 08:31:18.17	70.59	21.73	
2025-01-15 08:31:18.37	70.54	21.75	
2025-01-15 08:31:18.57	70.49	21.76	
2025-01-15 08:31:18.78	70.44	21.77	
2025-01-15 08:31:18.98	70.39	21.78	
2025-01-15 08:31:19.18	70.34	21.79	
2025-01-15 08:31:19.39	70.29	21.81	
2025-01-15 08:31:19.59	70.25	21.82	
2025-01-15 08:31:19.79	70.20	21.83	
2025-01-15 08:31:20.00	70.15	21.84	
2025-01-15 08:31:20.20	70.10	21.85	
2025-01-15 08:31:20.40	70.05	21.86	
2025-01-15 08:31:20.61	70.00	21.88	
2025-01-15 08:31:20.81	69.95	21.89	
2025-01-15 08:31:21.01	69.90	21.90	
2025-01-15 08:31:21.22	69.85	21.91	
2025-01-15 08:31:21.42	69.80	21.92	
2025-01-15 08:31:21.62	69.75	21.93	
2025-01-15 08:31:21.82	69.70	21.94	
2025-01-15 08:31:22.03	69.65	21.96	
2025-01-15 08:31:22.23	69.60	21.97	
2025-01-15 08:31:22.43	69.55	21.98	
2025-01-15 08:31:22.64	69.50	21.99	
2025-01-15 08:31:22.84	69.45	22.00	
2025-01-15 08:31:23.04	69.40	22.01	
2025-01-15 08:31:23.25	69.35	22.03	
2025-01-15 08:31:23.45	69.30	22.04	
2025-01-15 08:31:23.65	69.26	22.05	
2025-01-15 08:31:23.86	69.20	22.06	
2025-01-15 08:31:24.06	69.15	22.07	
2025-01-15 08:31:24.26	69.11	22.08	
2025-01-15 08:31:24.47	69.05	22.09	
2025-01-15 08:31:24.67	69.00	22.10	
2025-01-15 08:31:24.87	68.95	22.12	
2025-01-15 08:31:25.07	68.91	22.13	
2025-01-15 08:31:25.28	68.85	22.14	
2025-01-15 08:31:25.48	68.80	22.15	
2025-01-15 08:31:25.68	68.75	22.16	
2025-01-15 08:31:25.89	68.70	22.17	
2025-01-15 08:31:26.09	68.65	22.18	
2025-01-15 08:31:26.29	68.60	22.19	
2025-01-15 08:31:26.50	68.55	22.21	
2025-01-15 08:31:26.70	68.50	22.22	
2025-01-15 08:31:26.90	68.45	22.23	
2025-01-15 08:31:27.11	68.40	22.24	
2025-01-15 08:31:27.31	68.35	22.25	
2025-01-15 08:31:27.51	68.30	22.26	
2025-01-15 08:31:27.72	68.25	22.27	
2025-01-15 08:31:27.92	68.20	22.28	
2025-01-15 08:31:28.12	68.15	22.29	
2025-01-15 08:31:28.32	68.10	22.30	
2025-01-15 08:31:28.53	68.05	22.32	
2025-01-15 08:31:28.73	68.00	22.33	
2025-01-15 08:31:28.93	67.95	22.34	
2025-01-15 08:31:29.14	67.89	22.35	
2025-01-15 08:31:29.34	67.84	22.36	
2025-01-15 08:31:29.54	67.79	22.37	
2025-01-15 08:31:29.75	67.74	22.38	
2025-01-15 08:31:29.95	67.69	22.39	
2025-01-15 08:31:30.15	67.64	22.40	
2025-01-15 08:31:30.36	67.59	22.41	
2025-01-15 08:31:30.56	67.54	22.42	
2025-01-15 08:31:30.76	67.49	22.43	
2025-01-15 08:31:30.97	67.43	22.45	
2025-01-15 08:31:31.17	67.38	22.46	
2025-01-15 08:31:31.37	67.33	22.47	
2025-01-15 08:31:31.58	67.28	22.48	
2025-01-15 08:31:31.78	67.23	22.49	
2025-01-15 08:31:31.98	67.18	22.50	
2025-01-15 08:31:32.18	67.13	22.51	
2025-01-15 08:31:32.39	67.08	22.52	
2025-01-15 08:31:32.59	67.02	22.53	
2025-01-15 08:31:32.79	66.97	22.54	
2025-01-15 08:31:33.00	66.92	22.55	
2025-01-15 08:31:33.20	66.87	22.56	
2025-01-15 08:31:33.40	66.82	22.57	
2025-01-15 08:31:33.61	66.77	22.58	
2025-01-15 08:31:33.81	66.71	22.59	
2025-01-15 08:31:34.01	66.66	22.60	
2025-01-15 08:31:34.22	66.61	22.61	
2025-01-15 08:31:34.42	66.56	22.62	
2025-01-15 08:31:34.62	66.51	22.63	
2025-01-15 08:31:34.83	66.45	22.64	
2025-01-15 08:31:35.03	66.40	22.65	
2025-01-15 08:31:35.23	66.35	22.66	
2025-01-15 08:31:35.43	66.30	22.68	
2025-01-15 08:31:35.64	66.25	22.69	
2025-01-15 08:31:35.84	66.20	22.70	
2025-01-15 08:31:36.04	66.15	22.71	
2025-01-15 08:31:36.25	66.09	22.72	
2025-01-15 08:31:36.45	66.04	22.73	
2025-01-15 08:31:36.65	65.99	22.74	
2025-01-15 08:31:36.86	65.93	22.75	
2025-01-15 08:31:37.06	65.88	22.76	
2025-01-15 08:31:37.26	65.83	22.77	
2025-01-15 08:31:37.47	65.78	22.78	
2025-01-15 08:31:37.67	65.73	22.79	
2025-01-15 08:31:37.87	65.68	22.80	
2025-01-15 08:31:38.08	65.62	22.81	
2025-01-15 08:31:38.28	65.57	22.82	
2025-01-15 08:31:38.48	65.52	22.83	
2025-01-15 08:31:38.68	65.47	22.84	
2025-01-15 08:31:38.89	65.41	22.85	
2025-01-15 08:31:39.09	65.36	22.86	
2025-01-15 08:31:39.29	65.31	22.87	
2025-01-15 08:31:39.50	65.25	22.88	
2025-01-15 08:31:39.70	65.20	22.89	
2025-01-15 08:31:39.90	65.15	22.89	
2025-01-15 08:31:40.11	65.10	22.90	
2025-01-15 08:31:40.31	65.04	22.91	
2025-01-15 08:31:40.51	64.99	22.92	
2025-01-15 08:31:40.72	64.94	22.93	
2025-01-15 08:31:40.92	64.89	22.94	
2025-01-15 08:31:41.12	64.83	22.95	
2025-01-15 08:31:41.33	64.78	22.96	
2025-01-15 08:31:41.53	64.73	22.97	
2025-01-15 08:31:41.73	64.67	22.98	
2025-01-15 08:31:41.94	64.62	22.99	
2025-01-15 08:31:42.14	64.57	23.00	
2025-01-15 08:31:42.34	64.51	23.01	
2025-01-15 08:31:42.54	64.46	23.02	
2025-01-15 08:31:42.75	64.41	23.03	
2025-01-15 08:31:42.95	64.36	23.04	
2025-01-15 08:31:43.15	64.30	23.05	
2025-01-15 08:31:43.36	64.25	23.06	
2025-01-15 08:31:43.56	64.20	23.07	
2025-01-15 08:31:43.76	64.14	23.08	
2025-01-15 08:31:43.97	64.09	23.09	
2025-01-15 08:31:44.17	64.04	23.09	
2025-01-15 08:31:44.37	63.98	23.10	
2025-01-15 08:31:44.58	63.93	23.11	
2025-01-15 08:31:44.78	63.88	23.12	
2025-01-15 08:31:44.98	63.82	23.13	
2025-01-15 08:31:45.19	63.77	23.14	
2025-01-15 08:31:45.39	63.71	23.15	
2025-01-15 08:31:45.59	63.66	23.16	
2025-01-15 08:31:45.79	63.61	23.17	
2025-01-15 08:31:46.00	63.55	23.18	
2025-01-15 08:31:46.20	63.50	23.19	
2025-01-15 08:31:46.40	63.45	23.20	
2025-01-15 08:31:46.61	63.39	23.20	
2025-01-15 08:31:46.81	63.34	23.21	
2025-01-15 08:31:47.01	63.29	23.22	
2025-01-15 08:31:47.22	63.23	23.23	
2025-01-15 08:31:47.42	63.18	23.24	
2025-01-15 08:31:47.62	63.12	23.25	
2025-01-15 08:31:47.83	63.07	23.26	
2025-01-15 08:31:48.03	63.02	23.27	
2025-01-15 08:31:48.23	62.96	23.28	
2025-01-15 08:31:48.44	62.91	23.28	
2025-01-15 08:31:48.64	62.85	23.29	
2025-01-15 08:31:48.84	62.80	23.30	
2025-01-15 08:31:49.04	62.75	23.31	
2025-01-15 08:31:49.25	62.69	23.32	
2025-01-15 08:31:49.45	62.64	23.33	
2025-01-15 08:31:49.65	62.58	23.34	
2025-01-15 08:31:49.86	62.53	23.34	
2025-01-15 08:31:50.06	62.47	23.35	
2025-01-15 08:31:50.26	62.42	23.36	
2025-01-15 08:31:50.47	62.37	23.37	
2025-01-15 08:31:50.67	62.31	23.38	
2025-01-15 08:31:50.87	62.26	23.39	
2025-01-15 08:31:51.08	62.20	23.40	
2025-01-15 08:31:51.28	62.15	23.40	
2025-01-15 08:31:51.48	62.09	23.41	
2025-01-15 08:31:51.69	62.04	23.42	
2025-01-15 08:31:51.89	61.98	23.43	
2025-01-15 08:31:52.09	61.93	23.44	
2025-01-15 08:31:52.30	61.87	23.45	
2025-01-15 08:31:52.50	61.82	23.45	
2025-01-15 08:31:52.70	61.77	23.46	
2025-01-15 08:31:52.90	61.71	23.47	
2025-01-15 08:31:53.11	61.66	23.48	
2025-01-15 08:31:53.31	61.60	23.49	
2025-01-15 08:31:53.51	61.55	23.50	
2025-01-15 08:31:53.72	61.49	23.50	
2025-01-15 08:31:53.92	61.44	23.51	
2025-01-15 08:31:54.12	61.38	23.52	
2025-01-15 08:31:54.33	61.33	23.53	
2025-01-15 08:31:54.53	61.27	23.54	
2025-01-15 08:31:54.73	61.22	23.54	
2025-01-15 08:31:54.94	61.16	23.55	
2025-01-15 08:31:55.14	61.11	23.56	
2025-01-15 08:31:55.34	61.05	23.57	
2025-01-15 08:31:55.55	61.00	23.58	
2025-01-15 08:31:55.75	60.94	23.58	
2025-01-15 08:31:55.95	60.89	23.59	
2025-01-15 08:31:56.15	60.84	23.60	
2025-01-15 08:31:56.36	60.78	23.61	
2025-01-15 08:31:56.56	60.72	23.61	
2025-01-15 08:31:56.76	60.67	23.62	
2025-01-15 08:31:56.97	60.61	23.63	
2025-01-15 08:31:57.17	60.56	23.64	
2025-01-15 08:31:57.37	60.50	23.65	
2025-01-15 08:31:57.58	60.45	23.65	
2025-01-15 08:31:57.78	60.39	23.66	
2025-01-15 08:31:57.98	60.34	23.67	
2025-01-15 08:31:58.19	60.28	23.68	
2025-01-15 08:31:58.39	60.23	23.68	
2025-01-15 08:31:58.59	60.17	23.69	
2025-01-15 08:31:58.80	60.11	23.70	
2025-01-15 08:31:59.00	60.06	23.71	
2025-01-15 08:31:59.20	60.00	23.71	
2025-01-15 08:31:59.40	59.95	23.72	
2025-01-15 08:31:59.61	59.89	23.73	
2025-01-15 08:31:59.81	59.84	23.74	
2025-01-15 08:32:00.01	59.78	23.74	
2025-01-15 08:32:00.23	59.72	23.75	
2025-01-15 08:32:00.44	59.67	23.76	
2025-01-15 08:32:00.64	59.61	23.76	
2025-01-15 08:32:00.84	59.56	23.77	
2025-01-15 08:32:01.05	59.50	23.78	
2025-01-15 08:32:01.25	59.44	23.79	
2025-01-15 08:32:01.45	59.39	23.79	
2025-01-15 08:32:01.66	59.33	23.80	
2025-01-15 08:32:01.86	59.28	23.81	
2025-01-15 08:32:02.06	59.22	23.81	
2025-01-15 08:32:02.26	59.17	23.82	
2025-01-15 08:32:02.47	59.11	23.83	
2025-01-15 08:32:02.67	59.05	23.84	
2025-01-15 08:32:02.87	59.00	23.84	
2025-01-15 08:32:03.08	58.94	23.85	
2025-01-15 08:32:03.28	58.88	23.86	
2025-01-15 08:32:03.48	58.83	23.86	
2025-01-15 08:32:03.69	58.77	23.87	
2025-01-15 08:32:03.89	58.72	23.88	
2025-01-15 08:32:04.09	58.66	23.88	
2025-01-15 08:32:04.30	58.60	23.89	
2025-01-15 08:32:04.50	58.55	23.90	
2025-01-15 08:32:04.70	58.49	23.90	
2025-01-15 08:32:04.91	58.43	23.91	
2025-01-15 08:32:05.11	58.38	23.92	
2025-01-15 08:32:05.31	58.32	23.92	
2025-01-15 08:32:05.51	58.27	23.93	
2025-01-15 08:32:05.72	58.21	23.94	
2025-01-15 08:32:05.92	58.15	23.94	
2025-01-15 08:32:06.12	58.10	23.95	
2025-01-15 08:32:06.33	58.04	23.96	
2025-01-15 08:32:06.53	57.98	23.96	
2025-01-15 08:32:06.73	57.93	23.97	
2025-01-15 08:32:06.94	57.87	23.97	
2025-01-15 08:32:07.14	57.82	23.98	
2025-01-15 08:32:07.34	57.76	23.99	
2025-01-15 08:32:07.55	57.70	23.99	
2025-01-15 08:32:07.75	57.65	24.00	
2025-01-15 08:32:07.95	57.59	24.01	
2025-01-15 08:32:08.16	57.53	24.01	
2025-01-15 08:32:08.36	57.48	24.02	
2025-01-15 08:32:08.56	57.42	24.02	
2025-01-15 08:32:08.76	57.36	24.03	
2025-01-15 08:32:08.97	57.31	24.04	
2025-01-15 08:32:09.17	57.25	24.04	
2025-01-15 08:32:09.37	57.19	24.05	
2025-01-15 08:32:09.58	57.14	24.05	
2025-01-15 08:32:09.78	57.08	24.06	
2025-01-15 08:32:09.98	57.02	24.07	
2025-01-15 08:32:10.19	56.96	24.07	
2025-01-15 08:32:10.39	56.91	24.08	
2025-01-15 08:32:10.59	56.85	24.08	
2025-01-15 08:32:10.80	56.79	24.09	
2025-01-15 08:32:11.00	56.74	24.10	
2025-01-15 08:32:11.20	56.68	24.10	
2025-01-15 08:32:11.41	56.62	24.11	
2025-01-15 08:32:11.61	56.57	24.11	
2025-01-15 08:32:11.81	56.51	24.12	
2025-01-15 08:32:12.02	56.45	24.12	
2025-01-15 08:32:12.22	56.40	24.13	
2025-01-15 08:32:12.42	56.34	24.14	
2025-01-15 08:32:12.62	56.28	24.14	
2025-01-15 08:32:12.83	56.22	24.15	
2025-01-15 08:32:13.03	56.17	24.15	
2025-01-15 08:32:13.23	56.11	24.16	
2025-01-15 08:32:13.44	56.05	24.16	
2025-01-15 08:32:13.64	56.00	24.17	
2025-01-15 08:32:13.84	55.94	24.17	
2025-01-15 08:32:14.05	55.88	24.18	
2025-01-15 08:32:14.25	55.83	24.18	
2025-01-15 08:32:14.45	55.77	24.19	
2025-01-15 08:32:14.66	55.71	24.19	
2025-01-15 08:32:14.86	55.65	24.20	
2025-01-15 08:32:15.06	55.60	24.21	
2025-01-15 08:32:15.27	55.54	24.21	
2025-01-15 08:32:15.47	55.48	24.22	
2025-01-15 08:32:15.67	55.42	24.22	
2025-01-15 08:32:15.87	55.37	24.23	
2025-01-15 08:32:16.08	55.31	24.23	
2025-01-15 08:32:16.28	55.25	24.24	
2025-01-15 08:32:16.48	55.20	24.24	
2025-01-15 08:32:16.69	55.14	24.25	
2025-01-15 08:32:16.89	55.08	24.25	
2025-01-15 08:32:17.09	55.02	24.26	
2025-01-15 08:32:17.30	54.96	24.26	
2025-01-15 08:32:17.50	54.91	24.26	
2025-01-15 08:32:17.70	54.85	24.27	
2025-01-15 08:32:17.91	54.79	24.27	
2025-01-15 08:32:18.11	54.73	24.28	
2025-01-15 08:32:18.31	54.68	24.28	
2025-01-15 08:32:18.52	54.62	24.29	
2025-01-15 08:32:18.72	54.56	24.29	
2025-01-15 08:32:18.92	54.51	24.30	
2025-01-15 08:32:19.12	54.45	24.30	
2025-01-15 08:32:19.33	54.39	24.31	
2025-01-15 08:32:19.53	54.33	24.31	
2025-01-15 08:32:19.73	54.28	24.32	
2025-01-15 08:32:19.94	54.22	24.32	
2025-01-15 08:32:20.14	54.16	24.32	
2025-01-15 08:32:20.34	54.10	24.33	
2025-01-15 08:32:20.55	54.04	24.33	
2025-01-15 08:32:20.75	53.99	24.34	
2025-01-15 08:32:20.95	53.93	24.34	
2025-01-15 08:32:21.16	53.87	24.35	
2025-01-15 08:32:21.36	53.81	24.35	
2025-01-15 08:32:21.56	53.75	24.35	
2025-01-15 08:32:21.77	53.70	24.36	
2025-01-15 08:32:21.97	53.64	24.36	
2025-01-15 08:32:22.17	53.58	24.37	
2025-01-15 08:32:22.38	53.52	24.37	
2025-01-15 08:32:22.58	53.46	24.38	
2025-01-15 08:32:22.78	53.41	24.38	
2025-01-15 08:32:22.98	53.35	24.38	
2025-01-15 08:32:23.19	53.29	24.39	
2025-01-15 08:32:23.39	53.23	24.39	
2025-01-15 08:32:23.59	53.18	24.40	
2025-01-15 08:32:23.80	53.12	24.40	
2025-01-15 08:32:24.00	53.06	24.40	
2025-01-15 08:32:24.20	53.00	24.41	
2025-01-15 08:32:24.41	52.94	24.41	
2025-01-15 08:32:24.61	52.88	24.41	
2025-01-15 08:32:24.81	52.83	24.42	
2025-01-15 08:32:25.02	52.77	24.42	
2025-01-15 08:32:25.22	52.71	24.43	
2025-01-15 08:32:25.42	52.65	24.43	
2025-01-15 08:32:25.63	52.59	24.43	
2025-01-15 08:32:25.83	52.54	24.44	
2025-01-15 08:32:26.03	52.48	24.44	
2025-01-15 08:32:26.23	52.42	24.44	
2025-01-15 08:32:26.44	52.36	24.45	
2025-01-15 08:32:26.64	52.30	24.45	
2025-01-15 08:32:26.84	52.25	24.45	
2025-01-15 08:32:27.05	52.19	24.46	
2025-01-15 08:32:27.25	52.13	24.46	
2025-01-15 08:32:27.45	52.07	24.46	
2025-01-15 08:32:27.66	52.01	24.47	
2025-01-15 08:32:27.86	51.95	24.47	
2025-01-15 08:32:28.06	51.90	24.47	
2025-01-15 08:32:28.27	51.84	24.48	
2025-01-15 08:32:28.47	51.78	24.48	
2025-01-15 08:32:28.67	51.72	24.48	
2025-01-15 08:32:28.88	51.66	24.49	
2025-01-15 08:32:29.08	51.60	24.49	
2025-01-15 08:32:29.28	51.55	24.49	
2025-01-15 08:32:29.48	51.49	24.49	
2025-01-15 08:32:29.69	51.43	24.50	
2025-01-15 08:32:29.89	51.37	24.50	
2025-01-15 08:32:30.09	51.31	24.50	
2025-01-15 08:32:30.30	51.25	24.51	
2025-01-15 08:32:30.50	51.20	24.51	
2025-01-15 08:32:30.70	51.14	24.51	
2025-01-15 08:32:30.91	51.08	24.51	
2025-01-15 08:32:31.11	51.02	24.52	
2025-01-15 08:32:31.31	50.96	24.52	
2025-01-15 08:32:31.52	50.90	24.52	
2025-01-15 08:32:31.72	50.85	24.53	
2025-01-15 08:32:31.92	50.79	24.53	
2025-01-15 08:32:32.13	50.73	24.53	
2025-01-15 08:32:32.33	50.67	24.53	
2025-01-15 08:32:32.53	50.61	24.54	
2025-01-15 08:32:32.74	50.55	24.54	
2025-01-15 08:32:32.94	50.49	24.54	
2025-01-15 08:32:33.14	50.44	24.54	
2025-01-15 08:32:33.34	50.38	24.54	
2025-01-15 08:32:33.55	50.32	24.55	
2025-01-15 08:32:33.75	50.26	24.55	
2025-01-15 08:32:33.95	50.20	24.55	
2025-01-15 08:32:34.16	50.14	24.55	
2025-01-15 08:32:34.36	50.09	24.56	
2025-01-15 08:32:34.56	50.03	24.56	
2025-01-15 08:32:34.77	49.97	24.56	
2025-01-15 08:32:34.97	49.91	24.56	
2025-01-15 08:32:35.17	49.85	24.56	
2025-01-15 08:32:35.38	49.79	24.57	
2025-01-15 08:32:35.58	49.73	24.57	
2025-01-15 08:32:35.78	49.68	24.57	
2025-01-15 08:32:35.99	49.62	24.57	
2025-01-15 08:32:36.19	49.56	24.57	
2025-01-15 08:32:36.39	49.50	24.58	
2025-01-15 08:32:36.59	49.44	24.58	
2025-01-15 08:32:36.80	49.38	24.58	
2025-01-15 08:32:37.00	49.32	24.58	
2025-01-15 08:32:37.20	49.27	24.58	
2025-01-15 08:32:37.41	49.21	24.59	
2025-01-15 08:32:37.61	49.15	24.59	
2025-01-15 08:32:37.81	49.09	24.59	
2025-01-15 08:32:38.02	49.03	24.59	
2025-01-15 08:32:38.22	48.97	24.59	
2025-01-15 08:32:38.42	48.91	24.59	
2025-01-15 08:32:38.63	48.85	24.59	
2025-01-15 08:32:38.83	48.79	24.60	
2025-01-15 08:32:39.03	48.74	24.60	
2025-01-15 08:32:39.24	48.68	24.60	
2025-01-15 08:32:39.44	48.62	24.60	
2025-01-15 08:32:39.64	48.56	24.60	
2025-01-15 08:32:39.84	48.50	24.60	
2025-01-15 08:32:40.05	48.44	24.60	
2025-01-15 08:32:40.25	48.38	24.61	
2025-01-15 08:32:40.45	48.33	24.61	
2025-01-15 08:32:40.66	48.27	24.61	
2025-01-15 08:32:40.86	48.21	24.61	
2025-01-15 08:32:41.06	48.15	24.61	
2025-01-15 08:32:41.27	48.09	24.61	
2025-01-15 08:32:41.47	48.03	24.61	
2025-01-15 08:32:41.67	47.97	24.61	
2025-01-15 08:32:41.88	47.91	24.61	
2025-01-15 08:32:42.08	47.85	24.62	
2025-01-15 08:32:42.28	47.80	24.62	
2025-01-15 08:32:42.49	47.74	24.62	
2025-01-15 08:32:42.69	47.68	24.62	
2025-01-15 08:32:42.89	47.62	24.62	
2025-01-15 08:32:43.10	47.56	24.62	
2025-01-15 08:32:43.30	47.50	24.62	
2025-01-15 08:32:43.50	47.44	24.62	
2025-01-15 08:32:43.70	47.39	24.62	
2025-01-15 08:32:43.91	47.33	24.62	
2025-01-15 08:32:44.11	47.27	24.62	
2025-01-15 08:32:44.31	47.21	24.62	
2025-01-15 08:32:44.52	47.15	24.62	
2025-01-15 08:32:44.72	47.09	24.63	
2025-01-15 08:32:44.92	47.03	24.63	
2025-01-15 08:32:45.13	46.97	24.63	
2025-01-15 08:32:45.33	46.91	24.63	
2025-01-15 08:32:45.53	46.86	24.63	
2025-01-15 08:32:45.74	46.80	24.63	
2025-01-15 08:32:45.94	46.74	24.63	
2025-01-15 08:32:46.14	46.68	24.63	
2025-01-15 08:32:46.35	46.62	24.63	
2025-01-15 08:32:46.55	46.56	24.63	
2025-01-15 08:32:46.75	46.50	24.63	
2025-01-15 08:32:46.95	46.44	24.63	
2025-01-15 08:32:47.16	46.38	24.63	
2025-01-15 08:32:47.36	46.33	24.63	
2025-01-15 08:32:47.56	46.27	24.63	
2025-01-15 08:32:47.77	46.21	24.63	
2025-01-15 08:32:47.97	46.15	24.63	
2025-01-15 08:32:48.17	46.09	24.63	
2025-01-15 08:32:48.38	46.03	24.63	
2025-01-15 08:32:48.58	45.97	24.63	
2025-01-15 08:32:48.78	45.92	24.63	
2025-01-15 08:32:48.99	45.85	24.63	
2025-01-15 08:32:49.19	45.80	24.63	
2025-01-15 08:32:49.39	45.74	24.63	
2025-01-15 08:32:49.60	45.68	24.63	
2025-01-15 08:32:49.80	45.62	24.63	
2025-01-15 08:32:50.00	45.56	24.63	
2025-01-15 08:32:50.20	45.50	24.63	
2025-01-15 08:32:50.41	45.44	24.63	
2025-01-15 08:32:50.61	45.39	24.63	
2025-01-15 08:32:50.81	45.33	24.63	
2025-01-15 08:32:51.02	45.27	24.63	
2025-01-15 08:32:51.22	45.21	24.63	
2025-01-15 08:32:51.42	45.15	24.62	
2025-01-15 08:32:51.63	45.09	24.62	
2025-01-15 08:32:51.83	45.03	24.62	
2025-01-15 08:32:52.03	44.97	24.62	
2025-01-15 08:32:52.24	44.91	24.62	
2025-01-15 08:32:52.44	44.86	24.62	
2025-01-15 08:32:52.64	44.80	24.62	
2025-01-15 08:32:52.85	44.74	24.62	
2025-01-15 08:32:53.05	44.68	24.62	
2025-01-15 08:32:53.25	44.62	24.62	
2025-01-15 08:32:53.45	44.56	24.62	
2025-01-15 08:32:53.66	44.50	24.62	
2025-01-15 08:32:53.86	44.44	24.62	
2025-01-15 08:32:54.06	44.39	24.61	
2025-01-15 08:32:54.27	44.33	24.61	
2025-01-15 08:32:54.47	44.27	24.61	
2025-01-15 08:32:54.67	44.21	24.61	
2025-01-15 08:32:54.88	44.15	24.61	
2025-01-15 08:32:55.08	44.09	24.61	
2025-01-15 08:32:55.28	44.03	24.61	
2025-01-15 08:32:55.49	43.97	24.61	
2025-01-15 08:32:55.69	43.92	24.61	
2025-01-15 08:32:55.89	43.86	24.60	
2025-01-15 08:32:56.10	43.80	24.60	
2025-01-15 08:32:56.30	43.74	24.60	
2025-01-15 08:32:56.50	43.68	24.60	
2025-01-15 08:32:56.71	43.62	24.60	
2025-01-15 08:32:56.91	43.56	24.60	
2025-01-15 08:32:57.11	43.50	24.60	
2025-01-15 08:32:57.31	43.45	24.59	
2025-01-15 08:32:57.52	43.39	24.59	
2025-01-15 08:32:57.72	43.33	24.59	
2025-01-15 08:32:57.92	43.27	24.59	
2025-01-15 08:32:58.13	43.21	24.59	
2025-01-15 08:32:58.33	43.15	24.59	
2025-01-15 08:32:58.53	43.09	24.59	
2025-01-15 08:32:58.74	43.03	24.58	
2025-01-15 08:32:58.94	42.98	24.58	
2025-01-15 08:32:59.14	42.92	24.58	
2025-01-15 08:32:59.35	42.86	24.58	
2025-01-15 08:32:59.55	42.80	24.58	
2025-01-15 08:32:59.75	42.74	24.57	
2025-01-15 08:32:59.96	42.68	24.57	
2025-01-15 08:33:00.16	42.62	24.57	
2025-01-15 08:33:00.36	42.57	24.57	
2025-01-15 08:33:00.56	42.51	24.57	
2025-01-15 08:33:00.77	42.45	24.56	
2025-01-15 08:33:00.97	42.39	24.56	
2025-01-15 08:33:01.17	42.33	24.56	
2025-01-15 08:33:01.38	42.27	24.56	
2025-01-15 08:33:01.58	42.22	24.56	
2025-01-15 08:33:01.78	42.16	24.55	
2025-01-15 08:33:01.99	42.10	24.55	
2025-01-15 08:33:02.19	42.04	24.55	
2025-01-15 08:33:02.39	41.98	24.55	
2025-01-15 08:33:02.60	41.92	24.54	
2025-01-15 08:33:02.80	41.86	24.54	
2025-01-15 08:33:03.00	41.81	24.54	
2025-01-15 08:33:03.21	41.75	24.54	
2025-01-15 08:33:03.41	41.69	24.53	
2025-01-15 08:33:03.61	41.63	24.53	
2025-01-15 08:33:03.81	41.57	24.53	
2025-01-15 08:33:04.02	41.51	24.53	
2025-01-15 08:33:04.22	41.46	24.52	
2025-01-15 08:33:04.42	41.40	24.52	
2025-01-15 08:33:04.63	41.34	24.52	
2025-01-15 08:33:04.83	41.28	24.52	
2025-01-15 08:33:05.03	41.22	24.51	
2025-01-15 08:33:05.24	41.16	24.51	
2025-01-15 08:33:05.44	41.10	24.51	
2025-01-15 08:33:05.64	41.05	24.51	
2025-01-15 08:33:05.85	40.99	24.50	
2025-01-15 08:33:06.05	40.93	24.50	
2025-01-15 08:33:06.25	40.87	24.50	
2025-01-15 08:33:06.46	40.81	24.49	
2025-01-15 08:33:06.66	40.75	24.49	
2025-01-15 08:33:06.86	40.70	24.49	
2025-01-15 08:33:07.07	40.64	24.48	
2025-01-15 08:33:07.27	40.58	24.48	
2025-01-15 08:33:07.47	40.52	24.48	
2025-01-15 08:33:07.67	40.46	24.48	
2025-01-15 08:33:07.88	40.40	24.47	
2025-01-15 08:33:08.08	40.35	24.47	
2025-01-15 08:33:08.28	40.29	24.47	
2025-01-15 08:33:08.49	40.23	24.46	
2025-01-15 08:33:08.69	40.17	24.46	
2025-01-15 08:33:08.89	40.12	24.46	
2025-01-15 08:33:09.10	40.06	24.45	
2025-01-15 08:33:09.30	40.00	24.45	
2025-01-15 08:33:09.50	39.94	24.45	
2025-01-15 08:33:09.71	39.88	24.44	
2025-01-15 08:33:09.91	39.82	24.44	
2025-01-15 08:33:10.11	39.77	24.44	
2025-01-15 08:33:10.32	39.71	24.43	
2025-01-15 08:33:10.52	39.65	24.43	
2025-01-15 08:33:10.72	39.59	24.42	
2025-01-15 08:33:10.92	39.53	24.42	
2025-01-15 08:33:11.13	39.47	24.42	
2025-01-15 08:33:11.33	39.42	24.41	
2025-01-15 08:33:11.53	39.36	24.41	
2025-01-15 08:33:11.74	39.30	24.41	
2025-01-15 08:33:11.94	39.24	24.40	
2025-01-15 08:33:12.14	39.19	24.40	
2025-01-15 08:33:12.35	39.13	24.39	
2025-01-15 08:33:12.55	39.07	24.39	
2025-01-15 08:33:12.75	39.01	24.39	
2025-01-15 08:33:12.96	38.95	24.38	
2025-01-15 08:33:13.16	38.90	24.38	
2025-01-15 08:33:13.36	38.84	24.37	
2025-01-15 08:33:13.57	38.78	24.37	
2025-01-15 08:33:13.77	38.72	24.37	
2025-01-15 08:33:13.97	38.67	24.36	
2025-01-15 08:33:14.17	38.61	24.36	
2025-01-15 08:33:14.38	38.55	24.35	
2025-01-15 08:33:14.58	38.49	24.35	
2025-01-15 08:33:14.78	38.44	24.35	
2025-01-15 08:33:14.99	38.38	24.34	
2025-01-15 08:33:15.19	38.32	24.34	
2025-01-15 08:33:15.39	38.26	24.33	
2025-01-15 08:33:15.60	38.20	24.33	
2025-01-15 08:33:15.80	38.15	24.32	
2025-01-15 08:33:16.00	38.09	24.32	
2025-01-15 08:33:16.21	38.03	24.32	
2025-01-15 08:33:16.41	37.97	24.31	
2025-01-15 08:33:16.61	37.92	24.31	
2025-01-15 08:33:16.82	37.86	24.30	
2025-01-15 08:33:17.02	37.80	24.30	
2025-01-15 08:33:17.22	37.74	24.29	
2025-01-15 08:33:17.43	37.68	24.29	
2025-01-15 08:33:17.63	37.63	24.28	
2025-01-15 08:33:17.83	37.57	24.28	
2025-01-15 08:33:18.03	37.51	24.27	
2025-01-15 08:33:18.24	37.45	24.27	
2025-01-15 08:33:18.44	37.40	24.26	
2025-01-15 08:33:18.64	37.34	24.26	
2025-01-15 08:33:18.85	37.28	24.25	
2025-01-15 08:33:19.05	37.23	24.25	
2025-01-15 08:33:19.25	37.17	24.24	
2025-01-15 08:33:19.46	37.11	24.24	
2025-01-15 08:33:19.66	37.05	24.23	
2025-01-15 08:33:19.86	37.00	24.23	
2025-01-15 08:33:20.07	36.94	24.22	
2025-01-15 08:33:20.27	36.88	24.22	
2025-01-15 08:33:20.47	36.82	24.21	
2025-01-15 08:33:20.68	36.77	24.21	
2025-01-15 08:33:20.88	36.71	24.20	
2025-01-15 08:33:21.08	36.65	24.20	
2025-01-15 08:33:21.28	36.60	24.19	
2025-01-15 08:33:21.49	36.54	24.19	
2025-01-15 08:33:21.69	36.48	24.18	
2025-01-15 08:33:21.89	36.42	24.18	
2025-01-15 08:33:22.10	36.37	24.17	
2025-01-15 08:33:22.30	36.31	24.17	
2025-01-15 08:33:22.50	36.25	24.16	
2025-01-15 08:33:22.71	36.19	24.16	
2025-01-15 08:33:22.91	36.14	24.15	
2025-01-15 08:33:23.11	36.08	24.15	
2025-01-15 08:33:23.32	36.02	24.14	
2025-01-15 08:33:23.52	35.97	24.13	
2025-01-15 08:33:23.72	35.91	24.13	
2025-01-15 08:33:23.93	35.85	24.12	
2025-01-15 08:33:24.13	35.80	24.12	
2025-01-15 08:33:24.33	35.74	24.11	
2025-01-15 08:33:24.53	35.68	24.11	
2025-01-15 08:33:24.74	35.63	24.10	
2025-01-15 08:33:24.94	35.57	24.10	
2025-01-15 08:33:25.14	35.51	24.09	
2025-01-15 08:33:25.35	35.46	24.08	
2025-01-15 08:33:25.55	35.40	24.08	
2025-01-15 08:33:25.75	35.34	24.07	
2025-01-15 08:33:25.96	35.28	24.07	
2025-01-15 08:33:26.16	35.23	24.06	
2025-01-15 08:33:26.36	35.17	24.05	
2025-01-15 08:33:26.57	35.11	24.05	
2025-01-15 08:33:26.77	35.06	24.04	
2025-01-15 08:33:26.97	35.00	24.04	
2025-01-15 08:33:27.18	34.94	24.03	
2025-01-15 08:33:27.38	34.89	24.02	
2025-01-15 08:33:27.58	34.83	24.02	
2025-01-15 08:33:27.79	34.77	24.01	
2025-01-15 08:33:27.99	34.72	24.01	
2025-01-15 08:33:28.19	34.66	24.00	
2025-01-15 08:33:28.39	34.61	23.99	
2025-01-15 08:33:28.60	34.55	23.99	
2025-01-15 08:33:28.80	34.49	23.98	
2025-01-15 08:33:29.00	34.44	23.97	
2025-01-15 08:33:29.21	34.38	23.97	
2025-01-15 08:33:29.41	34.33	23.96	
2025-01-15 08:33:29.61	34.27	23.96	
2025-01-15 08:33:29.82	34.21	23.95	
2025-01-15 08:33:30.02	34.16	23.94	
2025-01-15 08:33:30.22	34.10	23.94	
2025-01-15 08:33:30.43	34.04	23.93	
2025-01-15 08:33:30.63	33.99	23.92	
2025-01-15 08:33:30.83	33.93	23.92	
2025-01-15 08:33:31.04	33.87	23.91	
2025-01-15 08:33:31.24	33.82	23.90	
2025-01-15 08:33:31.44	33.76	23.90	
2025-01-15 08:33:31.64	33.71	23.89	
2025-01-15 08:33:31.85	33.65	23.88	
2025-01-15 08:33:32.05	33.60	23.88	
2025-01-15 08:33:32.25	33.54	23.87	
2025-01-15 08:33:32.46	33.48	23.86	
2025-01-15 08:33:32.66	33.43	23.86	
2025-01-15 08:33:32.86	33.37	23.85	
2025-01-15 08:33:33.07	33.31	23.84	
2025-01-15 08:33:33.27	33.26	23.84	
2025-01-15 08:33:33.47	33.20	23.83	
2025-01-15 08:33:33.68	33.15	23.82	
2025-01-15 08:33:33.88	33.09	23.81	
2025-01-15 08:33:34.08	33.04	23.81	
2025-01-15 08:33:34.29	32.98	23.80	
2025-01-15 08:33:34.49	32.92	23.79	
2025-01-15 08:33:34.69	32.87	23.79	
2025-01-15 08:33:34.89	32.81	23.78	
2025-01-15 08:33:35.10	32.76	23.77	
2025-01-15 08:33:35.30	32.70	23.76	
2025-01-15 08:33:35.50	32.65	23.76	
2025-01-15 08:33:35.71	32.59	23.75	
2025-01-15 08:33:35.91	32.54	23.74	
2025-01-15 08:33:36.11	32.48	23.74	
2025-01-15 08:33:36.32	32.42	23.73	
2025-01-15 08:33:36.52	32.37	23.72	
2025-01-15 08:33:36.72	32.31	23.71	
2025-01-15 08:33:36.93	32.26	23.71	
2025-01-15 08:33:37.13	32.20	23.70	
2025-01-15 08:33:37.33	32.15	23.69	
2025-01-15 08:33:37.54	32.09	23.68	
2025-01-15 08:33:37.74	32.04	23.68	
2025-01-15 08:33:37.94	31.98	23.67	
2025-01-15 08:33:38.15	31.93	23.66	
2025-01-15 08:33:38.35	31.87	23.65	
2025-01-15 08:33:38.55	31.82	23.65	
2025-01-15 08:33:38.75	31.76	23.64	
2025-01-15 08:33:38.96	31.71	23.63	
2025-01-15 08:33:39.16	31.65	23.62	
2025-01-15 08:33:39.36	31.60	23.62	
2025-01-15 08:33:39.57	31.54	23.61	
2025-01-15 08:33:39.77	31.49	23.60	
2025-01-15 08:33:39.97	31.43	23.59	
2025-01-15 08:33:40.18	31.37	23.58	
2025-01-15 08:33:40.38	31.32	23.58	
2025-01-15 08:33:40.58	31.27	23.57	
2025-01-15 08:33:40.79	31.21	23.56	
2025-01-15 08:33:40.99	31.16	23.55	
2025-01-15 08:33:41.19	31.10	23.54	
2025-01-15 08:33:41.40	31.05	23.54	
2025-01-15 08:33:41.60	30.99	23.53	
2025-01-15 08:33:41.80	30.94	23.52	
2025-01-15 08:33:42.00	30.88	23.51	
2025-01-15 08:33:42.21	30.83	23.50	
2025-01-15 08:33:42.41	30.77	23.50	
2025-01-15 08:33:42.61	30.72	23.49	
2025-01-15 08:33:42.82	30.66	23.48	
2025-01-15 08:33:43.02	30.61	23.47	
2025-01-15 08:33:43.22	30.56	23.46	
2025-01-15 08:33:43.43	30.50	23.46	
2025-01-15 08:33:43.63	30.45	23.45	
2025-01-15 08:33:43.83	30.39	23.44	
2025-01-15 08:33:44.04	30.34	23.43	
2025-01-15 08:33:44.24	30.28	23.42	
2025-01-15 08:33:44.44	30.23	23.41	
2025-01-15 08:33:44.65	30.17	23.41	
2025-01-15 08:33:44.85	30.12	23.40	
2025-01-15 08:33:45.05	30.07	23.39	
2025-01-15 08:33:45.25	30.01	23.38	
2025-01-15 08:33:45.46	29.96	23.37	
2025-01-15 08:33:45.66	29.90	23.36	
2025-01-15 08:33:45.86	29.85	23.35	
2025-01-15 08:33:46.07	29.79	23.35	
2025-01-15 08:33:46.27	29.74	23.34	
2025-01-15 08:33:46.47	29.69	23.33	
2025-01-15 08:33:46.68	29.63	23.32	
2025-01-15 08:33:46.88	29.58	23.31	
2025-01-15 08:33:47.08	29.52	23.30	
2025-01-15 08:33:47.29	29.47	23.29	
2025-01-15 08:33:47.49	29.42	23.29	
2025-01-15 08:33:47.69	29.36	23.28	
2025-01-15 08:33:47.90	29.31	23.27	
2025-01-15 08:33:48.10	29.25	23.26	
2025-01-15 08:33:48.30	29.20	23.25	
2025-01-15 08:33:48.51	29.15	23.24	
2025-01-15 08:33:48.71	29.09	23.23	
2025-01-15 08:33:48.91	29.04	23.22	
2025-01-15 08:33:49.11	28.99	23.21	
2025-01-15 08:33:49.32	28.93	23.21	
2025-01-15 08:33:49.52	28.88	23.20	
2025-01-15 08:33:49.72	28.83	23.19	
2025-01-15 08:33:49.93	28.77	23.18	
2025-01-15 08:33:50.13	28.72	23.17	
2025-01-15 08:33:50.33	28.67	23.16	
2025-01-15 08:33:50.54	28.61	23.15	
2025-01-15 08:33:50.74	28.56	23.14	
2025-01-15 08:33:50.94	28.51	23.13	
2025-01-15 08:33:51.15	28.45	23.12	
2025-01-15 08:33:51.35	28.40	23.11	
2025-01-15 08:33:51.55	28.34	23.11	
2025-01-15 08:33:51.76	28.29	23.10	
2025-01-15 08:33:51.96	28.24	23.09	
2025-01-15 08:33:52.16	28.19	23.08	
2025-01-15 08:33:52.36	28.13	23.07	
2025-01-15 08:33:52.57	28.08	23.06	
2025-01-15 08:33:52.77	28.03	23.05	
2025-01-15 08:33:52.97	27.97	23.04	
2025-01-15 08:33:53.18	27.92	23.03	
2025-01-15 08:33:53.38	27.87	23.02	
2025-01-15 08:33:53.58	27.81	23.01	
2025-01-15 08:33:53.79	27.76	23.00	
2025-01-15 08:33:53.99	27.71	22.99	
2025-01-15 08:33:54.19	27.66	22.98	
2025-01-15 08:33:54.40	27.60	22.97	
2025-01-15 08:33:54.60	27.55	22.96	
2025-01-15 08:33:54.80	27.50	22.96	
2025-01-15 08:33:55.01	27.44	22.95	
2025-01-15 08:33:55.21	27.39	22.94	
2025-01-15 08:33:55.41	27.34	22.93	
2025-01-15 08:33:55.61	27.29	22.92	
2025-01-15 08:33:55.82	27.23	22.91	
2025-01-15 08:33:56.02	27.18	22.90	
2025-01-15 08:33:56.22	27.13	22.89	
2025-01-15 08:33:56.43	27.07	22.88	
2025-01-15 08:33:56.63	27.02	22.87	
2025-01-15 08:33:56.83	26.97	22.86	
2025-01-15 08:33:57.04	26.92	22.85	
2025-01-15 08:33:57.24	26.87	22.84	
2025-01-15 08:33:57.44	26.81	22.83	
2025-01-15 08:33:57.65	26.76	22.82	
2025-01-15 08:33:57.85	26.71	22.81	
2025-01-15 08:33:58.05	26.66	22.80	
2025-01-15 08:33:58.26	26.60	22.79	
2025-01-15 08:33:58.46	26.55	22.78	
2025-01-15 08:33:58.66	26.50	22.77	
2025-01-15 08:33:58.87	26.45	22.76	
2025-01-15 08:33:59.07	26.40	22.75	
2025-01-15 08:33:59.27	26.34	22.74	
2025-01-15 08:33:59.47	26.29	22.73	
2025-01-15 08:33:59.68	26.24	22.72	
2025-01-15 08:33:59.88	26.19	22.71	
2025-01-15 08:34:00.08	26.14	22.70	
2025-01-15 08:34:00.29	26.08	22.69	
2025-01-15 08:34:00.49	26.03	22.68	
2025-01-15 08:34:00.69	25.98	22.67	
2025-01-15 08:34:00.90	25.93	22.66	
2025-01-15 08:34:01.10	25.88	22.65	
2025-01-15 08:34:01.30	25.83	22.64	
2025-01-15 08:34:01.51	25.77	22.63	
2025-01-15 08:34:01.71	25.72	22.62	
2025-01-15 08:34:01.91	25.67	22.61	
2025-01-15 08:34:02.12	25.62	22.60	
2025-01-15 08:34:02.32	25.57	22.59	
2025-01-15 08:34:02.52	25.52	22.57	
2025-01-15 08:34:02.72	25.47	22.56	
2025-01-15 08:34:02.93	25.41	22.55	
2025-01-15 08:34:03.13	25.36	22.54	
2025-01-15 08:34:03.33	25.31	22.53	
2025-01-15 08:34:03.54	25.26	22.52	
2025-01-15 08:34:03.74	25.21	22.51	
2025-01-15 08:34:03.94	25.16	22.50	
2025-01-15 08:34:04.15	25.10	22.49	
2025-01-15 08:34:04.35	25.05	22.48	
2025-01-15 08:34:04.55	25.00	22.47	
2025-01-15 08:34:04.76	24.95	22.46	
2025-01-15 08:34:04.96	24.90	22.45	
2025-01-15 08:34:05.16	24.85	22.44	
2025-01-15 08:34:05.37	24.80	22.43	
2025-01-15 08:34:05.57	24.75	22.42	
2025-01-15 08:34:05.77	24.70	22.41	
2025-01-15 08:34:05.97	24.65	22.40	
2025-01-15 08:34:06.18	24.60	22.38	
2025-01-15 08:34:06.38	24.55	22.37	
2025-01-15 08:34:06.58	24.50	22.36	
2025-01-15 08:34:06.79	24.44	22.35	
2025-01-15 08:34:06.99	24.39	22.34	
2025-01-15 08:34:07.19	24.34	22.33	
2025-01-15 08:34:07.40	24.29	22.32	
2025-01-15 08:34:07.60	24.24	22.31	
2025-01-15 08:34:07.80	24.19	22.30	
2025-01-15 08:34:08.01	24.14	22.29	
2025-01-15 08:34:08.21	24.09	22.28	
2025-01-15 08:34:08.41	24.04	22.26	
2025-01-15 08:34:08.62	23.99	22.25	
2025-01-15 08:34:08.82	23.94	22.24	
2025-01-15 08:34:09.02	23.89	22.23	
2025-01-15 08:34:09.23	23.84	22.22	
2025-01-15 08:34:09.43	23.79	22.21	
2025-01-15 08:34:09.63	23.74	22.20	
2025-01-15 08:34:09.83	23.69	22.19	
2025-01-15 08:34:10.04	23.64	22.18	
2025-01-15 08:34:10.24	23.59	22.16	
2025-01-15 08:34:10.44	23.54	22.15	
2025-01-15 08:34:10.65	23.49	22.14	
2025-01-15 08:34:10.85	23.44	22.13	
2025-01-15 08:34:11.05	23.39	22.12	
2025-01-15 08:34:11.26	23.34	22.11	
2025-01-15 08:34:11.46	23.29	22.10	
2025-01-15 08:34:11.66	23.24	22.09	
2025-01-15 08:34:11.87	23.19	22.07	
2025-01-15 08:34:12.07	23.14	22.06	
2025-01-15 08:34:12.27	23.09	22.05	
2025-01-15 08:34:12.48	23.04	22.04	
2025-01-15 08:34:12.68	22.99	22.03	
2025-01-15 08:34:12.88	22.94	22.02	
2025-01-15 08:34:13.08	22.89	22.01	
2025-01-15 08:34:13.29	22.84	22.00	
2025-01-15 08:34:13.49	22.79	21.98	
2025-01-15 08:34:13.69	22.74	21.97	
2025-01-15 08:34:13.90	22.69	21.96	
2025-01-15 08:34:14.10	22.64	21.95	
2025-01-15 08:34:14.30	22.59	21.94	
2025-01-15 08:34:14.51	22.54	21.93	
2025-01-15 08:34:14.71	22.49	21.92	
2025-01-15 08:34:14.91	22.44	21.90	
2025-01-15 08:34:15.12	22.39	21.89	
2025-01-15 08:34:15.32	22.35	21.88	
2025-01-15 08:34:15.52	22.30	21.87	
2025-01-15 08:34:15.73	22.25	21.86	
2025-01-15 08:34:15.93	22.20	21.85	
2025-01-15 08:34:16.13	22.15	21.83	
2025-01-15 08:34:16.33	22.10	21.82	
2025-01-15 08:34:16.54	22.05	21.81	
2025-01-15 08:34:16.74	22.00	21.80	
2025-01-15 08:34:16.94	21.95	21.79	
2025-01-15 08:34:17.15	21.90	21.78	
2025-01-15 08:34:17.35	21.86	21.76	
2025-01-15 08:34:17.55	21.81	21.75	
2025-01-15 08:34:17.76	21.76	21.74	
2025-01-15 08:34:17.96	21.71	21.73	
2025-01-15 08:34:18.16	21.66	21.72	
2025-01-15 08:34:18.37	21.61	21.70	
2025-01-15 08:34:18.57	21.56	21.69	
2025-01-15 08:34:18.77	21.52	21.68	
2025-01-15 08:34:18.98	21.47	21.67	
2025-01-15 08:34:19.18	21.42	21.66	
2025-01-15 08:34:19.38	21.37	21.65	
2025-01-15 08:34:19.59	21.32	21.63	
2025-01-15 08:34:19.79	21.27	21.62	
2025-01-15 08:34:19.99	21.22	21.61	
2025-01-15 08:34:20.19	21.18	21.60	
2025-01-15 08:34:20.40	21.13	21.59	
2025-01-15 08:34:20.60	21.08	21.57	
2025-01-15 08:34:20.80	21.03	21.56	
2025-01-15 08:34:21.01	20.98	21.55	
2025-01-15 08:34:21.21	20.94	21.54	
2025-01-15 08:34:21.41	20.89	21.53	
2025-01-15 08:34:21.62	20.84	21.51	
2025-01-15 08:34:21.82	20.79	21.50	
2025-01-15 08:34:22.02	20.74	21.49	
2025-01-15 08:34:22.23	20.69	21.48	
2025-01-15 08:34:22.43	20.65	21.46	
2025-01-15 08:34:22.63	20.60	21.45	
2025-01-15 08:34:22.84	20.55	21.44	
2025-01-15 08:34:23.04	20.50	21.43	
2025-01-15 08:34:23.24	20.46	21.42	
2025-01-15 08:34:23.44	20.41	21.40	
2025-01-15 08:34:23.65	20.36	21.39	
2025-01-15 08:34:23.85	20.31	21.38	
2025-01-15 08:34:24.05	20.27	21.37	
2025-01-15 08:34:24.26	20.22	21.35	
2025-01-15 08:34:24.46	20.17	21.34	
2025-01-15 08:34:24.66	20.12	21.33	
2025-01-15 08:34:24.87	20.07	21.32	
2025-01-15 08:34:25.07	20.03	21.30	
2025-01-15 08:34:25.27	19.98	21.29	
2025-01-15 08:34:25.48	19.93	21.28	
2025-01-15 08:34:25.68	19.89	21.27	
2025-01-15 08:34:25.88	19.84	21.26	
2025-01-15 08:34:26.09	19.79	21.24	
2025-01-15 08:34:26.29	19.74	21.23	
2025-01-15 08:34:26.49	19.70	21.22	
2025-01-15 08:34:26.69	19.65	21.21	
2025-01-15 08:34:26.90	19.60	21.19	
2025-01-15 08:34:27.10	19.56	21.18	
2025-01-15 08:34:27.30	19.51	21.17	
2025-01-15 08:34:27.51	19.46	21.16	
2025-01-15 08:34:27.71	19.42	21.14	
2025-01-15 08:34:27.91	19.37	21.13	
2025-01-15 08:34:28.12	19.32	21.12	
2025-01-15 08:34:28.32	19.28	21.10	
2025-01-15 08:34:28.52	19.23	21.09	
2025-01-15 08:34:28.73	19.18	21.08	
2025-01-15 08:34:28.93	19.14	21.07	
2025-01-15 08:34:29.13	19.09	21.05	
2025-01-15 08:34:29.34	19.04	21.04	
2025-01-15 08:34:29.54	19.00	21.03	
2025-01-15 08:34:29.74	18.95	21.02	
2025-01-15 08:34:29.95	18.90	21.00	
2025-01-15 08:34:30.15	18.86	20.99	
2025-01-15 08:34:30.35	18.81	20.98	
2025-01-15 08:34:30.55	18.76	20.97	
2025-01-15 08:34:30.76	18.72	20.95	
2025-01-15 08:34:30.96	18.67	20.94	
2025-01-15 08:34:31.16	18.63	20.93	
2025-01-15 08:34:31.37	18.58	20.91	
2025-01-15 08:34:31.57	18.53	20.90	
2025-01-15 08:34:31.77	18.49	20.89	
2025-01-15 08:34:31.98	18.44	20.88	
2025-01-15 08:34:32.18	18.39	20.86	
2025-01-15 08:34:32.38	18.35	20.85	
2025-01-15 08:34:32.59	18.30	20.84	
2025-01-15 08:34:32.79	18.26	20.82	
2025-01-15 08:34:32.99	18.21	20.81	
2025-01-15 08:34:33.20	18.16	20.80	
2025-01-15 08:34:33.40	18.12	20.79	
2025-01-15 08:34:33.60	18.07	20.77	
2025-01-15 08:34:33.80	18.03	20.76	
2025-01-15 08:34:34.01	17.98	20.75	
2025-01-15 08:34:34.21	17.94	20.73	
2025-01-15 08:34:34.41	17.89	20.72	
2025-01-15 08:34:34.62	17.84	20.71	
2025-01-15 08:34:34.82	17.80	20.70	
2025-01-15 08:34:35.02	17.76	20.68	
2025-01-15 08:34:35.23	17.71	20.67	
2025-01-15 08:34:35.43	17.66	20.66	
2025-01-15 08:34:35.63	17.62	20.64	
2025-01-15 08:34:35.84	17.57	20.63	
2025-01-15 08:34:36.04	17.53	20.62	
2025-01-15 08:34:36.24	17.48	20.60	
2025-01-15 08:34:36.45	17.44	20.59	
2025-01-15 08:34:36.65	17.39	20.58	
2025-01-15 08:34:36.85	17.35	20.56	
2025-01-15 08:34:37.05	17.30	20.55	
2025-01-15 08:34:37.26	17.26	20.54	
2025-01-15 08:34:37.46	17.21	20.52	
2025-01-15 08:34:37.66	17.17	20.51	
2025-01-15 08:34:37.87	17.12	20.50	
2025-01-15 08:34:38.07	17.08	20.49	
2025-01-15 08:34:38.27	17.03	20.47	
2025-01-15 08:34:38.48	16.99	20.46	
2025-01-15 08:34:38.68	16.94	20.45	
2025-01-15 08:34:38.88	16.90	20.43	
2025-01-15 08:34:39.09	16.85	20.42	
2025-01-15 08:34:39.29	16.81	20.41	
2025-01-15 08:34:39.49	16.76	20.39	
2025-01-15 08:34:39.70	16.72	20.38	
2025-01-15 08:34:39.90	16.67	20.37	
2025-01-15 08:34:40.10	16.63	20.35	
2025-01-15 08:34:40.31	16.58	20.34	
2025-01-15 08:34:40.51	16.54	20.33	
2025-01-15 08:34:40.71	16.50	20.31	
2025-01-15 08:34:40.91	16.45	20.30	
2025-01-15 08:34:41.12	16.41	20.29	
2025-01-15 08:34:41.32	16.36	20.27	
2025-01-15 08:34:41.52	16.32	20.26	
2025-01-15 08:34:41.73	16.28	20.25	
2025-01-15 08:34:41.93	16.23	20.23	
2025-01-15 08:34:42.13	16.19	20.22	
2025-01-15 08:34:42.34	16.14	20.21	
2025-01-15 08:34:42.54	16.10	20.19	
2025-01-15 08:34:42.74	16.06	20.18	
2025-01-15 08:34:42.95	16.01	20.16	
2025-01-15 08:34:43.15	15.97	20.15	
2025-01-15 08:34:43.35	15.92	20.14	
2025-01-15 08:34:43.56	15.88	20.12	
2025-01-15 08:34:43.76	15.84	20.11	
2025-01-15 08:34:43.96	15.79	20.10	
2025-01-15 08:34:44.16	15.75	20.08	
2025-01-15 08:34:44.37	15.70	20.07	
2025-01-15 08:34:44.57	15.66	20.06	
2025-01-15 08:34:44.77	15.62	20.04	
2025-01-15 08:34:44.98	15.57	20.03	
2025-01-15 08:34:45.18	15.53	20.02	
2025-01-15 08:34:45.38	15.49	20.00	
2025-01-15 08:34:45.59	15.44	19.99	
2025-01-15 08:34:45.79	15.40	19.98	
2025-01-15 08:34:45.99	15.36	19.96	
2025-01-15 08:34:46.20	15.31	19.95	
2025-01-15 08:34:46.40	15.27	19.93	
2025-01-15 08:34:46.60	15.23	19.92	
2025-01-15 08:34:46.81	15.18	19.91	
2025-01-15 08:34:47.01	15.14	19.89	
2025-01-15 08:34:47.21	15.10	19.88	
2025-01-15 08:34:47.41	15.06	19.87	
2025-01-15 08:34:47.62	15.01	19.85	
2025-01-15 08:34:47.82	14.97	19.84	
2025-01-15 08:34:48.02	14.93	19.83	
2025-01-15 08:34:48.23	14.88	19.81	
2025-01-15 08:34:48.43	14.84	19.80	
2025-01-15 08:34:48.63	14.80	19.78	
2025-01-15 08:34:48.84	14.75	19.77	
2025-01-15 08:34:49.04	14.71	19.76	
2025-01-15 08:34:49.24	14.67	19.74	
2025-01-15 08:34:49.45	14.63	19.73	
2025-01-15 08:34:49.65	14.58	19.71	
2025-01-15 08:34:49.85	14.54	19.70	
2025-01-15 08:34:50.06	14.50	19.69	
2025-01-15 08:34:50.26	14.46	19.67	
2025-01-15 08:34:50.46	14.41	19.66	
2025-01-15 08:34:50.66	14.37	19.65	
2025-01-15 08:34:50.87	14.33	19.63	
2025-01-15 08:34:51.07	14.29	19.62	
2025-01-15 08:34:51.27	14.24	19.60	
2025-01-15 08:34:51.48	14.20	19.59	
2025-01-15 08:34:51.68	14.16	19.58	
2025-01-15 08:34:51.88	14.12	19.56	
2025-01-15 08:34:52.09	14.07	19.55	
2025-01-15 08:34:52.29	14.03	19.53	
2025-01-15 08:34:52.49	13.99	19.52	
2025-01-15 08:34:52.70	13.95	19.51	
2025-01-15 08:34:52.90	13.91	19.49	
2025-01-15 08:34:53.10	13.86	19.48	
2025-01-15 08:34:53.31	13.82	19.46	
2025-01-15 08:34:53.51	13.78	19.45	
2025-01-15 08:34:53.71	13.74	19.44	
2025-01-15 08:34:53.92	13.70	19.42	
2025-01-15 08:34:54.12	13.65	19.41	
2025-01-15 08:34:54.32	13.61	19.40	
2025-01-15 08:34:54.52	13.57	19.38	
2025-01-15 08:34:54.73	13.53	19.37	
2025-01-15 08:34:54.93	13.49	19.35	
2025-01-15 08:34:55.13	13.45	19.34	
2025-01-15 08:34:55.34	13.40	19.32	
2025-01-15 08:34:55.54	13.36	19.31	
2025-01-15 08:34:55.74	13.32	19.30	
2025-01-15 08:34:55.95	13.28	19.28	
2025-01-15 08:34:56.15	13.24	19.27	
2025-01-15 08:34:56.35	13.20	19.26	
2025-01-15 08:34:56.56	13.16	19.24	
2025-01-15 08:34:56.76	13.11	19.23	
2025-01-15 08:34:56.96	13.07	19.21	
2025-01-15 08:34:57.17	13.03	19.20	
2025-01-15 08:34:57.37	12.99	19.18	
2025-01-15 08:34:57.57	12.95	19.17	
2025-01-15 08:34:57.77	12.91	19.16	
2025-01-15 08:34:57.98	12.87	19.14	
2025-01-15 08:34:58.18	12.83	19.13	
2025-01-15 08:34:58.38	12.79	19.11	
2025-01-15 08:34:58.59	12.74	19.10	
2025-01-15 08:34:58.79	12.70	19.09	
2025-01-15 08:34:58.99	12.66	19.07	
2025-01-15 08:34:59.20	12.62	19.06	
2025-01-15 08:34:59.40	12.58	19.04	
2025-01-15 08:34:59.60	12.54	19.03	
2025-01-15 08:34:59.81	12.50	19.01	
2025-01-15 08:35:00.01	12.46	19.00	
2025-01-15 08:35:00.21	12.42	18.99	
2025-01-15 08:35:00.42	12.38	18.97	
2025-01-15 08:35:00.62	12.34	18.96	
2025-01-15 08:35:00.82	12.30	18.94	
2025-01-15 08:35:01.03	12.26	18.93	
2025-01-15 08:35:01.23	12.22	18.91	
2025-01-15 08:35:01.43	12.18	18.90	
2025-01-15 08:35:01.63	12.14	18.89	
2025-01-15 08:35:01.84	12.09	18.87	
2025-01-15 08:35:02.04	12.06	18.86	
2025-01-15 08:35:02.24	12.02	18.84	
2025-01-15 08:35:02.45	11.97	18.83	
2025-01-15 08:35:02.65	11.93	18.82	
2025-01-15 08:35:02.85	11.90	18.80	
2025-01-15 08:35:03.06	11.85	18.79	
2025-01-15 08:35:03.26	11.81	18.77	
2025-01-15 08:35:03.46	11.77	18.76	
2025-01-15 08:35:03.67	11.73	18.74	
2025-01-15 08:35:03.87	11.69	18.73	
2025-01-15 08:35:04.07	11.65	18.72	
2025-01-15 08:35:04.28	11.61	18.70	
2025-01-15 08:35:04.48	11.57	18.69	
2025-01-15 08:35:04.68	11.54	18.67	
2025-01-15 08:35:04.88	11.50	18.66	
2025-01-15 08:35:05.09	11.45	18.64	
2025-01-15 08:35:05.29	11.42	18.63	
2025-01-15 08:35:05.49	11.38	18.61	
2025-01-15 08:35:05.70	11.34	18.60	
2025-01-15 08:35:05.90	11.30	18.59	
2025-01-15 08:35:06.10	11.26	18.57	
2025-01-15 08:35:06.31	11.22	18.56	
2025-01-15 08:35:06.51	11.18	18.54	
2025-01-15 08:35:06.71	11.14	18.53	
2025-01-15 08:35:06.92	11.10	18.51	
2025-01-15 08:35:07.12	11.06	18.50	
2025-01-15 08:35:07.32	11.02	18.49	
2025-01-15 08:35:07.53	10.98	18.47	
2025-01-15 08:35:07.73	10.94	18.46	
2025-01-15 08:35:07.93	10.90	18.44	
2025-01-15 08:35:08.13	10.87	18.43	
2025-01-15 08:35:08.34	10.82	18.41	
2025-01-15 08:35:08.54	10.79	18.40	
2025-01-15 08:35:08.74	10.75	18.38	
2025-01-15 08:35:08.95	10.71	18.37	
2025-01-15 08:35:09.15	10.67	18.35	
2025-01-15 08:35:09.35	10.63	18.34	
2025-01-15 08:35:09.56	10.59	18.33	
2025-01-15 08:35:09.76	10.55	18.31	
2025-01-15 08:35:09.96	10.51	18.30	
2025-01-15 08:35:10.17	10.47	18.28	
2025-01-15 08:35:10.37	10.44	18.27	
2025-01-15 08:35:10.57	10.40	18.25	
2025-01-15 08:35:10.78	10.36	18.24	
2025-01-15 08:35:10.98	10.32	18.22	
2025-01-15 08:35:11.18	10.28	18.21	
2025-01-15 08:35:11.39	10.24	18.19	
2025-01-15 08:35:11.59	10.20	18.18	
2025-01-15 08:35:11.79	10.17	18.17	
2025-01-15 08:35:11.99	10.13	18.15	
2025-01-15 08:35:12.20	10.09	18.14	
2025-01-15 08:35:12.40	10.05	18.12	
2025-01-15 08:35:12.60	10.01	18.11	
2025-01-15 08:35:12.81	9.97	18.09	
2025-01-15 08:35:13.01	9.94	18.08	
2025-01-15 08:35:13.21	9.90	18.06	
2025-01-15 08:35:13.42	9.86	18.05	
2025-01-15 08:35:13.62	9.82	18.04	
2025-01-15 08:35:13.82	9.78	18.02	
2025-01-15 08:35:14.03	9.74	18.01	
2025-01-15 08:35:14.23	9.71	17.99	
2025-01-15 08:35:14.43	9.67	17.98	
2025-01-15 08:35:14.64	9.63	17.96	
2025-01-15 08:35:14.84	9.59	17.95	
2025-01-15 08:35:15.04	9.56	17.93	
2025-01-15 08:35:15.24	9.52	17.92	
2025-01-15 08:35:15.45	9.48	17.90	
2025-01-15 08:35:15.65	9.44	17.89	
2025-01-15 08:35:15.85	9.41	17.87	
2025-01-15 08:35:16.06	9.37	17.86	
2025-01-15 08:35:16.26	9.33	17.85	
2025-01-15 08:35:16.46	9.29	17.83	
2025-01-15 08:35:16.67	9.25	17.82	
2025-01-15 08:35:16.87	9.22	17.80	
2025-01-15 08:35:17.07	9.18	17.79	
2025-01-15 08:35:17.28	9.14	17.77	
2025-01-15 08:35:17.48	9.10	17.76	
2025-01-15 08:35:17.68	9.07	17.74	
2025-01-15 08:35:17.89	9.03	17.73	
2025-01-15 08:35:18.09	8.99	17.71	
2025-01-15 08:35:18.29	8.96	17.70	
2025-01-15 08:35:18.49	8.92	17.68	
2025-01-15 08:35:18.70	8.88	17.67	
2025-01-15 08:35:18.90	8.84	17.65	
2025-01-15 08:35:19.10	8.81	17.64	
2025-01-15 08:35:19.31	8.77	17.62	
2025-01-15 08:35:19.51	8.73	17.61	
2025-01-15 08:35:19.71	8.70	17.60	
2025-01-15 08:35:19.92	8.66	17.58	
2025-01-15 08:35:20.12	8.62	17.57	
2025-01-15 08:35:20.32	8.58	17.55	
2025-01-15 08:35:20.53	8.55	17.54	
2025-01-15 08:35:20.73	8.51	17.52	
2025-01-15 08:35:20.93	8.47	17.51	
2025-01-15 08:35:21.14	8.44	17.49	
2025-01-15 08:35:21.34	8.40	17.48	
2025-01-15 08:35:21.54	8.36	17.46	
2025-01-15 08:35:21.75	8.33	17.45	
2025-01-15 08:35:21.95	8.29	17.43	
2025-01-15 08:35:22.15	8.25	17.42	
2025-01-15 08:35:22.35	8.22	17.40	
2025-01-15 08:35:22.56	8.18	17.39	
2025-01-15 08:35:22.76	8.14	17.37	
2025-01-15 08:35:22.96	8.11	17.36	
2025-01-15 08:35:23.17	8.07	17.35	
2025-01-15 08:35:23.37	8.03	17.33	
2025-01-15 08:35:23.57	8.00	17.32	
2025-01-15 08:35:23.78	7.96	17.30	
2025-01-15 08:35:23.98	7.93	17.29	
2025-01-15 08:35:24.18	7.89	17.27	
2025-01-15 08:35:24.39	7.85	17.26	
2025-01-15 08:35:24.59	7.82	17.24	
2025-01-15 08:35:24.79	7.78	17.23	
2025-01-15 08:35:25.00	7.74	17.21	
2025-01-15 08:35:25.20	7.71	17.20	
2025-01-15 08:35:25.40	7.67	17.18	
2025-01-15 08:35:25.60	7.64	17.17	
2025-01-15 08:35:25.81	7.60	17.15	
2025-01-15 08:35:26.01	7.57	17.14	
2025-01-15 08:35:26.21	7.53	17.12	
2025-01-15 08:35:26.42	7.49	17.11	
2025-01-15 08:35:26.62	7.46	17.09	
2025-01-15 08:35:26.82	7.42	17.08	
2025-01-15 08:35:27.03	7.39	17.06	
2025-01-15 08:35:27.23	7.35	17.05	
2025-01-15 08:35:27.43	7.32	17.03	
2025-01-15 08:35:27.64	7.28	17.02	
2025-01-15 08:35:27.84	7.24	17.00	
2025-01-15 08:35:28.04	7.21	16.99	
2025-01-15 08:35:28.25	7.17	16.98	
2025-01-15 08:35:28.45	7.14	16.96	
2025-01-15 08:35:28.65	7.10	16.95	
2025-01-15 08:35:28.85	7.07	16.93	
2025-01-15 08:35:29.06	7.03	16.92	
2025-01-15 08:35:29.26	7.00	16.90	
2025-01-15 08:35:29.46	6.96	16.89	
2025-01-15 08:35:29.67	6.93	16.87	
2025-01-15 08:35:29.87	6.89	16.86	
2025-01-15 08:35:30.07	6.86	16.84	
2025-01-15 08:35:30.28	6.82	16.83	
2025-01-15 08:35:30.48	6.78	16.81	
2025-01-15 08:35:30.68	6.75	16.80	
2025-01-15 08:35:30.89	6.71	16.78	
2025-01-15 08:35:31.09	6.68	16.77	
2025-01-15 08:35:31.29	6.65	16.75	
2025-01-15 08:35:31.50	6.61	16.74	
2025-01-15 08:35:31.70	6.57	16.72	
2025-01-15 08:35:31.90	6.54	16.71	
2025-01-15 08:35:32.11	6.50	16.69	
2025-01-15 08:35:32.31	6.47	16.68	
2025-01-15 08:35:32.51	6.44	16.66	
2025-01-15 08:35:32.71	6.40	16.65	
2025-01-15 08:35:32.92	6.37	16.63	
2025-01-15 08:35:33.12	6.33	16.62	
2025-01-15 08:35:33.32	6.30	16.60	
2025-01-15 08:35:33.53	6.26	16.59	
2025-01-15 08:35:33.73	6.23	16.57	
2025-01-15 08:35:33.93	6.19	16.56	
2025-01-15 08:35:34.14	6.16	16.54	
2025-01-15 08:35:34.34	6.12	16.53	
2025-01-15 08:35:34.54	6.09	16.51	
2025-01-15 08:35:34.75	6.05	16.50	
2025-01-15 08:35:34.95	6.02	16.48	
2025-01-15 08:35:35.15	5.99	16.47	
2025-01-15 08:35:35.36	5.95	16.45	
2025-01-15 08:35:35.56	5.92	16.44	
2025-01-15 08:35:35.76	5.88	16.43	
2025-01-15 08:35:35.96	5.85	16.41	
2025-01-15 08:35:36.17	5.82	16.40	
2025-01-15 08:35:36.37	5.78	16.38	
2025-01-15 08:35:36.57	5.75	16.37	
2025-01-15 08:35:36.78	5.71	16.35	
2025-01-15 08:35:36.98	5.68	16.34	
2025-01-15 08:35:37.18	5.65	16.32	
2025-01-15 08:35:37.39	5.61	16.31	
2025-01-15 08:35:37.59	5.58	16.29	
2025-01-15 08:35:37.79	5.54	16.28	
2025-01-15 08:35:38.00	5.51	16.26	
2025-01-15 08:35:38.20	5.48	16.25	
2025-01-15 08:35:38.40	5.44	16.23	
2025-01-15 08:35:38.61	5.41	16.22	
2025-01-15 08:35:38.81	5.38	16.20	
2025-01-15 08:35:39.01	5.34	16.19	
2025-01-15 08:35:39.21	5.31	16.17	
2025-01-15 08:35:39.42	5.27	16.16	
2025-01-15 08:35:39.62	5.24	16.14	
2025-01-15 08:35:39.82	5.21	16.13	
2025-01-15 08:35:40.03	5.17	16.11	
2025-01-15 08:35:40.23	5.14	16.10	
2025-01-15 08:35:40.43	5.11	16.08	
2025-01-15 08:35:40.64	5.07	16.07	
2025-01-15 08:35:40.84	5.04	16.05	
2025-01-15 08:35:41.04	5.01	16.04	
2025-01-15 08:35:41.25	4.97	16.02	
2025-01-15 08:35:41.45	4.94	16.01	
2025-01-15 08:35:41.65	4.91	15.99	
2025-01-15 08:35:41.86	4.87	15.98	
2025-01-15 08:35:42.06	4.84	15.96	
2025-01-15 08:35:42.26	4.81	15.95	
2025-01-15 08:35:42.47	4.77	15.93	
2025-01-15 08:35:42.67	4.74	15.92	
2025-01-15 08:35:42.87	4.71	15.90	
2025-01-15 08:35:43.07	4.68	15.89	
2025-01-15 08:35:43.28	4.64	15.87	
2025-01-15 08:35:43.48	4.61	15.86	
2025-01-15 08:35:43.68	4.58	15.84	
2025-01-15 08:35:43.89	4.54	15.83	
2025-01-15 08:35:44.09	4.51	15.81	
2025-01-15 08:35:44.29	4.48	15.80	
2025-01-15 08:35:44.50	4.45	15.78	
2025-01-15 08:35:44.70	4.41	15.77	
2025-01-15 08:35:44.90	4.38	15.75	
2025-01-15 08:35:45.11	4.35	15.74	
2025-01-15 08:35:45.31	4.32	15.72	
2025-01-15 08:35:45.51	4.28	15.71	
2025-01-15 08:35:45.72	4.25	15.69	
2025-01-15 08:35:45.92	4.22	15.68	
2025-01-15 08:35:46.12	4.19	15.66	
2025-01-15 08:35:46.32	4.15	15.65	
2025-01-15 08:35:46.53	4.12	15.63	
2025-01-15 08:35:46.73	4.09	15.62	
2025-01-15 08:35:46.93	4.06	15.61	
2025-01-15 08:35:47.14	4.02	15.59	
2025-01-15 08:35:47.34	3.99	15.57	
2025-01-15 08:35:47.54	3.96	15.56	
2025-01-15 08:35:47.75	3.93	15.54	
2025-01-15 08:35:47.95	3.89	15.53	
2025-01-15 08:35:48.15	3.86	15.52	
2025-01-15 08:35:48.36	3.83	15.50	
2025-01-15 08:35:48.56	3.80	15.49	
2025-01-15 08:35:48.76	3.77	15.47	
2025-01-15 08:35:48.97	3.73	15.46	
2025-01-15 08:35:49.17	3.70	15.44	
2025-01-15 08:35:49.37	3.67	15.43	
2025-01-15 08:35:49.57	3.64	15.41	
2025-01-15 08:35:49.78	3.61	15.40	
2025-01-15 08:35:49.98	3.57	15.38	
2025-01-15 08:35:50.18	3.54	15.37	
2025-01-15 08:35:50.39	3.51	15.35	
2025-01-15 08:35:50.59	3.48	15.34	
2025-01-15 08:35:50.79	3.45	15.32	
2025-01-15 08:35:51.00	3.42	15.31	
2025-01-15 08:35:51.20	3.38	15.29	
2025-01-15 08:35:51.40	3.35	15.28	
2025-01-15 08:35:51.61	3.32	15.26	
2025-01-15 08:35:51.81	3.29	15.25	
2025-01-15 08:35:52.01	3.26	15.23	
2025-01-15 08:35:52.22	3.23	15.22	
2025-01-15 08:35:52.42	3.19	15.20	
2025-01-15 08:35:52.62	3.16	15.19	
2025-01-15 08:35:52.83	3.13	15.17	
2025-01-15 08:35:53.03	3.10	15.16	
2025-01-15 08:35:53.23	3.07	15.14	
2025-01-15 08:35:53.43	3.04	15.13	
2025-01-15 08:35:53.64	3.01	15.11	
2025-01-15 08:35:53.84	2.98	15.10	
2025-01-15 08:35:54.04	2.94	15.08	
2025-01-15 08:35:54.25	2.91	15.07	
2025-01-15 08:35:54.45	2.88	15.05	
2025-01-15 08:35:54.65	2.85	15.04	
2025-01-15 08:35:54.86	2.82	15.02	
2025-01-15 08:35:55.06	2.79	15.01	
2025-01-15 08:35:55.26	2.76	14.99	
2025-01-15 08:35:55.47	2.73	14.98	
2025-01-15 08:35:55.67	2.70	14.96	
2025-01-15 08:35:55.87	2.67	14.95	
2025-01-15 08:35:56.08	2.63	14.93	
2025-01-15 08:35:56.28	2.60	14.92	
2025-01-15 08:35:56.48	2.57	14.90	
2025-01-15 08:35:56.68	2.54	14.89	
2025-01-15 08:35:56.89	2.51	14.87	
2025-01-15 08:35:57.09	2.48	14.86	
2025-01-15 08:35:57.29	2.45	14.84	
2025-01-15 08:35:57.50	2.42	14.83	
2025-01-15 08:35:57.70	2.39	14.81	
2025-01-15 08:35:57.90	2.36	14.80	
2025-01-15 08:35:58.11	2.33	14.78	
2025-01-15 08:35:58.31	2.30	14.77	
2025-01-15 08:35:58.51	2.27	14.75	
2025-01-15 08:35:58.72	2.23	14.74	
2025-01-15 08:35:58.92	2.20	14.72	
2025-01-15 08:35:59.12	2.17	14.71	
2025-01-15 08:35:59.33	2.14	14.69	
2025-01-15 08:35:59.53	2.11	14.68	
2025-01-15 08:35:59.73	2.08	14.66	
2025-01-15 08:35:59.93	2.05	14.65	
2025-01-15 08:36:00.14	2.02	14.63	
2025-01-15 08:36:00.34	1.99	14.62	
2025-01-15 08:36:00.54	1.96	14.61	
2025-01-15 08:36:00.75	1.93	14.59	
2025-01-15 08:36:00.95	1.90	14.57	
2025-01-15 08:36:01.15	1.87	14.56	
2025-01-15 08:36:01.36	1.84	14.54	
2025-01-15 08:36:01.56	1.81	14.53	
2025-01-15 08:36:01.76	1.78	14.52	
2025-01-15 08:36:01.97	1.75	14.50	
2025-01-15 08:36:02.17	1.72	14.49	
2025-01-15 08:36:02.37	1.69	14.47	
2025-01-15 08:36:02.58	1.66	14.46	
2025-01-15 08:36:02.78	1.63	14.44	
2025-01-15 08:36:02.98	1.60	14.43	
2025-01-15 08:36:03.19	1.57	14.41	
2025-01-15 08:36:03.39	1.54	14.40	
2025-01-15 08:36:03.59	1.51	14.38	
2025-01-15 08:36:03.79	1.48	14.37	
2025-01-15 08:36:04.00	1.45	14.35	
2025-01-15 08:36:04.20	1.42	14.34	
2025-01-15 08:36:04.40	1.40	14.32	
2025-01-15 08:36:04.61	1.36	14.31	
2025-01-15 08:36:04.81	1.34	14.29	
2025-01-15 08:36:05.01	1.31	14.28	
2025-01-15 08:36:05.22	1.28	14.26	
2025-01-15 08:36:05.42	1.25	14.25	
2025-01-15 08:36:05.62	1.22	14.23	
2025-01-15 08:36:05.83	1.19	14.22	
2025-01-15 08:36:06.03	1.16	14.20	
2025-01-15 08:36:06.23	1.13	14.19	
2025-01-15 08:36:06.44	1.10	14.17	
2025-01-15 08:36:06.64	1.07	14.16	
2025-01-15 08:36:06.84	1.04	14.14	
2025-01-15 08:36:07.04	1.01	14.13	
2025-01-15 08:36:07.25	0.98	14.11	
2025-01-15 08:36:07.45	0.95	14.10	
2025-01-15 08:36:07.65	0.93	14.08	
2025-01-15 08:36:07.86	0.90	14.07	
2025-01-15 08:36:08.06	0.87	14.05	
2025-01-15 08:36:08.26	0.84	14.04	
2025-01-15 08:36:08.47	0.81	14.02	
2025-01-15 08:36:08.67	0.78	14.01	
2025-01-15 08:36:08.87	0.75	14.00	
2025-01-15 08:36:09.08	0.72	13.98	
2025-01-15 08:36:09.28	0.69	13.97	
2025-01-15 08:36:09.48	0.66	13.95	
2025-01-15 08:36:09.69	0.63	13.94	
2025-01-15 08:36:09.89	0.61	13.92	
2025-01-15 08:36:10.09	0.58	13.91	
2025-01-15 08:36:10.29	0.55	13.89	
2025-01-15 08:36:10.50	0.52	13.88	
2025-01-15 08:36:10.70	0.49	13.86	
2025-01-15 08:36:10.90	0.46	13.85	
2025-01-15 08:36:11.11	0.43	13.83	
2025-01-15 08:36:11.31	0.41	13.82	
2025-01-15 08:36:11.51	0.38	13.80	
2025-01-15 08:36:11.72	0.35	13.79	
2025-01-15 08:36:11.92	0.32	13.77	
2025-01-15 08:36:12.12	0.29	13.76	
2025-01-15 08:36:12.33	0.26	13.74	
2025-01-15 08:36:12.53	0.23	13.73	
2025-01-15 08:36:12.73	0.21	13.71	
2025-01-15 08:36:12.94	0.18	13.70	
2025-01-15 08:36:13.14	0.15	13.68	
2025-01-15 08:36:13.34	0.12	13.67	
2025-01-15 08:36:13.55	0.09	13.65	
2025-01-15 08:36:13.75	0.06	13.64	
2025-01-15 08:36:13.95	0.04	13.62	
2025-01-15 08:36:14.15	0.01	13.61	
2025-01-15 08:36:14.36	359.98	13.59	
2025-01-15 08:36:14.56	359.95	13.58	
2025-01-15 08:36:14.76	359.92	13.57	
2025-01-15 08:36:14.97	359.90	13.55	
2025-01-15 08:36:15.17	359.87	13.54	
2025-01-15 08:36:15.37	359.84	13.52	
2025-01-15 08:36:15.58	359.81	13.51	
2025-01-15 08:36:15.78	359.78	13.49	
2025-01-15 08:36:15.98	359.76	13.48	
2025-01-15 08:36:16.19	359.73	13.46	
2025-01-15 08:36:16.39	359.70	13.45	
2025-01-15 08:36:16.59	359.67	13.43	
2025-01-15 08:36:16.80	359.64	13.42	
2025-01-15 08:36:17.00	359.62	13.40	
2025-01-15 08:36:17.20	359.59	13.39	
2025-01-15 08:36:17.40	359.56	13.37	
2025-01-15 08:36:17.61	359.53	13.36	
2025-01-15 08:36:17.81	359.51	13.34	
2025-01-15 08:36:18.01	359.48	13.33	
2025-01-15 08:36:18.22	359.45	13.31	
2025-01-15 08:36:18.42	359.42	13.30	
2025-01-15 08:36:18.62	359.40	13.28	
2025-01-15 08:36:18.83	359.37	13.27	
2025-01-15 08:36:19.03	359.34	13.25	
2025-01-15 08:36:19.23	359.31	13.24	
2025-01-15 08:36:19.44	359.28	13.23	
2025-01-15 08:36:19.64	359.26	13.21	
2025-01-15 08:36:19.84	359.23	13.20	
2025-01-15 08:36:20.05	359.20	13.18	
2025-01-15 08:36:20.25	359.18	13.17	
2025-01-15 08:36:20.45	359.15	13.15	
2025-01-15 08:36:20.65	359.12	13.14	
2025-01-15 08:36:20.86	359.09	13.12	
2025-01-15 08:36:21.06	359.07	13.11	
2025-01-15 08:36:21.26	359.04	13.09	
2025-01-15 08:36:21.47	359.01	13.08	
2025-01-15 08:36:21.67	358.99	13.06	
2025-01-15 08:36:21.87	358.96	13.05	
2025-01-15 08:36:22.08	358.93	13.03	
2025-01-15 08:36:22.28	358.90	13.02	
2025-01-15 08:36:22.48	358.88	13.00	
2025-01-15 08:36:22.69	358.85	12.99	
2025-01-15 08:36:22.89	358.82	12.98	
2025-01-15 08:36:23.09	358.80	12.96	
2025-01-15 08:36:23.30	358.77	12.95	
2025-01-15 08:36:23.50	358.74	12.93	
2025-01-15 08:36:23.70	358.72	12.92	
2025-01-15 08:36:23.91	358.69	12.90	
2025-01-15 08:36:24.11	358.66	12.89	
2025-01-15 08:36:24.31	358.63	12.87	
2025-01-15 08:36:24.51	358.61	12.86	
2025-01-15 08:36:24.72	358.58	12.84	
2025-01-15 08:36:24.92	358.55	12.83	
2025-01-15 08:36:25.12	358.53	12.81	
2025-01-15 08:36:25.33	358.50	12.80	
2025-01-15 08:36:25.53	358.47	12.78	
2025-01-15 08:36:25.73	358.45	12.77	
2025-01-15 08:36:25.94	358.42	12.75	
2025-01-15 08:36:26.14	358.39	12.74	
2025-01-15 08:36:26.34	358.37	12.73	
2025-01-15 08:36:26.55	358.34	12.71	
2025-01-15 08:36:26.75	358.32	12.70	
2025-01-15 08:36:26.95	358.29	12.68	
2025-01-15 08:36:27.16	358.26	12.67	
2025-01-15 08:36:27.36	358.24	12.65	
2025-01-15 08:36:27.56	358.21	12.64	
2025-01-15 08:36:27.76	358.18	12.62	
2025-01-15 08:36:27.97	358.16	12.61	
2025-01-15 08:36:28.17	358.13	12.59	
2025-01-15 08:36:28.37	358.11	12.58	
2025-01-15 08:36:28.58	358.08	12.56	
2025-01-15 08:36:28.78	358.05	12.55	
2025-01-15 08:36:28.98	358.03	12.54	
2025-01-15 08:36:29.19	358.00	12.52	
2025-01-15 08:36:29.39	357.97	12.51	
2025-01-15 08:36:29.59	357.95	12.49	
2025-01-15 08:36:29.80	357.92	12.48	
2025-01-15 08:36:30.00	357.90	12.46	
2025-01-15 08:36:30.20	357.87	12.45	
2025-01-15 08:36:30.41	357.84	12.43	
2025-01-15 08:36:30.61	357.82	12.42	
2025-01-15 08:36:30.81	357.79	12.40	
2025-01-15 08:36:31.01	357.77	12.39	
2025-01-15 08:36:31.22	357.74	12.37	
2025-01-15 08:36:31.42	357.71	12.36	
2025-01-15 08:36:31.62	357.69	12.35	
2025-01-15 08:36:31.83	357.66	12.33	
2025-01-15 08:36:32.03	357.64	12.32	
2025-01-15 08:36:32.23	357.61	12.30	
2025-01-15 08:36:32.44	357.58	12.29	
2025-01-15 08:36:32.64	357.56	12.27	
2025-01-15 08:36:32.84	357.53	12.26	
2025-01-15 08:36:33.05	357.51	12.24	
2025-01-15 08:36:33.25	357.48	12.23	
2025-01-15 08:36:33.45	357.46	12.21	
2025-01-15 08:36:33.66	357.43	12.20	
2025-01-15 08:36:33.86	357.41	12.19	
2025-01-15 08:36:34.06	357.38	12.17	
2025-01-15 08:36:34.27	357.35	12.16	
2025-01-15 08:36:34.47	357.33	12.14	
2025-01-15 08:36:34.67	357.30	12.13	
2025-01-15 08:36:34.87	357.28	12.11	
2025-01-15 08:36:35.08	357.25	12.10	
2025-01-15 08:36:35.28	357.23	12.08	
2025-01-15 08:36:35.48	357.20	12.07	
2025-01-15 08:36:35.69	357.18	12.05	
2025-01-15 08:36:35.89	357.15	12.04	
2025-01-15 08:36:36.09	357.13	12.03	
2025-01-15 08:36:36.30	357.10	12.01	
2025-01-15 08:36:36.50	357.08	12.00	
2025-01-15 08:36:36.70	357.05	11.98	
2025-01-15 08:36:36.91	357.03	11.97	
2025-01-15 08:36:37.11	357.00	11.95	
2025-01-15 08:36:37.31	356.98	11.94	
2025-01-15 08:36:37.52	356.95	11.92	
2025-01-15 08:36:37.72	356.93	11.91	
2025-01-15 08:36:37.92	356.90	11.90	
2025-01-15 08:36:38.12	356.88	11.88	
2025-01-15 08:36:38.33	356.85	11.87	
2025-01-15 08:36:38.53	356.83	11.85	
2025-01-15 08:36:38.73	356.80	11.84	
2025-01-15 08:36:38.94	356.78	11.82	
2025-01-15 08:36:39.14	356.75	11.81	
2025-01-15 08:36:39.34	356.73	11.79	
2025-01-15 08:36:39.55	356.70	11.78	
2025-01-15 08:36:39.75	356.68	11.76	
2025-01-15 08:36:39.95	356.65	11.75	
2025-01-15 08:36:40.16	356.63	11.74	
2025-01-15 08:36:40.36	356.60	11.72	
2025-01-15 08:36:40.56	356.58	11.71	
2025-01-15 08:36:40.77	356.55	11.69	
2025-01-15 08:36:40.97	356.53	11.68	
2025-01-15 08:36:41.17	356.50	11.66	
2025-01-15 08:36:41.37	356.48	11.65	
2025-01-15 08:36:41.58	356.45	11.63	
2025-01-15 08:36:41.78	356.43	11.62	
2025-01-15 08:36:41.98	356.41	11.61	
2025-01-15 08:36:42.19	356.38	11.59	
2025-01-15 08:36:42.39	356.36	11.58	
2025-01-15 08:36:42.59	356.33	11.56	
2025-01-15 08:36:42.80	356.31	11.55	
2025-01-15 08:36:43.00	356.28	11.53	
2025-01-15 08:36:43.20	356.26	11.52	
2025-01-15 08:36:43.41	356.23	11.50	
2025-01-15 08:36:43.61	356.21	11.49	
2025-01-15 08:36:43.81	356.19	11.48	
2025-01-15 08:36:44.02	356.16	11.46	
2025-01-15 08:36:44.22	356.14	11.45	
2025-01-15 08:36:44.42	356.11	11.43	
2025-01-15 08:36:44.63	356.09	11.42	
2025-01-15 08:36:44.83	356.06	11.40	
2025-01-15 08:36:45.03	356.04	11.39	
2025-01-15 08:36:45.23	356.02	11.38	
2025-01-15 08:36:45.44	355.99	11.36	
2025-01-15 08:36:45.64	355.97	11.35	
2025-01-15 08:36:45.84	355.94	11.33	
2025-01-15 08:36:46.05	355.92	11.32	
2025-01-15 08:36:46.25	355.90	11.30	
2025-01-15 08:36:46.45	355.87	11.29	
2025-01-15 08:36:46.66	355.85	11.27	
2025-01-15 08:36:46.86	355.82	11.26	
2025-01-15 08:36:47.06	355.80	11.25	
2025-01-15 08:36:47.27	355.78	11.23	
2025-01-15 08:36:47.47	355.75	11.22	
2025-01-15 08:36:47.67	355.73	11.20	
2025-01-15 08:36:47.88	355.70	11.19	
2025-01-15 08:36:48.08	355.68	11.17	
2025-01-15 08:36:48.28	355.66	11.16	
2025-01-15 08:36:48.48	355.63	11.15	
2025-01-15 08:36:48.69	355.61	11.13	
2025-01-15 08:36:48.89	355.59	11.12	
2025-01-15 08:36:49.09	355.56	11.10	
2025-01-15 08:36:49.30	355.54	11.09	
2025-01-15 08:36:49.50	355.52	11.07	
2025-01-15 08:36:49.70	355.49	11.06	
2025-01-15 08:36:49.91	355.47	11.05	
2025-01-15 08:36:50.11	355.44	11.03	
2025-01-15 08:36:50.31	355.42	11.02	
2025-01-15 08:36:50.52	355.40	11.00	
2025-01-15 08:36:50.72	355.37	10.99	
2025-01-15 08:36:50.92	355.35	10.97	
2025-01-15 08:36:51.13	355.33	10.96	
2025-01-15 08:36:51.33	355.30	10.95	
2025-01-15 08:36:51.53	355.28	10.93	
2025-01-15 08:36:51.73	355.26	10.92	
2025-01-15 08:36:51.94	355.23	10.90	
2025-01-15 08:36:52.14	355.21	10.89	
2025-01-15 08:36:52.34	355.19	10.88	
2025-01-15 08:36:52.55	355.16	10.86	
2025-01-15 08:36:52.75	355.14	10.85	
2025-01-15 08:36:52.95	355.12	10.83	
2025-01-15 08:36:53.16	355.09	10.82	
2025-01-15 08:36:53.36	355.07	10.80	
2025-01-15 08:36:53.56	355.05	10.79	
2025-01-15 08:36:53.77	355.02	10.77	
2025-01-15 08:36:53.97	355.00	10.76	
2025-01-15 08:36:54.17	354.98	10.75	
2025-01-15 08:36:54.38	354.96	10.73	
2025-01-15 08:36:54.58	354.93	10.72	
2025-01-15 08:36:54.78	354.91	10.70	
2025-01-15 08:36:54.99	354.89	10.69	
2025-01-15 08:36:55.19	354.86	10.68	
2025-01-15 08:36:55.39	354.84	10.66	
2025-01-15 08:36:55.59	354.82	10.65	
2025-01-15 08:36:55.80	354.79	10.63	
2025-01-15 08:36:56.00	354.77	10.62	
2025-01-15 08:36:56.20	354.75	10.61	
2025-01-15 08:36:56.41	354.73	10.59	
2025-01-15 08:36:56.61	354.70	10.58	
2025-01-15 08:36:56.81	354.68	10.56	
2025-01-15 08:36:57.02	354.66	10.55	
2025-01-15 08:36:57.22	354.64	10.53	
2025-01-15 08:36:57.42	354.61	10.52	
2025-01-15 08:36:57.63	354.59	10.51	
2025-01-15 08:36:57.83	354.57	10.49	
2025-01-15 08:36:58.03	354.54	10.48	
2025-01-15 08:36:58.24	354.52	10.46	
2025-01-15 08:36:58.44	354.50	10.45	
2025-01-15 08:36:58.64	354.48	10.44	
2025-01-15 08:36:58.84	354.45	10.42	
2025-01-15 08:36:59.05	354.43	10.41	
2025-01-15 08:36:59.25	354.41	10.39	
2025-01-15 08:36:59.45	354.39	10.38	
2025-01-15 08:36:59.66	354.36	10.36	
2025-01-15 08:36:59.86	354.34	10.35	
2025-01-15 08:37:00.06	354.32	10.34	
2025-01-15 08:37:00.27	354.30	10.32	
2025-01-15 08:37:00.47	354.27	10.31	
2025-01-15 08:37:00.67	354.25	10.29	
2025-01-15 08:37:00.88	354.23	10.28	
2025-01-15 08:37:01.08	354.21	10.27	
2025-01-15 08:37:01.28	354.19	10.25	
2025-01-15 08:37:01.49	354.16	10.24	
2025-01-15 08:37:01.69	354.14	10.22	
2025-01-15 08:37:01.89	354.12	10.21	
2025-01-15 08:37:02.09	354.10	10.20	
2025-01-15 08:37:02.30	354.07	10.18	
2025-01-15 08:37:02.50	354.05	10.17	
2025-01-15 08:37:02.70	354.03	10.15	
2025-01-15 08:37:02.91	354.01	10.14	
2025-01-15 08:37:03.11	353.99	10.12	
2025-01-15 08:37:03.31	353.96	10.11	
2025-01-15 08:37:03.52	353.94	10.10	
2025-01-15 08:37:03.72	353.92	10.08	
2025-01-15 08:37:03.92	353.90	10.07	
2025-01-15 08:37:04.13	353.88	10.05	
2025-01-15 08:37:04.33	353.85	10.04	
2025-01-15 08:37:04.53	353.83	10.03	
2025-01-15 08:37:04.74	353.81	10.01	
2025-01-15 08:37:04.94	353.79	10.00	
2025-01-15 08:37:05.14	353.77	9.98	
2025-01-15 08:37:05.35	353.74	9.97	
2025-01-15 08:37:05.55	353.72	9.96	
2025-01-15 08:37:05.75	353.70	9.94	
2025-01-15 08:37:05.95	353.68	9.93	
2025-01-15 08:37:06.16	353.66	9.91	
2025-01-15 08:37:06.36	353.64	9.90	
2025-01-15 08:37:06.56	353.61	9.89	
2025-01-15 08:37:06.77	353.59	9.87	
2025-01-15 08:37:06.97	353.57	9.86	
2025-01-15 08:37:07.17	353.55	9.84	
2025-01-15 08:37:07.38	353.53	9.83	
2025-01-15 08:37:07.58	353.51	9.82	
2025-01-15 08:37:07.78	353.48	9.80	
2025-01-15 08:37:07.99	353.46	9.79	
2025-01-15 08:37:08.19	353.44	9.77	
2025-01-15 08:37:08.39	353.42	9.76	
2025-01-15 08:37:08.60	353.40	9.75	
2025-01-15 08:37:08.80	353.38	9.73	
2025-01-15 08:37:09.00	353.35	9.72	
2025-01-15 08:37:09.20	353.33	9.71	
2025-01-15 08:37:09.41	353.31	9.69	
2025-01-15 08:37:09.61	353.29	9.68	
2025-01-15 08:37:09.81	353.27	9.66	
2025-01-15 08:37:10.02	353.25	9.65	
2025-01-15 08:37:10.22	353.23	9.64	
2025-01-15 08:37:10.42	353.21	9.62	
2025-01-15 08:37:10.63	353.18	9.61	
2025-01-15 08:37:10.83	353.16	9.59	
2025-01-15 08:37:11.03	353.14	9.58	
2025-01-15 08:37:11.24	353.12	9.57	
2025-01-15 08:37:11.44	353.10	9.55	
2025-01-15 08:37:11.64	353.08	9.54	
2025-01-15 08:37:11.85	353.06	9.52	
2025-01-15 08:37:12.05	353.03	9.51	
2025-01-15 08:37:12.25	353.01	9.50	
2025-01-15 08:37:12.45	352.99	9.48	
2025-01-15 08:37:12.66	352.97	9.47	
2025-01-15 08:37:12.86	352.95	9.45	
2025-01-15 08:37:13.06	352.93	9.44	
2025-01-15 08:37:13.27	352.91	9.43	
2025-01-15 08:37:13.47	352.89	9.41	
2025-01-15 08:37:13.67	352.87	9.40	
2025-01-15 08:37:13.88	352.85	9.39	
2025-01-15 08:37:14.08	352.82	9.37	
2025-01-15 08:37:14.28	352.80	9.36	
2025-01-15 08:37:14.49	352.78	9.34	
2025-01-15 08:37:14.69	352.76	9.33	
2025-01-15 08:37:14.89	352.74	9.32	
2025-01-15 08:37:15.10	352.72	9.30	
2025-01-15 08:37:15.30	352.70	9.29	
2025-01-15 08:37:15.50	352.68	9.28	
2025-01-15 08:37:15.71	352.66	9.26	
2025-01-15 08:37:15.91	352.64	9.25	
2025-01-15 08:37:16.11	352.62	9.23	
2025-01-15 08:37:16.31	352.60	9.22	
2025-01-15 08:37:16.52	352.57	9.21	
2025-01-15 08:37:16.72	352.55	9.19	
2025-01-15 08:37:16.92	352.53	9.18	
2025-01-15 08:37:17.13	352.51	9.16	
2025-01-15 08:37:17.33	352.49	9.15	
2025-01-15 08:37:17.53	352.47	9.14	
2025-01-15 08:37:17.74	352.45	9.12	
2025-01-15 08:37:17.94	352.43	9.11	
2025-01-15 08:37:18.14	352.41	9.10	
2025-01-15 08:37:18.35	352.39	9.08	
2025-01-15 08:37:18.55	352.37	9.07	
2025-01-15 08:37:18.75	352.35	9.05	
2025-01-15 08:37:18.96	352.33	9.04	
2025-01-15 08:37:19.16	352.31	9.03	
2025-01-15 08:37:19.36	352.29	9.01	
2025-01-15 08:37:19.56	352.27	9.00	
2025-01-15 08:37:19.77	352.25	8.99	
2025-01-15 08:37:19.97	352.23	8.97	
2025-01-15 08:37:20.17	352.21	8.96	
2025-01-15 08:37:20.38	352.19	8.94	
2025-01-15 08:37:20.58	352.17	8.93	
2025-01-15 08:37:20.78	352.15	8.92	
2025-01-15 08:37:20.99	352.12	8.90	
2025-01-15 08:37:21.19	352.10	8.89	
2025-01-15 08:37:21.39	352.08	8.88	
2025-01-15 08:37:21.60	352.06	8.86	
2025-01-15 08:37:21.80	352.04	8.85	
2025-01-15 08:37:22.00	352.02	8.84	
2025-01-15 08:37:22.21	352.00	8.82	
2025-01-15 08:37:22.41	351.98	8.81	
2025-01-15 08:37:22.61	351.96	8.79	
2025-01-15 08:37:22.81	351.94	8.78	
2025-01-15 08:37:23.02	351.92	8.77	
2025-01-15 08:37:23.22	351.90	8.75	
2025-01-15 08:37:23.42	351.88	8.74	
2025-01-15 08:37:23.63	351.86	8.73	
2025-01-15 08:37:23.83	351.84	8.71	
2025-01-15 08:37:24.03	351.82	8.70	
2025-01-15 08:37:24.24	351.80	8.68	
2025-01-15 08:37:24.44	351.78	8.67	
2025-01-15 08:37:24.64	351.76	8.66	
2025-01-15 08:37:24.85	351.74	8.64	
2025-01-15 08:37:25.05	351.72	8.63	
2025-01-15 08:37:25.25	351.70	8.62	
2025-01-15 08:37:25.46	351.68	8.60	
2025-01-15 08:37:25.66	351.66	8.59	
2025-01-15 08:37:25.86	351.64	8.58	
2025-01-15 08:37:26.06	351.63	8.56	
2025-01-15 08:37:26.27	351.60	8.55	
2025-01-15 08:37:26.47	351.59	8.53	
2025-01-15 08:37:26.67	351.57	8.52	
2025-01-15 08:37:26.88	351.55	8.51	
2025-01-15 08:37:27.08	351.53	8.49	
2025-01-15 08:37:27.28	351.51	8.48	
2025-01-15 08:37:27.49	351.49	8.47	
2025-01-15 08:37:27.69	351.47	8.45	
2025-01-15 08:37:27.89	351.45	8.44	
2025-01-15 08:37:28.10	351.43	8.43	
2025-01-15 08:37:28.30	351.41	8.41	
2025-01-15 08:37:28.50	351.39	8.40	
2025-01-15 08:37:28.71	351.37	8.39	
2025-01-15 08:37:28.91	351.35	8.37	
2025-01-15 08:37:29.11	351.33	8.36	
2025-01-15 08:37:29.32	351.31	8.34	
2025-01-15 08:37:29.52	351.29	8.33	
2025-01-15 08:37:29.72	351.27	8.32	
2025-01-15 08:37:29.92	351.25	8.30	
2025-01-15 08:37:30.13	351.23	8.29	
2025-01-15 08:37:30.33	351.21	8.28	
2025-01-15 08:37:30.53	351.19	8.26	
2025-01-15 08:37:30.74	351.17	8.25	
2025-01-15 08:37:30.94	351.16	8.24	
2025-01-15 08:37:31.14	351.14	8.22	
2025-01-15 08:37:31.35	351.12	8.21	
2025-01-15 08:37:31.55	351.10	8.20	
2025-01-15 08:37:31.75	351.08	8.18	
2025-01-15 08:37:31.96	351.06	8.17	
2025-01-15 08:37:32.16	351.04	8.16	
2025-01-15 08:37:32.36	351.02	8.14	
2025-01-15 08:37:32.57	351.00	8.13	
2025-01-15 08:37:32.77	350.98	8.12	
2025-01-15 08:37:32.97	350.96	8.10	
2025-01-15 08:37:33.17	350.95	8.09	
2025-01-15 08:37:33.38	350.93	8.07	
2025-01-15 08:37:33.58	350.91	8.06	
2025-01-15 08:37:33.78	350.89	8.05	
2025-01-15 08:37:33.99	350.87	8.03	
2025-01-15 08:37:34.19	350.85	8.02	
2025-01-15 08:37:34.39	350.83	8.01	
2025-01-15 08:37:34.60	350.81	7.99	
2025-01-15 08:37:34.80	350.79	7.98	
2025-01-15 08:37:35.00	350.77	7.97	
2025-01-15 08:37:35.21	350.75	7.95	
2025-01-15 08:37:35.41	350.74	7.94	
2025-01-15 08:37:35.61	350.72	7.93	
2025-01-15 08:37:35.82	350.70	7.91	
2025-01-15 08:37:36.02	350.68	7.90	
2025-01-15 08:37:36.22	350.66	7.89	
2025-01-15 08:37:36.42	350.64	7.87	
2025-01-15 08:37:36.63	350.62	7.86	
2025-01-15 08:37:36.83	350.60	7.85	
2025-01-15 08:37:37.03	350.59	7.83	
2025-01-15 08:37:37.24	350.57	7.82	
2025-01-15 08:37:37.44	350.55	7.81	
2025-01-15 08:37:37.64	350.53	7.79	
2025-01-15 08:37:37.85	350.51	7.78	
2025-01-15 08:37:38.05	350.49	7.77	
2025-01-15 08:37:38.25	350.47	7.75	
2025-01-15 08:37:38.46	350.45	7.74	
2025-01-15 08:37:38.66	350.44	7.73	
2025-01-15 08:37:38.86	350.42	7.71	
2025-01-15 08:37:39.07	350.40	7.70	
2025-01-15 08:37:39.27	350.38	7.69	
2025-01-15 08:37:39.47	350.36	7.67	
2025-01-15 08:37:39.68	350.34	7.66	
2025-01-15 08:37:39.88	350.32	7.65	
2025-01-15 08:37:40.08	350.31	7.63	
2025-01-15 08:37:40.28	350.29	7.62	
2025-01-15 08:37:40.49	350.27	7.61	
2025-01-15 08:37:40.69	350.25	7.59	
2025-01-15 08:37:40.89	350.23	7.58	
2025-01-15 08:37:41.10	350.21	7.57	
2025-01-15 08:37:41.30	350.19	7.55	
2025-01-15 08:37:41.50	350.18	7.54	
2025-01-15 08:37:41.71	350.16	7.53	
2025-01-15 08:37:41.91	350.14	7.51	
2025-01-15 08:37:42.11	350.12	7.50	
2025-01-15 08:37:42.32	350.10	7.49	
2025-01-15 08:37:42.52	350.08	7.47	
2025-01-15 08:37:42.72	350.07	7.46	
2025-01-15 08:37:42.93	350.05	7.45	
2025-01-15 08:37:43.13	350.03	7.43	
2025-01-15 08:37:43.33	350.01	7.42	
2025-01-15 08:37:43.53	349.99	7.41	
2025-01-15 08:37:43.74	349.98	7.39	
2025-01-15 08:37:43.94	349.96	7.38	
2025-01-15 08:37:44.14	349.94	7.37	
2025-01-15 08:37:44.35	349.92	7.35	
2025-01-15 08:37:44.55	349.90	7.34	
2025-01-15 08:37:44.75	349.89	7.33	
2025-01-15 08:37:44.96	349.87	7.31	
2025-01-15 08:37:45.16	349.85	7.30	
2025-01-15 08:37:45.36	349.83	7.29	
2025-01-15 08:37:45.57	349.81	7.27	
2025-01-15 08:37:45.77	349.79	7.26	
2025-01-15 08:37:45.97	349.78	7.25	
2025-01-15 08:37:46.18	349.76	7.23	
2025-01-15 08:37:46.38	349.74	7.22	
2025-01-15 08:37:46.58	349.72	7.21	
2025-01-15 08:37:46.78	349.71	7.20	
2025-01-15 08:37:46.99	349.69	7.18	
2025-01-15 08:37:47.19	349.67	7.17	
2025-01-15 08:37:47.39	349.65	7.16	
2025-01-15 08:37:47.60	349.63	7.14	
2025-01-15 08:37:47.80	349.62	7.13	
2025-01-15 08:37:48.00	349.60	7.12	
2025-01-15 08:37:48.21	349.58	7.10	
2025-01-15 08:37:48.41	349.56	7.09	
2025-01-15 08:37:48.61	349.54	7.08	
2025-01-15 08:37:48.82	349.53	7.06	
2025-01-15 08:37:49.02	349.51	7.05	
2025-01-15 08:37:49.22	349.49	7.04	
2025-01-15 08:37:49.43	349.47	7.02	
2025-01-15 08:37:49.63	349.46	7.01	
2025-01-15 08:37:49.83	349.44	7.00	
2025-01-15 08:37:50.04	349.42	6.98	
2025-01-15 08:37:50.24	349.40	6.97	
2025-01-15 08:37:50.44	349.38	6.96	
2025-01-15 08:37:50.64	349.37	6.95	
2025-01-15 08:37:50.85	349.35	6.93	
2025-01-15 08:37:51.05	349.33	6.92	
2025-01-15 08:37:51.25	349.31	6.91	
2025-01-15 08:37:51.46	349.30	6.89	
2025-01-15 08:37:51.66	349.28	6.88	
2025-01-15 08:37:51.86	349.26	6.87	
2025-01-15 08:37:52.07	349.24	6.85	
2025-01-15 08:37:52.27	349.23	6.84	
2025-01-15 08:37:52.47	349.21	6.83	
2025-01-15 08:37:52.68	349.19	6.81	
2025-01-15 08:37:52.88	349.17	6.80	
2025-01-15 08:37:53.08	349.16	6.79	
2025-01-15 08:37:53.29	349.14	6.77	
2025-01-15 08:37:53.49	349.12	6.76	
2025-01-15 08:37:53.69	349.11	6.75	
2025-01-15 08:37:53.89	349.09	6.74	
2025-01-15 08:37:54.10	349.07	6.72	
2025-01-15 08:37:54.30	349.05	6.71	
2025-01-15 08:37:54.50	349.04	6.70	
2025-01-15 08:37:54.71	349.02	6.68	
2025-01-15 08:37:54.91	349.00	6.67	
2025-01-15 08:37:55.11	348.98	6.66	
2025-01-15 08:37:55.32	348.97	6.64	
2025-01-15 08:37:55.52	348.95	6.63	
2025-01-15 08:37:55.72	348.93	6.62	
2025-01-15 08:37:55.93	348.91	6.61	
2025-01-15 08:37:56.13	348.90	6.59	
2025-01-15 08:37:56.33	348.88	6.58	
2025-01-15 08:37:56.54	348.86	6.57	
2025-01-15 08:37:56.74	348.85	6.55	
2025-01-15 08:37:56.94	348.83	6.54	
2025-01-15 08:37:57.14	348.81	6.53	
2025-01-15 08:37:57.35	348.79	6.51	
2025-01-15 08:37:57.55	348.78	6.50	
2025-01-15 08:37:57.75	348.76	6.49	
2025-01-15 08:37:57.96	348.74	6.48	
2025-01-15 08:37:58.16	348.73	6.46	
2025-01-15 08:37:58.36	348.71	6.45	
2025-01-15 08:37:58.57	348.69	6.44	
2025-01-15 08:37:58.77	348.68	6.42	
2025-01-15 08:37:58.97	348.66	6.41	
2025-01-15 08:37:59.18	348.64	6.40	
2025-01-15 08:37:59.38	348.63	6.39	
2025-01-15 08:37:59.58	348.61	6.37	
2025-01-15 08:37:59.79	348.59	6.36	
2025-01-15 08:37:59.99	348.57	6.35	
2025-01-15 08:38:00.19	348.56	6.33	
2025-01-15 08:38:00.40	348.54	6.32	
2025-01-15 08:38:00.60	348.52	6.31	
2025-01-15 08:38:00.80	348.51	6.29	
2025-01-15 08:38:01.00	348.49	6.28	
2025-01-15 08:38:01.21	348.47	6.27	
2025-01-15 08:38:01.41	348.46	6.26	
2025-01-15 08:38:01.61	348.44	6.24	
2025-01-15 08:38:01.82	348.42	6.23	
2025-01-15 08:38:02.02	348.41	6.22	
2025-01-15 08:38:02.22	348.39	6.20	
2025-01-15 08:38:02.43	348.37	6.19	
2025-01-15 08:38:02.63	348.36	6.18	
2025-01-15 08:38:02.83	348.34	6.17	
2025-01-15 08:38:03.04	348.32	6.15	
2025-01-15 08:38:03.24	348.31	6.14	
2025-01-15 08:38:03.44	348.29	6.13	
2025-01-15 08:38:03.65	348.27	6.11	
2025-01-15 08:38:03.85	348.26	6.10	
2025-01-15 08:38:04.05	348.24	6.09	
2025-01-15 08:38:04.25	348.22	6.08	
2025-01-15 08:38:04.46	348.21	6.06	
2025-01-15 08:38:04.66	348.19	6.05	
2025-01-15 08:38:04.86	348.17	6.04	
2025-01-15 08:38:05.07	348.16	6.02	
2025-01-15 08:38:05.27	348.14	6.01	
2025-01-15 08:38:05.47	348.13	6.00	
2025-01-15 08:38:05.68	348.11	5.99	
2025-01-15 08:38:05.88	348.09	5.97	
2025-01-15 08:38:06.08	348.08	5.96	
2025-01-15 08:38:06.29	348.06	5.95	
2025-01-15 08:38:06.49	348.04	5.93	
2025-01-15 08:38:06.69	348.03	5.92	
2025-01-15 08:38:06.90	348.01	5.91	
2025-01-15 08:38:07.10	347.99	5.90	
2025-01-15 08:38:07.30	347.98	5.88	
2025-01-15 08:38:07.50	347.96	5.87	
2025-01-15 08:38:07.71	347.94	5.86	
2025-01-15 08:38:07.91	347.93	5.85	
2025-01-15 08:38:08.11	347.91	5.83	
2025-01-15 08:38:08.32	347.90	5.82	
2025-01-15 08:38:08.52	347.88	5.81	
2025-01-15 08:38:08.72	347.86	5.79	
2025-01-15 08:38:08.93	347.85	5.78	
2025-01-15 08:38:09.13	347.83	5.77	
2025-01-15 08:38:09.33	347.82	5.76	
2025-01-15 08:38:09.54	347.80	5.74	
2025-01-15 08:38:09.74	347.78	5.73	
2025-01-15 08:38:09.94	347.77	5.72	
2025-01-15 08:38:10.15	347.75	5.70	
2025-01-15 08:38:10.35	347.73	5.69	
2025-01-15 08:38:10.55	347.72	5.68	
2025-01-15 08:38:10.76	347.70	5.67	
2025-01-15 08:38:10.96	347.69	5.65	
2025-01-15 08:38:11.16	347.67	5.64	
2025-01-15 08:38:11.36	347.65	5.63	
2025-01-15 08:38:11.57	347.64	5.62	
2025-01-15 08:38:11.77	347.62	5.60	
2025-01-15 08:38:11.97	347.61	5.59	
2025-01-15 08:38:12.18	347.59	5.58	
2025-01-15 08:38:12.38	347.57	5.57	
2025-01-15 08:38:12.58	347.56	5.55	
2025-01-15 08:38:12.79	347.54	5.54	
2025-01-15 08:38:12.99	347.53	5.53	
2025-01-15 08:38:13.19	347.51	5.51	
2025-01-15 08:38:13.40	347.49	5.50	
2025-01-15 08:38:13.60	347.48	5.49	
2025-01-15 08:38:13.80	347.46	5.48	
2025-01-15 08:38:14.01	347.45	5.46	
2025-01-15 08:38:14.21	347.43	5.45	
2025-01-15 08:38:14.41	347.42	5.44	
2025-01-15 08:38:14.61	347.40	5.43	
2025-01-15 08:38:14.82	347.38	5.41	
2025-01-15 08:38:15.02	347.37	5.40	
2025-01-15 08:38:15.22	347.35	5.39	
2025-01-15 08:38:15.43	347.34	5.38	
2025-01-15 08:38:15.63	347.32	5.36	
2025-01-15 08:38:15.83	347.31	5.35	
2025-01-15 08:38:16.04	347.29	5.34	
2025-01-15 08:38:16.24	347.27	5.33	
2025-01-15 08:38:16.44	347.26	5.31	
2025-01-15 08:38:16.65	347.24	5.30	
2025-01-15 08:38:16.85	347.23	5.29	
2025-01-15 08:38:17.05	347.21	5.27	
2025-01-15 08:38:17.26	347.20	5.26	
2025-01-15 08:38:17.46	347.18	5.25	
2025-01-15 08:38:17.66	347.16	5.24	
2025-01-15 08:38:17.86	347.15	5.22	
2025-01-15 08:38:18.07	347.13	5.21	
2025-01-15 08:38:18.27	347.12	5.20	
2025-01-15 08:38:18.47	347.10	5.19	
2025-01-15 08:38:18.68	347.09	5.17	
2025-01-15 08:38:18.88	347.07	5.16	
2025-01-15 08:38:19.08	347.06	5.15	
2025-01-15 08:38:19.29	347.04	5.14	
2025-01-15 08:38:19.49	347.02	5.12	
2025-01-15 08:38:19.69	347.01	5.11	
2025-01-15 08:38:19.90	346.99	5.10	
2025-01-15 08:38:20.10	346.98	5.09	
2025-01-15 08:38:20.30	346.96	5.07	
2025-01-15 08:38:20.51	346.95	5.06	
2025-01-15 08:38:20.71	346.93	5.05	
2025-01-15 08:38:20.91	346.92	5.04	
2025-01-15 08:38:21.12	346.90	5.02	
2025-01-15 08:38:21.32	346.89	5.01	
2025-01-15 08:38:21.52	346.87	5.00	
2025-01-15 08:38:21.72	346.86	4.99	
2025-01-15 08:38:21.93	346.84	4.97	
2025-01-15 08:38:22.13	346.83	4.96	
2025-01-15 08:38:22.33	346.81	4.95	
2025-01-15 08:38:22.54	346.79	4.94	
2025-01-15 08:38:22.74	346.78	4.92	
2025-01-15 08:38:22.94	346.76	4.91	
2025-01-15 08:38:23.15	346.75	4.90	
2025-01-15 08:38:23.35	346.73	4.89	
2025-01-15 08:38:23.55	346.72	4.87	
2025-01-15 08:38:23.76	346.70	4.86	
2025-01-15 08:38:23.96	346.69	4.85	
2025-01-15 08:38:24.16	346.67	4.84	
2025-01-15 08:38:24.37	346.66	4.82	
2025-01-15 08:38:24.57	346.64	4.81	
2025-01-15 08:38:24.77	346.63	4.80	
2025-01-15 08:38:24.97	346.61	4.79	
2025-01-15 08:38:25.18	346.60	4.77	
2025-01-15 08:38:25.38	346.58	4.76	
2025-01-15 08:38:25.58	346.57	4.75	
2025-01-15 08:38:25.79	346.55	4.74	
2025-01-15 08:38:25.99	346.54	4.72	
2025-01-15 08:38:26.19	346.52	4.71	
2025-01-15 08:38:26.40	346.51	4.70	
2025-01-15 08:38:26.60	346.49	4.69	
2025-01-15 08:38:26.80	346.48	4.67	
2025-01-15 08:38:27.01	346.46	4.66	
2025-01-15 08:38:27.21	346.45	4.65	
2025-01-15 08:38:27.41	346.43	4.64	
2025-01-15 08:38:27.62	346.42	4.62	
2025-01-15 08:38:27.82	346.40	4.61	
2025-01-15 08:38:28.02	346.39	4.60	
2025-01-15 08:38:28.22	346.37	4.59	
2025-01-15 08:38:28.43	346.36	4.58	
2025-01-15 08:38:28.63	346.34	4.56	
2025-01-15 08:38:28.83	346.33	4.55	
2025-01-15 08:38:29.04	346.31	4.54	
2025-01-15 08:38:29.24	346.30	4.53	
2025-01-15 08:38:29.44	346.28	4.51	
2025-01-15 08:38:29.65	346.27	4.50	
2025-01-15 08:38:29.85	346.26	4.49	
2025-01-15 08:38:30.05	346.24	4.48	
2025-01-15 08:38:30.26	346.23	4.46	
2025-01-15 08:38:30.46	346.21	4.45	
2025-01-15 08:38:30.66	346.20	4.44	
2025-01-15 08:38:30.87	346.18	4.43	
2025-01-15 08:38:31.07	346.17	4.41	
2025-01-15 08:38:31.27	346.15	4.40	
2025-01-15 08:38:31.48	346.14	4.39	
2025-01-15 08:38:31.68	346.12	4.38	
2025-01-15 08:38:31.88	346.11	4.37	
2025-01-15 08:38:32.08	346.09	4.35	
2025-01-15 08:38:32.29	346.08	4.34	
2025-01-15 08:38:32.49	346.06	4.33	
2025-01-15 08:38:32.69	346.05	4.32	
2025-01-15 08:38:32.90	346.03	4.30	
2025-01-15 08:38:33.10	346.02	4.29	
2025-01-15 08:38:33.30	346.01	4.28	
2025-01-15 08:38:33.51	345.99	4.27	
2025-01-15 08:38:33.71	345.98	4.26	
2025-01-15 08:38:33.91	345.96	4.24	
2025-01-15 08:38:34.12	345.95	4.23	
2025-01-15 08:38:34.32	345.93	4.22	
2025-01-15 08:38:34.52	345.92	4.21	
2025-01-15 08:38:34.73	345.90	4.19	
2025-01-15 08:38:34.93	345.89	4.18	
2025-01-15 08:38:35.13	345.88	4.17	
2025-01-15 08:38:35.33	345.86	4.16	
2025-01-15 08:38:35.54	345.85	4.14	
2025-01-15 08:38:35.74	345.83	4.13	
2025-01-15 08:38:35.94	345.82	4.12	
2025-01-15 08:38:36.15	345.80	4.11	
2025-01-15 08:38:36.35	345.79	4.10	
2025-01-15 08:38:36.55	345.78	4.08	
2025-01-15 08:38:36.76	345.76	4.07	
2025-01-15 08:38:36.96	345.75	4.06	
2025-01-15 08:38:37.16	345.73	4.05	
2025-01-15 08:38:37.37	345.72	4.03	
2025-01-15 08:38:37.57	345.70	4.02	
2025-01-15 08:38:37.77	345.69	4.01	

#Closed at: 2025-01-15 08:38:37